<?xml version="1.0" ?>
<ForceField>
   <Operators>
      <SMARTSVSiteOperator>
         <VirtualSite smirks="[#17,#35:1]-[#6X3;a:2]" vtype="2fd" weight1="0.1600" type="EP" class="EP"/>
         <VirtualSite smirks="[#53:1]-[#6X3;a:2]" vtype="2fd" weight1="0.1800" type="EP" class="EP"/>
         <VirtualSite smirks="[#7X2;a:1](:[*;a:2]):[*;a:3]" vtype="3fd" weight1="0.0400" type="EP" class="EP"/>
      </SMARTSVSiteOperator>
      <AM1ChargeOperator>
         <SQM path="sqm"/>
      </AM1ChargeOperator>
      <GAFFTypeOperator>
         <Antechamber path="antechamber"/>
      </GAFFTypeOperator>
   </Operators>
   <AtomTypes>
      <Type smirks="[$([#1]-[#6X4]):1]" name="gaff2-hc" class="gaff2-hc" element="H"/>
      <Type smirks="[$([#1]-[#6X4]-[!#1;!#6]):1]" name="gaff2-h1" class="gaff2-h1" element="H"/>
      <Type smirks="[$([#1]-[#6X4](-[!#1;!#6])-[!#1;!#6]):1]" name="gaff2-h2" class="gaff2-h2" element="H"/>
      <Type smirks="[$([#1]-[#6X4](-[!#1;!#6])(-[!#1;!#6])-[!#1;!#6]):1]" name="gaff2-h3" class="gaff2-h3" element="H"/>
      <Type smirks="[$([#1]-[#6X3,#6X2]):1]" name="gaff2-ha" class="gaff2-ha" element="H"/>
      <Type smirks="[$([#1]-[#6X3]~[!#1;!#6]):1]" name="gaff2-h4" class="gaff2-h4" element="H"/>
      <Type smirks="[$([#1]-[#6X3](~[!#1;!#6])~[!#1;!#6]):1]" name="gaff2-h5" class="gaff2-h5" element="H"/>
      <Type smirks="[$([#1]-[#6X4]~[*+]):1]" name="gaff2-hx" class="gaff2-hx" element="H"/>
      <Type smirks="[$([#1]-[#7]):1]" name="gaff2-hn" class="gaff2-hn" element="H"/>
      <Type smirks="[$([#1]-[#8]):1]" name="gaff2-ho" class="gaff2-ho" element="H"/>
      <Type smirks="[$([#1]-[#8]-[#1]):1]" name="tip3p-hw" class="tip3p-hw" element="H"/>
      <Type smirks="[$([#1]-[#15]):1]" name="gaff2-hp" class="gaff2-hp" element="H"/>
      <Type smirks="[$([#1]-[#16]):1]" name="gaff2-hs" class="gaff2-hs" element="H"/>
      <Type smirks="[#6X2:1]" name="gaff2-c1,cg,ch" class="gaff2-c1,cg,ch" element="C"/>
      <Type smirks="[#6X3:1]" name="gaff2-c,cs,c2,ca,cp,cq,cc,cd,ce,cf,cu,cv,cz" class="gaff2-c,cs,c2,ca,cp,cq,cc,cd,ce,cf,cu,cv,cz" element="C"/>
      <Type smirks="[#6X4:1]" name="gaff2-c3,cx,cy" class="gaff2-c3,cx,cy" element="C"/>
      <Type smirks="[#7X1:1]" name="gaff2-n1" class="gaff2-n1" element="N"/>
      <Type smirks="[#7X2,$([#7X3]~[#0]):1]" name="gaff2-n2,nb,nc,nd,ne,nf" class="gaff2-n2,nb,nc,nd,ne,nf" element="N"/>
      <Type smirks="[$([#7X2](=[*])=[*]):1]" name="gaff2-n1" class="gaff2-n1" element="N"/>
      <Type smirks="[$([#7X3](~[!#0])(~[!#0])(~[!#0])):1]" name="gaff2-n3,no" class="gaff2-n3,no" element="N"/>
      <Type smirks="[$([#7X3H1](~[!#0])(~[!#0])(~[!#0])):1]" name="gaff2-n7" class="gaff2-n7" element="N"/>
      <Type smirks="[$([#7X3H2](~[!#0])(~[!#0])(~[!#0])):1]" name="gaff2-n8" class="gaff2-n8" element="N"/>
      <Type smirks="[$([#7X3]-[#6X3]):1]" name="gaff2-nh" class="gaff2-nh" element="N"/>
      <Type smirks="[$([#7X3H1]-[#6X3]):1]" name="gaff2-nu" class="gaff2-nu" element="N"/>
      <Type smirks="[$([#7X3H2]-[#6X3]):1]" name="gaff2-nv" class="gaff2-nv" element="N"/>
      <Type smirks="[$([#7X3+1]=[#6X3]):1]" name="gaff2-nh" class="gaff2-nh" element="N"/>
      <Type smirks="[$([#7X3H1+1]=[#6X3]):1]" name="gaff2-nu" class="gaff2-nu" element="N"/>
      <Type smirks="[$([#7X3H2+1]=[#6X3]):1]" name="gaff2-nv" class="gaff2-nv" element="N"/>
      <Type smirks="[$([#7X3;a](~[!#0])(~[!#0])(~[!#0])):1]" name="gaff2-na" class="gaff2-na" element="N"/>
      <Type smirks="[#7X4:1]" name="gaff2-n4" class="gaff2-n4" element="N"/>
      <Type smirks="[#7X4H1:1]" name="gaff2-nx" class="gaff2-nx" element="N"/>
      <Type smirks="[#7X4H2:1]" name="gaff2-ny" class="gaff2-ny" element="N"/>
      <Type smirks="[#7X4H3:1]" name="gaff2-nz" class="gaff2-nz" element="N"/>
      <Type smirks="[$([#7X3]-[#6X3]=[#8,#16]):1]" name="gaff2-n" class="gaff2-n" element="N"/>
      <Type smirks="[$([#7X3H1]-[#6X3]=[#8,#16]):1]" name="gaff2-ns" class="gaff2-ns" element="N"/>
      <Type smirks="[$([#7X3H2]-[#6X3]=[#8,#16]):1]" name="gaff2-nt" class="gaff2-nt" element="N"/>
      <Type smirks="[#7H4+1:1]" name="gaff2-n+" class="gaff2-n+" element="N"/>
      <Type smirks="[#7H3+0:1]" name="gaff2-n9" class="gaff2-n9" element="N"/>
      <Type smirks="[#8:1]" name="gaff2-os" class="gaff2-os" element="O"/>
      <Type smirks="[#8X1:1]" name="gaff2-o" class="gaff2-o" element="O"/>
      <Type smirks="[#8H1:1]" name="gaff2-oh" class="gaff2-oh" element="O"/>
      <Type smirks="[#8H2:1]" name="tip3p-ow" class="tip3p-ow" element="O"/>
      <Type smirks="[#9:1]" name="gaff2-f" class="gaff2-f" element="F"/>
      <Type smirks="[#15:1]" name="gaff2-p*" class="gaff2-p*" element="P"/>
      <Type smirks="[#16:1]" name="gaff2-s*" class="gaff2-s*" element="S"/>
      <Type smirks="[#17:1]" name="gaff2-cl" class="gaff2-cl" element="Cl"/>
      <Type smirks="[#35:1]" name="gaff2-br" class="gaff2-br" element="Br"/>
      <Type smirks="[#53:1]" name="gaff2-i" class="gaff2-i" element="I"/>
      <Type smirks="[#0:1]" name="EP" class="EP" element="EP"/>
      <Type class="C" element="C" mass="12.01" name="protein-C"/>
      <Type class="CA" element="C" mass="12.01" name="protein-CA"/>
      <Type class="CB" element="C" mass="12.01" name="protein-CB"/>
      <Type class="CC" element="C" mass="12.01" name="protein-CC"/>
      <Type class="CN" element="C" mass="12.01" name="protein-CN"/>
      <Type class="CR" element="C" mass="12.01" name="protein-CR"/>
      <Type class="CT" element="C" mass="12.01" name="protein-CT"/>
      <Type class="CV" element="C" mass="12.01" name="protein-CV"/>
      <Type class="CW" element="C" mass="12.01" name="protein-CW"/>
      <Type class="C*" element="C" mass="12.01" name="protein-C*"/>
      <Type class="CX" element="C" mass="12.01" name="protein-CX"/>
      <Type class="H" element="H" mass="1.008" name="protein-H"/>
      <Type class="HC" element="H" mass="1.008" name="protein-HC"/>
      <Type class="H1" element="H" mass="1.008" name="protein-H1"/>
      <Type class="HA" element="H" mass="1.008" name="protein-HA"/>
      <Type class="H4" element="H" mass="1.008" name="protein-H4"/>
      <Type class="H5" element="H" mass="1.008" name="protein-H5"/>
      <Type class="HO" element="H" mass="1.008" name="protein-HO"/>
      <Type class="HS" element="H" mass="1.008" name="protein-HS"/>
      <Type class="HP" element="H" mass="1.008" name="protein-HP"/>
      <Type class="N" element="N" mass="14.01" name="protein-N"/>
      <Type class="NA" element="N" mass="14.01" name="protein-NA"/>
      <Type class="NB" element="N" mass="14.01" name="protein-NB"/>
      <Type class="N2" element="N" mass="14.01" name="protein-N2"/>
      <Type class="N3" element="N" mass="14.01" name="protein-N3"/>
      <Type class="O" element="O" mass="16.0" name="protein-O"/>
      <Type class="O2" element="O" mass="16.0" name="protein-O2"/>
      <Type class="OH" element="O" mass="16.0" name="protein-OH"/>
      <Type class="S" element="S" mass="32.06" name="protein-S"/>
      <Type class="SH" element="S" mass="32.06" name="protein-SH"/>
      <Type class="CO" element="C" mass="12.01" name="protein-CO"/>
      <Type class="2C" element="C" mass="12.01" name="protein-2C"/>
      <Type class="3C" element="C" mass="12.01" name="protein-3C"/>
      <Type class="C8" element="C" mass="12.01" name="protein-C8"/>
   </AtomTypes>
   <Residues>
      <Residue name="ALA">
         <Atom charge="-0.4157" name="N" type="protein-N"/>
         <Atom charge="0.2719" name="H" type="protein-H"/>
         <Atom charge="0.0337" name="CA" type="protein-CX"/>
         <Atom charge="0.0823" name="HA" type="protein-H1"/>
         <Atom charge="-0.1825" name="CB" type="protein-CT"/>
         <Atom charge="0.0603" name="HB1" type="protein-HC"/>
         <Atom charge="0.0603" name="HB2" type="protein-HC"/>
         <Atom charge="0.0603" name="HB3" type="protein-HC"/>
         <Atom charge="0.5973" name="C" type="protein-C"/>
         <Atom charge="-0.5679" name="O" type="protein-O"/>
         <Bond atomName1="N" atomName2="H"/>
         <Bond atomName1="N" atomName2="CA"/>
         <Bond atomName1="CA" atomName2="HA"/>
         <Bond atomName1="CA" atomName2="CB"/>
         <Bond atomName1="CA" atomName2="C"/>
         <Bond atomName1="CB" atomName2="HB1"/>
         <Bond atomName1="CB" atomName2="HB2"/>
         <Bond atomName1="CB" atomName2="HB3"/>
         <Bond atomName1="C" atomName2="O"/>
         <ExternalBond atomName="N"/>
         <ExternalBond atomName="C"/>
      </Residue>
      <Residue name="ARG">
         <Atom charge="-0.3479" name="N" type="protein-N"/>
         <Atom charge="0.2747" name="H" type="protein-H"/>
         <Atom charge="-0.2637" name="CA" type="protein-CX"/>
         <Atom charge="0.156" name="HA" type="protein-H1"/>
         <Atom charge="-0.0007" name="CB" type="protein-C8"/>
         <Atom charge="0.0327" name="HB2" type="protein-HC"/>
         <Atom charge="0.0327" name="HB3" type="protein-HC"/>
         <Atom charge="0.039" name="CG" type="protein-C8"/>
         <Atom charge="0.0285" name="HG2" type="protein-HC"/>
         <Atom charge="0.0285" name="HG3" type="protein-HC"/>
         <Atom charge="0.0486" name="CD" type="protein-C8"/>
         <Atom charge="0.0687" name="HD2" type="protein-H1"/>
         <Atom charge="0.0687" name="HD3" type="protein-H1"/>
         <Atom charge="-0.5295" name="NE" type="protein-N2"/>
         <Atom charge="0.3456" name="HE" type="protein-H"/>
         <Atom charge="0.8076" name="CZ" type="protein-CA"/>
         <Atom charge="-0.8627" name="NH1" type="protein-N2"/>
         <Atom charge="0.4478" name="HH11" type="protein-H"/>
         <Atom charge="0.4478" name="HH12" type="protein-H"/>
         <Atom charge="-0.8627" name="NH2" type="protein-N2"/>
         <Atom charge="0.4478" name="HH21" type="protein-H"/>
         <Atom charge="0.4478" name="HH22" type="protein-H"/>
         <Atom charge="0.7341" name="C" type="protein-C"/>
         <Atom charge="-0.5894" name="O" type="protein-O"/>
         <Bond atomName1="N" atomName2="H"/>
         <Bond atomName1="N" atomName2="CA"/>
         <Bond atomName1="CA" atomName2="HA"/>
         <Bond atomName1="CA" atomName2="CB"/>
         <Bond atomName1="CA" atomName2="C"/>
         <Bond atomName1="CB" atomName2="HB2"/>
         <Bond atomName1="CB" atomName2="HB3"/>
         <Bond atomName1="CB" atomName2="CG"/>
         <Bond atomName1="CG" atomName2="HG2"/>
         <Bond atomName1="CG" atomName2="HG3"/>
         <Bond atomName1="CG" atomName2="CD"/>
         <Bond atomName1="CD" atomName2="HD2"/>
         <Bond atomName1="CD" atomName2="HD3"/>
         <Bond atomName1="CD" atomName2="NE"/>
         <Bond atomName1="NE" atomName2="HE"/>
         <Bond atomName1="NE" atomName2="CZ"/>
         <Bond atomName1="CZ" atomName2="NH1"/>
         <Bond atomName1="CZ" atomName2="NH2"/>
         <Bond atomName1="NH1" atomName2="HH11"/>
         <Bond atomName1="NH1" atomName2="HH12"/>
         <Bond atomName1="NH2" atomName2="HH21"/>
         <Bond atomName1="NH2" atomName2="HH22"/>
         <Bond atomName1="C" atomName2="O"/>
         <ExternalBond atomName="N"/>
         <ExternalBond atomName="C"/>
      </Residue>
      <Residue name="ASH">
         <Atom charge="-0.4157" name="N" type="protein-N"/>
         <Atom charge="0.2719" name="H" type="protein-H"/>
         <Atom charge="0.0341" name="CA" type="protein-CX"/>
         <Atom charge="0.0864" name="HA" type="protein-H1"/>
         <Atom charge="-0.0316" name="CB" type="protein-2C"/>
         <Atom charge="0.0488" name="HB2" type="protein-HC"/>
         <Atom charge="0.0488" name="HB3" type="protein-HC"/>
         <Atom charge="0.6462" name="CG" type="protein-C"/>
         <Atom charge="-0.5554" name="OD1" type="protein-O"/>
         <Atom charge="-0.6376" name="OD2" type="protein-OH"/>
         <Atom charge="0.4747" name="HD2" type="protein-HO"/>
         <Atom charge="0.5973" name="C" type="protein-C"/>
         <Atom charge="-0.5679" name="O" type="protein-O"/>
         <Bond atomName1="N" atomName2="H"/>
         <Bond atomName1="N" atomName2="CA"/>
         <Bond atomName1="CA" atomName2="HA"/>
         <Bond atomName1="CA" atomName2="CB"/>
         <Bond atomName1="CA" atomName2="C"/>
         <Bond atomName1="CB" atomName2="HB2"/>
         <Bond atomName1="CB" atomName2="HB3"/>
         <Bond atomName1="CB" atomName2="CG"/>
         <Bond atomName1="CG" atomName2="OD1"/>
         <Bond atomName1="CG" atomName2="OD2"/>
         <Bond atomName1="OD2" atomName2="HD2"/>
         <Bond atomName1="C" atomName2="O"/>
         <ExternalBond atomName="N"/>
         <ExternalBond atomName="C"/>
      </Residue>
      <Residue name="ASN">
         <Atom charge="-0.4157" name="N" type="protein-N"/>
         <Atom charge="0.2719" name="H" type="protein-H"/>
         <Atom charge="0.0143" name="CA" type="protein-CX"/>
         <Atom charge="0.1048" name="HA" type="protein-H1"/>
         <Atom charge="-0.2041" name="CB" type="protein-2C"/>
         <Atom charge="0.0797" name="HB2" type="protein-HC"/>
         <Atom charge="0.0797" name="HB3" type="protein-HC"/>
         <Atom charge="0.713" name="CG" type="protein-C"/>
         <Atom charge="-0.5931" name="OD1" type="protein-O"/>
         <Atom charge="-0.9191" name="ND2" type="protein-N"/>
         <Atom charge="0.4196" name="HD21" type="protein-H"/>
         <Atom charge="0.4196" name="HD22" type="protein-H"/>
         <Atom charge="0.5973" name="C" type="protein-C"/>
         <Atom charge="-0.5679" name="O" type="protein-O"/>
         <Bond atomName1="N" atomName2="H"/>
         <Bond atomName1="N" atomName2="CA"/>
         <Bond atomName1="CA" atomName2="HA"/>
         <Bond atomName1="CA" atomName2="CB"/>
         <Bond atomName1="CA" atomName2="C"/>
         <Bond atomName1="CB" atomName2="HB2"/>
         <Bond atomName1="CB" atomName2="HB3"/>
         <Bond atomName1="CB" atomName2="CG"/>
         <Bond atomName1="CG" atomName2="OD1"/>
         <Bond atomName1="CG" atomName2="ND2"/>
         <Bond atomName1="ND2" atomName2="HD21"/>
         <Bond atomName1="ND2" atomName2="HD22"/>
         <Bond atomName1="C" atomName2="O"/>
         <ExternalBond atomName="N"/>
         <ExternalBond atomName="C"/>
      </Residue>
      <Residue name="ASP">
         <Atom charge="-0.5163" name="N" type="protein-N"/>
         <Atom charge="0.2936" name="H" type="protein-H"/>
         <Atom charge="0.0381" name="CA" type="protein-CX"/>
         <Atom charge="0.088" name="HA" type="protein-H1"/>
         <Atom charge="-0.0303" name="CB" type="protein-2C"/>
         <Atom charge="-0.0122" name="HB2" type="protein-HC"/>
         <Atom charge="-0.0122" name="HB3" type="protein-HC"/>
         <Atom charge="0.7994" name="CG" type="protein-CO"/>
         <Atom charge="-0.8014" name="OD1" type="protein-O2"/>
         <Atom charge="-0.8014" name="OD2" type="protein-O2"/>
         <Atom charge="0.5366" name="C" type="protein-C"/>
         <Atom charge="-0.5819" name="O" type="protein-O"/>
         <Bond atomName1="N" atomName2="H"/>
         <Bond atomName1="N" atomName2="CA"/>
         <Bond atomName1="CA" atomName2="HA"/>
         <Bond atomName1="CA" atomName2="CB"/>
         <Bond atomName1="CA" atomName2="C"/>
         <Bond atomName1="CB" atomName2="HB2"/>
         <Bond atomName1="CB" atomName2="HB3"/>
         <Bond atomName1="CB" atomName2="CG"/>
         <Bond atomName1="CG" atomName2="OD1"/>
         <Bond atomName1="CG" atomName2="OD2"/>
         <Bond atomName1="C" atomName2="O"/>
         <ExternalBond atomName="N"/>
         <ExternalBond atomName="C"/>
      </Residue>
      <Residue name="CYM">
         <Atom charge="-0.4157" name="N" type="protein-N"/>
         <Atom charge="0.2719" name="H" type="protein-H"/>
         <Atom charge="-0.0351" name="CA" type="protein-CX"/>
         <Atom charge="0.0508" name="HA" type="protein-H1"/>
         <Atom charge="-0.2413" name="CB" type="protein-CT"/>
         <Atom charge="0.1122" name="HB3" type="protein-H1"/>
         <Atom charge="0.1122" name="HB2" type="protein-H1"/>
         <Atom charge="-0.8844" name="SG" type="protein-SH"/>
         <Atom charge="0.5973" name="C" type="protein-C"/>
         <Atom charge="-0.5679" name="O" type="protein-O"/>
         <Bond atomName1="N" atomName2="H"/>
         <Bond atomName1="N" atomName2="CA"/>
         <Bond atomName1="CA" atomName2="HA"/>
         <Bond atomName1="CA" atomName2="CB"/>
         <Bond atomName1="CA" atomName2="C"/>
         <Bond atomName1="CB" atomName2="HB3"/>
         <Bond atomName1="CB" atomName2="HB2"/>
         <Bond atomName1="CB" atomName2="SG"/>
         <Bond atomName1="C" atomName2="O"/>
         <ExternalBond atomName="N"/>
         <ExternalBond atomName="C"/>
      </Residue>
      <Residue name="CYS">
         <Atom charge="-0.4157" name="N" type="protein-N"/>
         <Atom charge="0.2719" name="H" type="protein-H"/>
         <Atom charge="0.0213" name="CA" type="protein-CX"/>
         <Atom charge="0.1124" name="HA" type="protein-H1"/>
         <Atom charge="-0.1231" name="CB" type="protein-2C"/>
         <Atom charge="0.1112" name="HB2" type="protein-H1"/>
         <Atom charge="0.1112" name="HB3" type="protein-H1"/>
         <Atom charge="-0.3119" name="SG" type="protein-SH"/>
         <Atom charge="0.1933" name="HG" type="protein-HS"/>
         <Atom charge="0.5973" name="C" type="protein-C"/>
         <Atom charge="-0.5679" name="O" type="protein-O"/>
         <Bond atomName1="N" atomName2="H"/>
         <Bond atomName1="N" atomName2="CA"/>
         <Bond atomName1="CA" atomName2="HA"/>
         <Bond atomName1="CA" atomName2="CB"/>
         <Bond atomName1="CA" atomName2="C"/>
         <Bond atomName1="CB" atomName2="HB2"/>
         <Bond atomName1="CB" atomName2="HB3"/>
         <Bond atomName1="CB" atomName2="SG"/>
         <Bond atomName1="SG" atomName2="HG"/>
         <Bond atomName1="C" atomName2="O"/>
         <ExternalBond atomName="N"/>
         <ExternalBond atomName="C"/>
      </Residue>
      <Residue name="CYX">
         <Atom charge="-0.4157" name="N" type="protein-N"/>
         <Atom charge="0.2719" name="H" type="protein-H"/>
         <Atom charge="0.0429" name="CA" type="protein-CX"/>
         <Atom charge="0.0766" name="HA" type="protein-H1"/>
         <Atom charge="-0.079" name="CB" type="protein-2C"/>
         <Atom charge="0.091" name="HB2" type="protein-H1"/>
         <Atom charge="0.091" name="HB3" type="protein-H1"/>
         <Atom charge="-0.1081" name="SG" type="protein-S"/>
         <Atom charge="0.5973" name="C" type="protein-C"/>
         <Atom charge="-0.5679" name="O" type="protein-O"/>
         <Bond atomName1="N" atomName2="H"/>
         <Bond atomName1="N" atomName2="CA"/>
         <Bond atomName1="CA" atomName2="HA"/>
         <Bond atomName1="CA" atomName2="CB"/>
         <Bond atomName1="CA" atomName2="C"/>
         <Bond atomName1="CB" atomName2="HB2"/>
         <Bond atomName1="CB" atomName2="HB3"/>
         <Bond atomName1="CB" atomName2="SG"/>
         <Bond atomName1="C" atomName2="O"/>
         <ExternalBond atomName="SG"/>
         <ExternalBond atomName="N"/>
         <ExternalBond atomName="C"/>
      </Residue>
      <Residue name="GLH">
         <Atom charge="-0.4157" name="N" type="protein-N"/>
         <Atom charge="0.2719" name="H" type="protein-H"/>
         <Atom charge="0.0145" name="CA" type="protein-CX"/>
         <Atom charge="0.0779" name="HA" type="protein-H1"/>
         <Atom charge="-0.0071" name="CB" type="protein-2C"/>
         <Atom charge="0.0256" name="HB2" type="protein-HC"/>
         <Atom charge="0.0256" name="HB3" type="protein-HC"/>
         <Atom charge="-0.0174" name="CG" type="protein-2C"/>
         <Atom charge="0.043" name="HG2" type="protein-HC"/>
         <Atom charge="0.043" name="HG3" type="protein-HC"/>
         <Atom charge="0.6801" name="CD" type="protein-C"/>
         <Atom charge="-0.5838" name="OE1" type="protein-O"/>
         <Atom charge="-0.6511" name="OE2" type="protein-OH"/>
         <Atom charge="0.4641" name="HE2" type="protein-HO"/>
         <Atom charge="0.5973" name="C" type="protein-C"/>
         <Atom charge="-0.5679" name="O" type="protein-O"/>
         <Bond atomName1="N" atomName2="H"/>
         <Bond atomName1="N" atomName2="CA"/>
         <Bond atomName1="CA" atomName2="HA"/>
         <Bond atomName1="CA" atomName2="CB"/>
         <Bond atomName1="CA" atomName2="C"/>
         <Bond atomName1="CB" atomName2="HB2"/>
         <Bond atomName1="CB" atomName2="HB3"/>
         <Bond atomName1="CB" atomName2="CG"/>
         <Bond atomName1="CG" atomName2="HG2"/>
         <Bond atomName1="CG" atomName2="HG3"/>
         <Bond atomName1="CG" atomName2="CD"/>
         <Bond atomName1="CD" atomName2="OE1"/>
         <Bond atomName1="CD" atomName2="OE2"/>
         <Bond atomName1="OE2" atomName2="HE2"/>
         <Bond atomName1="C" atomName2="O"/>
         <ExternalBond atomName="N"/>
         <ExternalBond atomName="C"/>
      </Residue>
      <Residue name="GLN">
         <Atom charge="-0.4157" name="N" type="protein-N"/>
         <Atom charge="0.2719" name="H" type="protein-H"/>
         <Atom charge="-0.0031" name="CA" type="protein-CX"/>
         <Atom charge="0.085" name="HA" type="protein-H1"/>
         <Atom charge="-0.0036" name="CB" type="protein-2C"/>
         <Atom charge="0.0171" name="HB2" type="protein-HC"/>
         <Atom charge="0.0171" name="HB3" type="protein-HC"/>
         <Atom charge="-0.0645" name="CG" type="protein-2C"/>
         <Atom charge="0.0352" name="HG2" type="protein-HC"/>
         <Atom charge="0.0352" name="HG3" type="protein-HC"/>
         <Atom charge="0.6951" name="CD" type="protein-C"/>
         <Atom charge="-0.6086" name="OE1" type="protein-O"/>
         <Atom charge="-0.9407" name="NE2" type="protein-N"/>
         <Atom charge="0.4251" name="HE21" type="protein-H"/>
         <Atom charge="0.4251" name="HE22" type="protein-H"/>
         <Atom charge="0.5973" name="C" type="protein-C"/>
         <Atom charge="-0.5679" name="O" type="protein-O"/>
         <Bond atomName1="N" atomName2="H"/>
         <Bond atomName1="N" atomName2="CA"/>
         <Bond atomName1="CA" atomName2="HA"/>
         <Bond atomName1="CA" atomName2="CB"/>
         <Bond atomName1="CA" atomName2="C"/>
         <Bond atomName1="CB" atomName2="HB2"/>
         <Bond atomName1="CB" atomName2="HB3"/>
         <Bond atomName1="CB" atomName2="CG"/>
         <Bond atomName1="CG" atomName2="HG2"/>
         <Bond atomName1="CG" atomName2="HG3"/>
         <Bond atomName1="CG" atomName2="CD"/>
         <Bond atomName1="CD" atomName2="OE1"/>
         <Bond atomName1="CD" atomName2="NE2"/>
         <Bond atomName1="NE2" atomName2="HE21"/>
         <Bond atomName1="NE2" atomName2="HE22"/>
         <Bond atomName1="C" atomName2="O"/>
         <ExternalBond atomName="N"/>
         <ExternalBond atomName="C"/>
      </Residue>
      <Residue name="GLU">
         <Atom charge="-0.5163" name="N" type="protein-N"/>
         <Atom charge="0.2936" name="H" type="protein-H"/>
         <Atom charge="0.0397" name="CA" type="protein-CX"/>
         <Atom charge="0.1105" name="HA" type="protein-H1"/>
         <Atom charge="0.056" name="CB" type="protein-2C"/>
         <Atom charge="-0.0173" name="HB2" type="protein-HC"/>
         <Atom charge="-0.0173" name="HB3" type="protein-HC"/>
         <Atom charge="0.0136" name="CG" type="protein-2C"/>
         <Atom charge="-0.0425" name="HG2" type="protein-HC"/>
         <Atom charge="-0.0425" name="HG3" type="protein-HC"/>
         <Atom charge="0.8054" name="CD" type="protein-CO"/>
         <Atom charge="-0.8188" name="OE1" type="protein-O2"/>
         <Atom charge="-0.8188" name="OE2" type="protein-O2"/>
         <Atom charge="0.5366" name="C" type="protein-C"/>
         <Atom charge="-0.5819" name="O" type="protein-O"/>
         <Bond atomName1="N" atomName2="H"/>
         <Bond atomName1="N" atomName2="CA"/>
         <Bond atomName1="CA" atomName2="HA"/>
         <Bond atomName1="CA" atomName2="CB"/>
         <Bond atomName1="CA" atomName2="C"/>
         <Bond atomName1="CB" atomName2="HB2"/>
         <Bond atomName1="CB" atomName2="HB3"/>
         <Bond atomName1="CB" atomName2="CG"/>
         <Bond atomName1="CG" atomName2="HG2"/>
         <Bond atomName1="CG" atomName2="HG3"/>
         <Bond atomName1="CG" atomName2="CD"/>
         <Bond atomName1="CD" atomName2="OE1"/>
         <Bond atomName1="CD" atomName2="OE2"/>
         <Bond atomName1="C" atomName2="O"/>
         <ExternalBond atomName="N"/>
         <ExternalBond atomName="C"/>
      </Residue>
      <Residue name="GLY">
         <Atom charge="-0.4157" name="N" type="protein-N"/>
         <Atom charge="0.2719" name="H" type="protein-H"/>
         <Atom charge="-0.0252" name="CA" type="protein-CX"/>
         <Atom charge="0.0698" name="HA2" type="protein-H1"/>
         <Atom charge="0.0698" name="HA3" type="protein-H1"/>
         <Atom charge="0.5973" name="C" type="protein-C"/>
         <Atom charge="-0.5679" name="O" type="protein-O"/>
         <Bond atomName1="N" atomName2="H"/>
         <Bond atomName1="N" atomName2="CA"/>
         <Bond atomName1="CA" atomName2="HA2"/>
         <Bond atomName1="CA" atomName2="HA3"/>
         <Bond atomName1="CA" atomName2="C"/>
         <Bond atomName1="C" atomName2="O"/>
         <ExternalBond atomName="N"/>
         <ExternalBond atomName="C"/>
      </Residue>
      <Residue name="HID">
         <Atom charge="-0.4157" name="N" type="protein-N"/>
         <Atom charge="0.2719" name="H" type="protein-H"/>
         <Atom charge="0.0188" name="CA" type="protein-CX"/>
         <Atom charge="0.0881" name="HA" type="protein-H1"/>
         <Atom charge="-0.0462" name="CB" type="protein-CT"/>
         <Atom charge="0.0402" name="HB2" type="protein-HC"/>
         <Atom charge="0.0402" name="HB3" type="protein-HC"/>
         <Atom charge="-0.0266" name="CG" type="protein-CC"/>
         <Atom charge="-0.3811" name="ND1" type="protein-NA"/>
         <Atom charge="0.3649" name="HD1" type="protein-H"/>
         <Atom charge="0.2057" name="CE1" type="protein-CR"/>
         <Atom charge="0.1392" name="HE1" type="protein-H5"/>
         <Atom charge="-0.5727" name="NE2" type="protein-NB"/>
         <Atom charge="0.1292" name="CD2" type="protein-CV"/>
         <Atom charge="0.1147" name="HD2" type="protein-H4"/>
         <Atom charge="0.5973" name="C" type="protein-C"/>
         <Atom charge="-0.5679" name="O" type="protein-O"/>
         <Bond atomName1="N" atomName2="H"/>
         <Bond atomName1="N" atomName2="CA"/>
         <Bond atomName1="CA" atomName2="HA"/>
         <Bond atomName1="CA" atomName2="CB"/>
         <Bond atomName1="CA" atomName2="C"/>
         <Bond atomName1="CB" atomName2="HB2"/>
         <Bond atomName1="CB" atomName2="HB3"/>
         <Bond atomName1="CB" atomName2="CG"/>
         <Bond atomName1="CG" atomName2="ND1"/>
         <Bond atomName1="CG" atomName2="CD2"/>
         <Bond atomName1="ND1" atomName2="HD1"/>
         <Bond atomName1="ND1" atomName2="CE1"/>
         <Bond atomName1="CE1" atomName2="HE1"/>
         <Bond atomName1="CE1" atomName2="NE2"/>
         <Bond atomName1="NE2" atomName2="CD2"/>
         <Bond atomName1="CD2" atomName2="HD2"/>
         <Bond atomName1="C" atomName2="O"/>
         <ExternalBond atomName="N"/>
         <ExternalBond atomName="C"/>
      </Residue>
      <Residue name="HIE">
         <Atom charge="-0.4157" name="N" type="protein-N"/>
         <Atom charge="0.2719" name="H" type="protein-H"/>
         <Atom charge="-0.0581" name="CA" type="protein-CX"/>
         <Atom charge="0.136" name="HA" type="protein-H1"/>
         <Atom charge="-0.0074" name="CB" type="protein-CT"/>
         <Atom charge="0.0367" name="HB2" type="protein-HC"/>
         <Atom charge="0.0367" name="HB3" type="protein-HC"/>
         <Atom charge="0.1868" name="CG" type="protein-CC"/>
         <Atom charge="-0.5432" name="ND1" type="protein-NB"/>
         <Atom charge="0.1635" name="CE1" type="protein-CR"/>
         <Atom charge="0.1435" name="HE1" type="protein-H5"/>
         <Atom charge="-0.2795" name="NE2" type="protein-NA"/>
         <Atom charge="0.3339" name="HE2" type="protein-H"/>
         <Atom charge="-0.2207" name="CD2" type="protein-CW"/>
         <Atom charge="0.1862" name="HD2" type="protein-H4"/>
         <Atom charge="0.5973" name="C" type="protein-C"/>
         <Atom charge="-0.5679" name="O" type="protein-O"/>
         <Bond atomName1="N" atomName2="H"/>
         <Bond atomName1="N" atomName2="CA"/>
         <Bond atomName1="CA" atomName2="HA"/>
         <Bond atomName1="CA" atomName2="CB"/>
         <Bond atomName1="CA" atomName2="C"/>
         <Bond atomName1="CB" atomName2="HB2"/>
         <Bond atomName1="CB" atomName2="HB3"/>
         <Bond atomName1="CB" atomName2="CG"/>
         <Bond atomName1="CG" atomName2="ND1"/>
         <Bond atomName1="CG" atomName2="CD2"/>
         <Bond atomName1="ND1" atomName2="CE1"/>
         <Bond atomName1="CE1" atomName2="HE1"/>
         <Bond atomName1="CE1" atomName2="NE2"/>
         <Bond atomName1="NE2" atomName2="HE2"/>
         <Bond atomName1="NE2" atomName2="CD2"/>
         <Bond atomName1="CD2" atomName2="HD2"/>
         <Bond atomName1="C" atomName2="O"/>
         <ExternalBond atomName="N"/>
         <ExternalBond atomName="C"/>
      </Residue>
      <Residue name="HIP">
         <Atom charge="-0.3479" name="N" type="protein-N"/>
         <Atom charge="0.2747" name="H" type="protein-H"/>
         <Atom charge="-0.1354" name="CA" type="protein-CX"/>
         <Atom charge="0.1212" name="HA" type="protein-H1"/>
         <Atom charge="-0.0414" name="CB" type="protein-CT"/>
         <Atom charge="0.081" name="HB2" type="protein-HC"/>
         <Atom charge="0.081" name="HB3" type="protein-HC"/>
         <Atom charge="-0.0012" name="CG" type="protein-CC"/>
         <Atom charge="-0.1513" name="ND1" type="protein-NA"/>
         <Atom charge="0.3866" name="HD1" type="protein-H"/>
         <Atom charge="-0.017" name="CE1" type="protein-CR"/>
         <Atom charge="0.2681" name="HE1" type="protein-H5"/>
         <Atom charge="-0.1718" name="NE2" type="protein-NA"/>
         <Atom charge="0.3911" name="HE2" type="protein-H"/>
         <Atom charge="-0.1141" name="CD2" type="protein-CW"/>
         <Atom charge="0.2317" name="HD2" type="protein-H4"/>
         <Atom charge="0.7341" name="C" type="protein-C"/>
         <Atom charge="-0.5894" name="O" type="protein-O"/>
         <Bond atomName1="N" atomName2="H"/>
         <Bond atomName1="N" atomName2="CA"/>
         <Bond atomName1="CA" atomName2="HA"/>
         <Bond atomName1="CA" atomName2="CB"/>
         <Bond atomName1="CA" atomName2="C"/>
         <Bond atomName1="CB" atomName2="HB2"/>
         <Bond atomName1="CB" atomName2="HB3"/>
         <Bond atomName1="CB" atomName2="CG"/>
         <Bond atomName1="CG" atomName2="ND1"/>
         <Bond atomName1="CG" atomName2="CD2"/>
         <Bond atomName1="ND1" atomName2="HD1"/>
         <Bond atomName1="ND1" atomName2="CE1"/>
         <Bond atomName1="CE1" atomName2="HE1"/>
         <Bond atomName1="CE1" atomName2="NE2"/>
         <Bond atomName1="NE2" atomName2="HE2"/>
         <Bond atomName1="NE2" atomName2="CD2"/>
         <Bond atomName1="CD2" atomName2="HD2"/>
         <Bond atomName1="C" atomName2="O"/>
         <ExternalBond atomName="N"/>
         <ExternalBond atomName="C"/>
      </Residue>
      <Residue name="HYP">
         <Atom charge="-0.2548" name="N" type="protein-N"/>
         <Atom charge="0.0595" name="CD" type="protein-CT"/>
         <Atom charge="0.07" name="HD22" type="protein-H1"/>
         <Atom charge="0.07" name="HD23" type="protein-H1"/>
         <Atom charge="0.04" name="CG" type="protein-CT"/>
         <Atom charge="0.0416" name="HG" type="protein-H1"/>
         <Atom charge="-0.6134" name="OD1" type="protein-OH"/>
         <Atom charge="0.3851" name="HD1" type="protein-HO"/>
         <Atom charge="0.0203" name="CB" type="protein-CT"/>
         <Atom charge="0.0426" name="HB2" type="protein-HC"/>
         <Atom charge="0.0426" name="HB3" type="protein-HC"/>
         <Atom charge="0.0047" name="CA" type="protein-CX"/>
         <Atom charge="0.077" name="HA" type="protein-H1"/>
         <Atom charge="0.5896" name="C" type="protein-C"/>
         <Atom charge="-0.5748" name="O" type="protein-O"/>
         <Bond atomName1="N" atomName2="CD"/>
         <Bond atomName1="N" atomName2="CA"/>
         <Bond atomName1="CD" atomName2="HD22"/>
         <Bond atomName1="CD" atomName2="HD23"/>
         <Bond atomName1="CD" atomName2="CG"/>
         <Bond atomName1="CG" atomName2="HG"/>
         <Bond atomName1="CG" atomName2="OD1"/>
         <Bond atomName1="CG" atomName2="CB"/>
         <Bond atomName1="OD1" atomName2="HD1"/>
         <Bond atomName1="CB" atomName2="HB2"/>
         <Bond atomName1="CB" atomName2="HB3"/>
         <Bond atomName1="CB" atomName2="CA"/>
         <Bond atomName1="CA" atomName2="HA"/>
         <Bond atomName1="CA" atomName2="C"/>
         <Bond atomName1="C" atomName2="O"/>
         <ExternalBond atomName="N"/>
         <ExternalBond atomName="C"/>
      </Residue>
      <Residue name="ILE">
         <Atom charge="-0.4157" name="N" type="protein-N"/>
         <Atom charge="0.2719" name="H" type="protein-H"/>
         <Atom charge="-0.0597" name="CA" type="protein-CX"/>
         <Atom charge="0.0869" name="HA" type="protein-H1"/>
         <Atom charge="0.1303" name="CB" type="protein-3C"/>
         <Atom charge="0.0187" name="HB" type="protein-HC"/>
         <Atom charge="-0.3204" name="CG2" type="protein-CT"/>
         <Atom charge="0.0882" name="HG21" type="protein-HC"/>
         <Atom charge="0.0882" name="HG22" type="protein-HC"/>
         <Atom charge="0.0882" name="HG23" type="protein-HC"/>
         <Atom charge="-0.043" name="CG1" type="protein-2C"/>
         <Atom charge="0.0236" name="HG12" type="protein-HC"/>
         <Atom charge="0.0236" name="HG13" type="protein-HC"/>
         <Atom charge="-0.066" name="CD1" type="protein-CT"/>
         <Atom charge="0.0186" name="HD11" type="protein-HC"/>
         <Atom charge="0.0186" name="HD12" type="protein-HC"/>
         <Atom charge="0.0186" name="HD13" type="protein-HC"/>
         <Atom charge="0.5973" name="C" type="protein-C"/>
         <Atom charge="-0.5679" name="O" type="protein-O"/>
         <Bond atomName1="N" atomName2="H"/>
         <Bond atomName1="N" atomName2="CA"/>
         <Bond atomName1="CA" atomName2="HA"/>
         <Bond atomName1="CA" atomName2="CB"/>
         <Bond atomName1="CA" atomName2="C"/>
         <Bond atomName1="CB" atomName2="HB"/>
         <Bond atomName1="CB" atomName2="CG2"/>
         <Bond atomName1="CB" atomName2="CG1"/>
         <Bond atomName1="CG2" atomName2="HG21"/>
         <Bond atomName1="CG2" atomName2="HG22"/>
         <Bond atomName1="CG2" atomName2="HG23"/>
         <Bond atomName1="CG1" atomName2="HG12"/>
         <Bond atomName1="CG1" atomName2="HG13"/>
         <Bond atomName1="CG1" atomName2="CD1"/>
         <Bond atomName1="CD1" atomName2="HD11"/>
         <Bond atomName1="CD1" atomName2="HD12"/>
         <Bond atomName1="CD1" atomName2="HD13"/>
         <Bond atomName1="C" atomName2="O"/>
         <ExternalBond atomName="N"/>
         <ExternalBond atomName="C"/>
      </Residue>
      <Residue name="LEU">
         <Atom charge="-0.4157" name="N" type="protein-N"/>
         <Atom charge="0.2719" name="H" type="protein-H"/>
         <Atom charge="-0.0518" name="CA" type="protein-CX"/>
         <Atom charge="0.0922" name="HA" type="protein-H1"/>
         <Atom charge="-0.1102" name="CB" type="protein-2C"/>
         <Atom charge="0.0457" name="HB2" type="protein-HC"/>
         <Atom charge="0.0457" name="HB3" type="protein-HC"/>
         <Atom charge="0.3531" name="CG" type="protein-3C"/>
         <Atom charge="-0.0361" name="HG" type="protein-HC"/>
         <Atom charge="-0.4121" name="CD1" type="protein-CT"/>
         <Atom charge="0.1" name="HD11" type="protein-HC"/>
         <Atom charge="0.1" name="HD12" type="protein-HC"/>
         <Atom charge="0.1" name="HD13" type="protein-HC"/>
         <Atom charge="-0.4121" name="CD2" type="protein-CT"/>
         <Atom charge="0.1" name="HD21" type="protein-HC"/>
         <Atom charge="0.1" name="HD22" type="protein-HC"/>
         <Atom charge="0.1" name="HD23" type="protein-HC"/>
         <Atom charge="0.5973" name="C" type="protein-C"/>
         <Atom charge="-0.5679" name="O" type="protein-O"/>
         <Bond atomName1="N" atomName2="H"/>
         <Bond atomName1="N" atomName2="CA"/>
         <Bond atomName1="CA" atomName2="HA"/>
         <Bond atomName1="CA" atomName2="CB"/>
         <Bond atomName1="CA" atomName2="C"/>
         <Bond atomName1="CB" atomName2="HB2"/>
         <Bond atomName1="CB" atomName2="HB3"/>
         <Bond atomName1="CB" atomName2="CG"/>
         <Bond atomName1="CG" atomName2="HG"/>
         <Bond atomName1="CG" atomName2="CD1"/>
         <Bond atomName1="CG" atomName2="CD2"/>
         <Bond atomName1="CD1" atomName2="HD11"/>
         <Bond atomName1="CD1" atomName2="HD12"/>
         <Bond atomName1="CD1" atomName2="HD13"/>
         <Bond atomName1="CD2" atomName2="HD21"/>
         <Bond atomName1="CD2" atomName2="HD22"/>
         <Bond atomName1="CD2" atomName2="HD23"/>
         <Bond atomName1="C" atomName2="O"/>
         <ExternalBond atomName="N"/>
         <ExternalBond atomName="C"/>
      </Residue>
      <Residue name="LYN">
         <Atom charge="-0.4157" name="N" type="protein-N"/>
         <Atom charge="0.2719" name="H" type="protein-H"/>
         <Atom charge="-0.07206" name="CA" type="protein-CX"/>
         <Atom charge="0.0994" name="HA" type="protein-H1"/>
         <Atom charge="-0.04845" name="CB" type="protein-CT"/>
         <Atom charge="0.034" name="HB2" type="protein-HC"/>
         <Atom charge="0.034" name="HB3" type="protein-HC"/>
         <Atom charge="0.06612" name="CG" type="protein-CT"/>
         <Atom charge="0.01041" name="HG2" type="protein-HC"/>
         <Atom charge="0.01041" name="HG3" type="protein-HC"/>
         <Atom charge="-0.03768" name="CD" type="protein-CT"/>
         <Atom charge="0.01155" name="HD2" type="protein-HC"/>
         <Atom charge="0.01155" name="HD3" type="protein-HC"/>
         <Atom charge="0.32604" name="CE" type="protein-CT"/>
         <Atom charge="-0.03358" name="HE2" type="protein-HP"/>
         <Atom charge="-0.03358" name="HE3" type="protein-HP"/>
         <Atom charge="-1.03581" name="NZ" type="protein-N3"/>
         <Atom charge="0.38604" name="HZ2" type="protein-H"/>
         <Atom charge="0.38604" name="HZ3" type="protein-H"/>
         <Atom charge="0.5973" name="C" type="protein-C"/>
         <Atom charge="-0.5679" name="O" type="protein-O"/>
         <Bond atomName1="N" atomName2="H"/>
         <Bond atomName1="N" atomName2="CA"/>
         <Bond atomName1="CA" atomName2="HA"/>
         <Bond atomName1="CA" atomName2="CB"/>
         <Bond atomName1="CA" atomName2="C"/>
         <Bond atomName1="CB" atomName2="HB2"/>
         <Bond atomName1="CB" atomName2="HB3"/>
         <Bond atomName1="CB" atomName2="CG"/>
         <Bond atomName1="CG" atomName2="HG2"/>
         <Bond atomName1="CG" atomName2="HG3"/>
         <Bond atomName1="CG" atomName2="CD"/>
         <Bond atomName1="CD" atomName2="HD2"/>
         <Bond atomName1="CD" atomName2="HD3"/>
         <Bond atomName1="CD" atomName2="CE"/>
         <Bond atomName1="CE" atomName2="HE2"/>
         <Bond atomName1="CE" atomName2="HE3"/>
         <Bond atomName1="CE" atomName2="NZ"/>
         <Bond atomName1="NZ" atomName2="HZ2"/>
         <Bond atomName1="NZ" atomName2="HZ3"/>
         <Bond atomName1="C" atomName2="O"/>
         <ExternalBond atomName="N"/>
         <ExternalBond atomName="C"/>
      </Residue>
      <Residue name="LYS">
         <Atom charge="-0.3479" name="N" type="protein-N"/>
         <Atom charge="0.2747" name="H" type="protein-H"/>
         <Atom charge="-0.24" name="CA" type="protein-CX"/>
         <Atom charge="0.1426" name="HA" type="protein-H1"/>
         <Atom charge="-0.0094" name="CB" type="protein-C8"/>
         <Atom charge="0.0362" name="HB2" type="protein-HC"/>
         <Atom charge="0.0362" name="HB3" type="protein-HC"/>
         <Atom charge="0.0187" name="CG" type="protein-C8"/>
         <Atom charge="0.0103" name="HG2" type="protein-HC"/>
         <Atom charge="0.0103" name="HG3" type="protein-HC"/>
         <Atom charge="-0.0479" name="CD" type="protein-C8"/>
         <Atom charge="0.0621" name="HD2" type="protein-HC"/>
         <Atom charge="0.0621" name="HD3" type="protein-HC"/>
         <Atom charge="-0.0143" name="CE" type="protein-C8"/>
         <Atom charge="0.1135" name="HE2" type="protein-HP"/>
         <Atom charge="0.1135" name="HE3" type="protein-HP"/>
         <Atom charge="-0.3854" name="NZ" type="protein-N3"/>
         <Atom charge="0.34" name="HZ1" type="protein-H"/>
         <Atom charge="0.34" name="HZ2" type="protein-H"/>
         <Atom charge="0.34" name="HZ3" type="protein-H"/>
         <Atom charge="0.7341" name="C" type="protein-C"/>
         <Atom charge="-0.5894" name="O" type="protein-O"/>
         <Bond atomName1="N" atomName2="H"/>
         <Bond atomName1="N" atomName2="CA"/>
         <Bond atomName1="CA" atomName2="HA"/>
         <Bond atomName1="CA" atomName2="CB"/>
         <Bond atomName1="CA" atomName2="C"/>
         <Bond atomName1="CB" atomName2="HB2"/>
         <Bond atomName1="CB" atomName2="HB3"/>
         <Bond atomName1="CB" atomName2="CG"/>
         <Bond atomName1="CG" atomName2="HG2"/>
         <Bond atomName1="CG" atomName2="HG3"/>
         <Bond atomName1="CG" atomName2="CD"/>
         <Bond atomName1="CD" atomName2="HD2"/>
         <Bond atomName1="CD" atomName2="HD3"/>
         <Bond atomName1="CD" atomName2="CE"/>
         <Bond atomName1="CE" atomName2="HE2"/>
         <Bond atomName1="CE" atomName2="HE3"/>
         <Bond atomName1="CE" atomName2="NZ"/>
         <Bond atomName1="NZ" atomName2="HZ1"/>
         <Bond atomName1="NZ" atomName2="HZ2"/>
         <Bond atomName1="NZ" atomName2="HZ3"/>
         <Bond atomName1="C" atomName2="O"/>
         <ExternalBond atomName="N"/>
         <ExternalBond atomName="C"/>
      </Residue>
      <Residue name="MET">
         <Atom charge="-0.4157" name="N" type="protein-N"/>
         <Atom charge="0.2719" name="H" type="protein-H"/>
         <Atom charge="-0.0237" name="CA" type="protein-CX"/>
         <Atom charge="0.088" name="HA" type="protein-H1"/>
         <Atom charge="0.0342" name="CB" type="protein-2C"/>
         <Atom charge="0.0241" name="HB2" type="protein-HC"/>
         <Atom charge="0.0241" name="HB3" type="protein-HC"/>
         <Atom charge="0.0018" name="CG" type="protein-2C"/>
         <Atom charge="0.044" name="HG2" type="protein-H1"/>
         <Atom charge="0.044" name="HG3" type="protein-H1"/>
         <Atom charge="-0.2737" name="SD" type="protein-S"/>
         <Atom charge="-0.0536" name="CE" type="protein-CT"/>
         <Atom charge="0.0684" name="HE1" type="protein-H1"/>
         <Atom charge="0.0684" name="HE2" type="protein-H1"/>
         <Atom charge="0.0684" name="HE3" type="protein-H1"/>
         <Atom charge="0.5973" name="C" type="protein-C"/>
         <Atom charge="-0.5679" name="O" type="protein-O"/>
         <Bond atomName1="N" atomName2="H"/>
         <Bond atomName1="N" atomName2="CA"/>
         <Bond atomName1="CA" atomName2="HA"/>
         <Bond atomName1="CA" atomName2="CB"/>
         <Bond atomName1="CA" atomName2="C"/>
         <Bond atomName1="CB" atomName2="HB2"/>
         <Bond atomName1="CB" atomName2="HB3"/>
         <Bond atomName1="CB" atomName2="CG"/>
         <Bond atomName1="CG" atomName2="HG2"/>
         <Bond atomName1="CG" atomName2="HG3"/>
         <Bond atomName1="CG" atomName2="SD"/>
         <Bond atomName1="SD" atomName2="CE"/>
         <Bond atomName1="CE" atomName2="HE1"/>
         <Bond atomName1="CE" atomName2="HE2"/>
         <Bond atomName1="CE" atomName2="HE3"/>
         <Bond atomName1="C" atomName2="O"/>
         <ExternalBond atomName="N"/>
         <ExternalBond atomName="C"/>
      </Residue>
      <Residue name="PHE">
         <Atom charge="-0.4157" name="N" type="protein-N"/>
         <Atom charge="0.2719" name="H" type="protein-H"/>
         <Atom charge="-0.0024" name="CA" type="protein-CX"/>
         <Atom charge="0.0978" name="HA" type="protein-H1"/>
         <Atom charge="-0.0343" name="CB" type="protein-CT"/>
         <Atom charge="0.0295" name="HB2" type="protein-HC"/>
         <Atom charge="0.0295" name="HB3" type="protein-HC"/>
         <Atom charge="0.0118" name="CG" type="protein-CA"/>
         <Atom charge="-0.1256" name="CD1" type="protein-CA"/>
         <Atom charge="0.133" name="HD1" type="protein-HA"/>
         <Atom charge="-0.1704" name="CE1" type="protein-CA"/>
         <Atom charge="0.143" name="HE1" type="protein-HA"/>
         <Atom charge="-0.1072" name="CZ" type="protein-CA"/>
         <Atom charge="0.1297" name="HZ" type="protein-HA"/>
         <Atom charge="-0.1704" name="CE2" type="protein-CA"/>
         <Atom charge="0.143" name="HE2" type="protein-HA"/>
         <Atom charge="-0.1256" name="CD2" type="protein-CA"/>
         <Atom charge="0.133" name="HD2" type="protein-HA"/>
         <Atom charge="0.5973" name="C" type="protein-C"/>
         <Atom charge="-0.5679" name="O" type="protein-O"/>
         <Bond atomName1="N" atomName2="H"/>
         <Bond atomName1="N" atomName2="CA"/>
         <Bond atomName1="CA" atomName2="HA"/>
         <Bond atomName1="CA" atomName2="CB"/>
         <Bond atomName1="CA" atomName2="C"/>
         <Bond atomName1="CB" atomName2="HB2"/>
         <Bond atomName1="CB" atomName2="HB3"/>
         <Bond atomName1="CB" atomName2="CG"/>
         <Bond atomName1="CG" atomName2="CD1"/>
         <Bond atomName1="CG" atomName2="CD2"/>
         <Bond atomName1="CD1" atomName2="HD1"/>
         <Bond atomName1="CD1" atomName2="CE1"/>
         <Bond atomName1="CE1" atomName2="HE1"/>
         <Bond atomName1="CE1" atomName2="CZ"/>
         <Bond atomName1="CZ" atomName2="HZ"/>
         <Bond atomName1="CZ" atomName2="CE2"/>
         <Bond atomName1="CE2" atomName2="HE2"/>
         <Bond atomName1="CE2" atomName2="CD2"/>
         <Bond atomName1="CD2" atomName2="HD2"/>
         <Bond atomName1="C" atomName2="O"/>
         <ExternalBond atomName="N"/>
         <ExternalBond atomName="C"/>
      </Residue>
      <Residue name="PRO">
         <Atom charge="-0.2548" name="N" type="protein-N"/>
         <Atom charge="0.0192" name="CD" type="protein-CT"/>
         <Atom charge="0.0391" name="HD2" type="protein-H1"/>
         <Atom charge="0.0391" name="HD3" type="protein-H1"/>
         <Atom charge="0.0189" name="CG" type="protein-CT"/>
         <Atom charge="0.0213" name="HG2" type="protein-HC"/>
         <Atom charge="0.0213" name="HG3" type="protein-HC"/>
         <Atom charge="-0.007" name="CB" type="protein-CT"/>
         <Atom charge="0.0253" name="HB2" type="protein-HC"/>
         <Atom charge="0.0253" name="HB3" type="protein-HC"/>
         <Atom charge="-0.0266" name="CA" type="protein-CX"/>
         <Atom charge="0.0641" name="HA" type="protein-H1"/>
         <Atom charge="0.5896" name="C" type="protein-C"/>
         <Atom charge="-0.5748" name="O" type="protein-O"/>
         <Bond atomName1="N" atomName2="CD"/>
         <Bond atomName1="N" atomName2="CA"/>
         <Bond atomName1="CD" atomName2="HD2"/>
         <Bond atomName1="CD" atomName2="HD3"/>
         <Bond atomName1="CD" atomName2="CG"/>
         <Bond atomName1="CG" atomName2="HG2"/>
         <Bond atomName1="CG" atomName2="HG3"/>
         <Bond atomName1="CG" atomName2="CB"/>
         <Bond atomName1="CB" atomName2="HB2"/>
         <Bond atomName1="CB" atomName2="HB3"/>
         <Bond atomName1="CB" atomName2="CA"/>
         <Bond atomName1="CA" atomName2="HA"/>
         <Bond atomName1="CA" atomName2="C"/>
         <Bond atomName1="C" atomName2="O"/>
         <ExternalBond atomName="N"/>
         <ExternalBond atomName="C"/>
      </Residue>
      <Residue name="SER">
         <Atom charge="-0.4157" name="N" type="protein-N"/>
         <Atom charge="0.2719" name="H" type="protein-H"/>
         <Atom charge="-0.0249" name="CA" type="protein-CX"/>
         <Atom charge="0.0843" name="HA" type="protein-H1"/>
         <Atom charge="0.2117" name="CB" type="protein-2C"/>
         <Atom charge="0.0352" name="HB2" type="protein-H1"/>
         <Atom charge="0.0352" name="HB3" type="protein-H1"/>
         <Atom charge="-0.6546" name="OG" type="protein-OH"/>
         <Atom charge="0.4275" name="HG" type="protein-HO"/>
         <Atom charge="0.5973" name="C" type="protein-C"/>
         <Atom charge="-0.5679" name="O" type="protein-O"/>
         <Bond atomName1="N" atomName2="H"/>
         <Bond atomName1="N" atomName2="CA"/>
         <Bond atomName1="CA" atomName2="HA"/>
         <Bond atomName1="CA" atomName2="CB"/>
         <Bond atomName1="CA" atomName2="C"/>
         <Bond atomName1="CB" atomName2="HB2"/>
         <Bond atomName1="CB" atomName2="HB3"/>
         <Bond atomName1="CB" atomName2="OG"/>
         <Bond atomName1="OG" atomName2="HG"/>
         <Bond atomName1="C" atomName2="O"/>
         <ExternalBond atomName="N"/>
         <ExternalBond atomName="C"/>
      </Residue>
      <Residue name="THR">
         <Atom charge="-0.4157" name="N" type="protein-N"/>
         <Atom charge="0.2719" name="H" type="protein-H"/>
         <Atom charge="-0.0389" name="CA" type="protein-CX"/>
         <Atom charge="0.1007" name="HA" type="protein-H1"/>
         <Atom charge="0.3654" name="CB" type="protein-3C"/>
         <Atom charge="0.0043" name="HB" type="protein-H1"/>
         <Atom charge="-0.2438" name="CG2" type="protein-CT"/>
         <Atom charge="0.0642" name="HG21" type="protein-HC"/>
         <Atom charge="0.0642" name="HG22" type="protein-HC"/>
         <Atom charge="0.0642" name="HG23" type="protein-HC"/>
         <Atom charge="-0.6761" name="OG1" type="protein-OH"/>
         <Atom charge="0.4102" name="HG1" type="protein-HO"/>
         <Atom charge="0.5973" name="C" type="protein-C"/>
         <Atom charge="-0.5679" name="O" type="protein-O"/>
         <Bond atomName1="N" atomName2="H"/>
         <Bond atomName1="N" atomName2="CA"/>
         <Bond atomName1="CA" atomName2="HA"/>
         <Bond atomName1="CA" atomName2="CB"/>
         <Bond atomName1="CA" atomName2="C"/>
         <Bond atomName1="CB" atomName2="HB"/>
         <Bond atomName1="CB" atomName2="CG2"/>
         <Bond atomName1="CB" atomName2="OG1"/>
         <Bond atomName1="CG2" atomName2="HG21"/>
         <Bond atomName1="CG2" atomName2="HG22"/>
         <Bond atomName1="CG2" atomName2="HG23"/>
         <Bond atomName1="OG1" atomName2="HG1"/>
         <Bond atomName1="C" atomName2="O"/>
         <ExternalBond atomName="N"/>
         <ExternalBond atomName="C"/>
      </Residue>
      <Residue name="TRP">
         <Atom charge="-0.4157" name="N" type="protein-N"/>
         <Atom charge="0.2719" name="H" type="protein-H"/>
         <Atom charge="-0.0275" name="CA" type="protein-CX"/>
         <Atom charge="0.1123" name="HA" type="protein-H1"/>
         <Atom charge="-0.005" name="CB" type="protein-CT"/>
         <Atom charge="0.0339" name="HB2" type="protein-HC"/>
         <Atom charge="0.0339" name="HB3" type="protein-HC"/>
         <Atom charge="-0.1415" name="CG" type="protein-C*"/>
         <Atom charge="-0.1638" name="CD1" type="protein-CW"/>
         <Atom charge="0.2062" name="HD1" type="protein-H4"/>
         <Atom charge="-0.3418" name="NE1" type="protein-NA"/>
         <Atom charge="0.3412" name="HE1" type="protein-H"/>
         <Atom charge="0.138" name="CE2" type="protein-CN"/>
         <Atom charge="-0.2601" name="CZ2" type="protein-CA"/>
         <Atom charge="0.1572" name="HZ2" type="protein-HA"/>
         <Atom charge="-0.1134" name="CH2" type="protein-CA"/>
         <Atom charge="0.1417" name="HH2" type="protein-HA"/>
         <Atom charge="-0.1972" name="CZ3" type="protein-CA"/>
         <Atom charge="0.1447" name="HZ3" type="protein-HA"/>
         <Atom charge="-0.2387" name="CE3" type="protein-CA"/>
         <Atom charge="0.17" name="HE3" type="protein-HA"/>
         <Atom charge="0.1243" name="CD2" type="protein-CB"/>
         <Atom charge="0.5973" name="C" type="protein-C"/>
         <Atom charge="-0.5679" name="O" type="protein-O"/>
         <Bond atomName1="N" atomName2="H"/>
         <Bond atomName1="N" atomName2="CA"/>
         <Bond atomName1="CA" atomName2="HA"/>
         <Bond atomName1="CA" atomName2="CB"/>
         <Bond atomName1="CA" atomName2="C"/>
         <Bond atomName1="CB" atomName2="HB2"/>
         <Bond atomName1="CB" atomName2="HB3"/>
         <Bond atomName1="CB" atomName2="CG"/>
         <Bond atomName1="CG" atomName2="CD1"/>
         <Bond atomName1="CG" atomName2="CD2"/>
         <Bond atomName1="CD1" atomName2="HD1"/>
         <Bond atomName1="CD1" atomName2="NE1"/>
         <Bond atomName1="NE1" atomName2="HE1"/>
         <Bond atomName1="NE1" atomName2="CE2"/>
         <Bond atomName1="CE2" atomName2="CZ2"/>
         <Bond atomName1="CE2" atomName2="CD2"/>
         <Bond atomName1="CZ2" atomName2="HZ2"/>
         <Bond atomName1="CZ2" atomName2="CH2"/>
         <Bond atomName1="CH2" atomName2="HH2"/>
         <Bond atomName1="CH2" atomName2="CZ3"/>
         <Bond atomName1="CZ3" atomName2="HZ3"/>
         <Bond atomName1="CZ3" atomName2="CE3"/>
         <Bond atomName1="CE3" atomName2="HE3"/>
         <Bond atomName1="CE3" atomName2="CD2"/>
         <Bond atomName1="C" atomName2="O"/>
         <ExternalBond atomName="N"/>
         <ExternalBond atomName="C"/>
      </Residue>
      <Residue name="TYR">
         <Atom charge="-0.4157" name="N" type="protein-N"/>
         <Atom charge="0.2719" name="H" type="protein-H"/>
         <Atom charge="-0.0014" name="CA" type="protein-CX"/>
         <Atom charge="0.0876" name="HA" type="protein-H1"/>
         <Atom charge="-0.0152" name="CB" type="protein-CT"/>
         <Atom charge="0.0295" name="HB2" type="protein-HC"/>
         <Atom charge="0.0295" name="HB3" type="protein-HC"/>
         <Atom charge="-0.0011" name="CG" type="protein-CA"/>
         <Atom charge="-0.1906" name="CD1" type="protein-CA"/>
         <Atom charge="0.1699" name="HD1" type="protein-HA"/>
         <Atom charge="-0.2341" name="CE1" type="protein-CA"/>
         <Atom charge="0.1656" name="HE1" type="protein-HA"/>
         <Atom charge="0.3226" name="CZ" type="protein-C"/>
         <Atom charge="-0.5579" name="OH" type="protein-OH"/>
         <Atom charge="0.3992" name="HH" type="protein-HO"/>
         <Atom charge="-0.2341" name="CE2" type="protein-CA"/>
         <Atom charge="0.1656" name="HE2" type="protein-HA"/>
         <Atom charge="-0.1906" name="CD2" type="protein-CA"/>
         <Atom charge="0.1699" name="HD2" type="protein-HA"/>
         <Atom charge="0.5973" name="C" type="protein-C"/>
         <Atom charge="-0.5679" name="O" type="protein-O"/>
         <Bond atomName1="N" atomName2="H"/>
         <Bond atomName1="N" atomName2="CA"/>
         <Bond atomName1="CA" atomName2="HA"/>
         <Bond atomName1="CA" atomName2="CB"/>
         <Bond atomName1="CA" atomName2="C"/>
         <Bond atomName1="CB" atomName2="HB2"/>
         <Bond atomName1="CB" atomName2="HB3"/>
         <Bond atomName1="CB" atomName2="CG"/>
         <Bond atomName1="CG" atomName2="CD1"/>
         <Bond atomName1="CG" atomName2="CD2"/>
         <Bond atomName1="CD1" atomName2="HD1"/>
         <Bond atomName1="CD1" atomName2="CE1"/>
         <Bond atomName1="CE1" atomName2="HE1"/>
         <Bond atomName1="CE1" atomName2="CZ"/>
         <Bond atomName1="CZ" atomName2="OH"/>
         <Bond atomName1="CZ" atomName2="CE2"/>
         <Bond atomName1="OH" atomName2="HH"/>
         <Bond atomName1="CE2" atomName2="HE2"/>
         <Bond atomName1="CE2" atomName2="CD2"/>
         <Bond atomName1="CD2" atomName2="HD2"/>
         <Bond atomName1="C" atomName2="O"/>
         <ExternalBond atomName="N"/>
         <ExternalBond atomName="C"/>
      </Residue>
      <Residue name="VAL">
         <Atom charge="-0.4157" name="N" type="protein-N"/>
         <Atom charge="0.2719" name="H" type="protein-H"/>
         <Atom charge="-0.0875" name="CA" type="protein-CX"/>
         <Atom charge="0.0969" name="HA" type="protein-H1"/>
         <Atom charge="0.2985" name="CB" type="protein-3C"/>
         <Atom charge="-0.0297" name="HB" type="protein-HC"/>
         <Atom charge="-0.3192" name="CG1" type="protein-CT"/>
         <Atom charge="0.0791" name="HG11" type="protein-HC"/>
         <Atom charge="0.0791" name="HG12" type="protein-HC"/>
         <Atom charge="0.0791" name="HG13" type="protein-HC"/>
         <Atom charge="-0.3192" name="CG2" type="protein-CT"/>
         <Atom charge="0.0791" name="HG21" type="protein-HC"/>
         <Atom charge="0.0791" name="HG22" type="protein-HC"/>
         <Atom charge="0.0791" name="HG23" type="protein-HC"/>
         <Atom charge="0.5973" name="C" type="protein-C"/>
         <Atom charge="-0.5679" name="O" type="protein-O"/>
         <Bond atomName1="N" atomName2="H"/>
         <Bond atomName1="N" atomName2="CA"/>
         <Bond atomName1="CA" atomName2="HA"/>
         <Bond atomName1="CA" atomName2="CB"/>
         <Bond atomName1="CA" atomName2="C"/>
         <Bond atomName1="CB" atomName2="HB"/>
         <Bond atomName1="CB" atomName2="CG1"/>
         <Bond atomName1="CB" atomName2="CG2"/>
         <Bond atomName1="CG1" atomName2="HG11"/>
         <Bond atomName1="CG1" atomName2="HG12"/>
         <Bond atomName1="CG1" atomName2="HG13"/>
         <Bond atomName1="CG2" atomName2="HG21"/>
         <Bond atomName1="CG2" atomName2="HG22"/>
         <Bond atomName1="CG2" atomName2="HG23"/>
         <Bond atomName1="C" atomName2="O"/>
         <ExternalBond atomName="N"/>
         <ExternalBond atomName="C"/>
      </Residue>
      <Residue name="CALA">
         <Atom charge="-0.3821" name="N" type="protein-N"/>
         <Atom charge="0.2681" name="H" type="protein-H"/>
         <Atom charge="-0.1747" name="CA" type="protein-CX"/>
         <Atom charge="0.1067" name="HA" type="protein-H1"/>
         <Atom charge="-0.2093" name="CB" type="protein-CT"/>
         <Atom charge="0.0764" name="HB1" type="protein-HC"/>
         <Atom charge="0.0764" name="HB2" type="protein-HC"/>
         <Atom charge="0.0764" name="HB3" type="protein-HC"/>
         <Atom charge="0.7731" name="C" type="protein-C"/>
         <Atom charge="-0.8055" name="O" type="protein-O2"/>
         <Atom charge="-0.8055" name="OXT" type="protein-O2"/>
         <Bond atomName1="N" atomName2="H"/>
         <Bond atomName1="N" atomName2="CA"/>
         <Bond atomName1="CA" atomName2="HA"/>
         <Bond atomName1="CA" atomName2="CB"/>
         <Bond atomName1="CA" atomName2="C"/>
         <Bond atomName1="CB" atomName2="HB1"/>
         <Bond atomName1="CB" atomName2="HB2"/>
         <Bond atomName1="CB" atomName2="HB3"/>
         <Bond atomName1="C" atomName2="O"/>
         <Bond atomName1="C" atomName2="OXT"/>
         <ExternalBond atomName="N"/>
      </Residue>
      <Residue name="CARG">
         <Atom charge="-0.3481" name="N" type="protein-N"/>
         <Atom charge="0.2764" name="H" type="protein-H"/>
         <Atom charge="-0.3068" name="CA" type="protein-CX"/>
         <Atom charge="0.1447" name="HA" type="protein-H1"/>
         <Atom charge="-0.0374" name="CB" type="protein-C8"/>
         <Atom charge="0.0371" name="HB2" type="protein-HC"/>
         <Atom charge="0.0371" name="HB3" type="protein-HC"/>
         <Atom charge="0.0744" name="CG" type="protein-C8"/>
         <Atom charge="0.0185" name="HG2" type="protein-HC"/>
         <Atom charge="0.0185" name="HG3" type="protein-HC"/>
         <Atom charge="0.1114" name="CD" type="protein-C8"/>
         <Atom charge="0.0468" name="HD2" type="protein-H1"/>
         <Atom charge="0.0468" name="HD3" type="protein-H1"/>
         <Atom charge="-0.5564" name="NE" type="protein-N2"/>
         <Atom charge="0.3479" name="HE" type="protein-H"/>
         <Atom charge="0.8368" name="CZ" type="protein-CA"/>
         <Atom charge="-0.8737" name="NH1" type="protein-N2"/>
         <Atom charge="0.4493" name="HH11" type="protein-H"/>
         <Atom charge="0.4493" name="HH12" type="protein-H"/>
         <Atom charge="-0.8737" name="NH2" type="protein-N2"/>
         <Atom charge="0.4493" name="HH21" type="protein-H"/>
         <Atom charge="0.4493" name="HH22" type="protein-H"/>
         <Atom charge="0.8557" name="C" type="protein-C"/>
         <Atom charge="-0.8266" name="O" type="protein-O2"/>
         <Atom charge="-0.8266" name="OXT" type="protein-O2"/>
         <Bond atomName1="N" atomName2="H"/>
         <Bond atomName1="N" atomName2="CA"/>
         <Bond atomName1="CA" atomName2="HA"/>
         <Bond atomName1="CA" atomName2="CB"/>
         <Bond atomName1="CA" atomName2="C"/>
         <Bond atomName1="CB" atomName2="HB2"/>
         <Bond atomName1="CB" atomName2="HB3"/>
         <Bond atomName1="CB" atomName2="CG"/>
         <Bond atomName1="CG" atomName2="HG2"/>
         <Bond atomName1="CG" atomName2="HG3"/>
         <Bond atomName1="CG" atomName2="CD"/>
         <Bond atomName1="CD" atomName2="HD2"/>
         <Bond atomName1="CD" atomName2="HD3"/>
         <Bond atomName1="CD" atomName2="NE"/>
         <Bond atomName1="NE" atomName2="HE"/>
         <Bond atomName1="NE" atomName2="CZ"/>
         <Bond atomName1="CZ" atomName2="NH1"/>
         <Bond atomName1="CZ" atomName2="NH2"/>
         <Bond atomName1="NH1" atomName2="HH11"/>
         <Bond atomName1="NH1" atomName2="HH12"/>
         <Bond atomName1="NH2" atomName2="HH21"/>
         <Bond atomName1="NH2" atomName2="HH22"/>
         <Bond atomName1="C" atomName2="O"/>
         <Bond atomName1="C" atomName2="OXT"/>
         <ExternalBond atomName="N"/>
      </Residue>
      <Residue name="CASN">
         <Atom charge="-0.3821" name="N" type="protein-N"/>
         <Atom charge="0.2681" name="H" type="protein-H"/>
         <Atom charge="-0.208" name="CA" type="protein-CX"/>
         <Atom charge="0.1358" name="HA" type="protein-H1"/>
         <Atom charge="-0.2299" name="CB" type="protein-2C"/>
         <Atom charge="0.1023" name="HB2" type="protein-HC"/>
         <Atom charge="0.1023" name="HB3" type="protein-HC"/>
         <Atom charge="0.7153" name="CG" type="protein-C"/>
         <Atom charge="-0.601" name="OD1" type="protein-O"/>
         <Atom charge="-0.9084" name="ND2" type="protein-N"/>
         <Atom charge="0.415" name="HD21" type="protein-H"/>
         <Atom charge="0.415" name="HD22" type="protein-H"/>
         <Atom charge="0.805" name="C" type="protein-C"/>
         <Atom charge="-0.8147" name="O" type="protein-O2"/>
         <Atom charge="-0.8147" name="OXT" type="protein-O2"/>
         <Bond atomName1="N" atomName2="H"/>
         <Bond atomName1="N" atomName2="CA"/>
         <Bond atomName1="CA" atomName2="HA"/>
         <Bond atomName1="CA" atomName2="CB"/>
         <Bond atomName1="CA" atomName2="C"/>
         <Bond atomName1="CB" atomName2="HB2"/>
         <Bond atomName1="CB" atomName2="HB3"/>
         <Bond atomName1="CB" atomName2="CG"/>
         <Bond atomName1="CG" atomName2="OD1"/>
         <Bond atomName1="CG" atomName2="ND2"/>
         <Bond atomName1="ND2" atomName2="HD21"/>
         <Bond atomName1="ND2" atomName2="HD22"/>
         <Bond atomName1="C" atomName2="O"/>
         <Bond atomName1="C" atomName2="OXT"/>
         <ExternalBond atomName="N"/>
      </Residue>
      <Residue name="CASP">
         <Atom charge="-0.5192" name="N" type="protein-N"/>
         <Atom charge="0.3055" name="H" type="protein-H"/>
         <Atom charge="-0.1817" name="CA" type="protein-CX"/>
         <Atom charge="0.1046" name="HA" type="protein-H1"/>
         <Atom charge="-0.0677" name="CB" type="protein-2C"/>
         <Atom charge="-0.0212" name="HB2" type="protein-HC"/>
         <Atom charge="-0.0212" name="HB3" type="protein-HC"/>
         <Atom charge="0.8851" name="CG" type="protein-CO"/>
         <Atom charge="-0.8162" name="OD1" type="protein-O2"/>
         <Atom charge="-0.8162" name="OD2" type="protein-O2"/>
         <Atom charge="0.7256" name="C" type="protein-C"/>
         <Atom charge="-0.7887" name="O" type="protein-O2"/>
         <Atom charge="-0.7887" name="OXT" type="protein-O2"/>
         <Bond atomName1="N" atomName2="H"/>
         <Bond atomName1="N" atomName2="CA"/>
         <Bond atomName1="CA" atomName2="HA"/>
         <Bond atomName1="CA" atomName2="CB"/>
         <Bond atomName1="CA" atomName2="C"/>
         <Bond atomName1="CB" atomName2="HB2"/>
         <Bond atomName1="CB" atomName2="HB3"/>
         <Bond atomName1="CB" atomName2="CG"/>
         <Bond atomName1="CG" atomName2="OD1"/>
         <Bond atomName1="CG" atomName2="OD2"/>
         <Bond atomName1="C" atomName2="O"/>
         <Bond atomName1="C" atomName2="OXT"/>
         <ExternalBond atomName="N"/>
      </Residue>
      <Residue name="CCYS">
         <Atom charge="-0.3821" name="N" type="protein-N"/>
         <Atom charge="0.2681" name="H" type="protein-H"/>
         <Atom charge="-0.1635" name="CA" type="protein-CX"/>
         <Atom charge="0.1396" name="HA" type="protein-H1"/>
         <Atom charge="-0.1996" name="CB" type="protein-2C"/>
         <Atom charge="0.1437" name="HB2" type="protein-H1"/>
         <Atom charge="0.1437" name="HB3" type="protein-H1"/>
         <Atom charge="-0.3102" name="SG" type="protein-SH"/>
         <Atom charge="0.2068" name="HG" type="protein-HS"/>
         <Atom charge="0.7497" name="C" type="protein-C"/>
         <Atom charge="-0.7981" name="O" type="protein-O2"/>
         <Atom charge="-0.7981" name="OXT" type="protein-O2"/>
         <Bond atomName1="N" atomName2="H"/>
         <Bond atomName1="N" atomName2="CA"/>
         <Bond atomName1="CA" atomName2="HA"/>
         <Bond atomName1="CA" atomName2="CB"/>
         <Bond atomName1="CA" atomName2="C"/>
         <Bond atomName1="CB" atomName2="HB2"/>
         <Bond atomName1="CB" atomName2="HB3"/>
         <Bond atomName1="CB" atomName2="SG"/>
         <Bond atomName1="SG" atomName2="HG"/>
         <Bond atomName1="C" atomName2="O"/>
         <Bond atomName1="C" atomName2="OXT"/>
         <ExternalBond atomName="N"/>
      </Residue>
      <Residue name="CCYX">
         <Atom charge="-0.3821" name="N" type="protein-N"/>
         <Atom charge="0.2681" name="H" type="protein-H"/>
         <Atom charge="-0.1318" name="CA" type="protein-CX"/>
         <Atom charge="0.0938" name="HA" type="protein-H1"/>
         <Atom charge="-0.1943" name="CB" type="protein-2C"/>
         <Atom charge="0.1228" name="HB2" type="protein-H1"/>
         <Atom charge="0.1228" name="HB3" type="protein-H1"/>
         <Atom charge="-0.0529" name="SG" type="protein-S"/>
         <Atom charge="0.7618" name="C" type="protein-C"/>
         <Atom charge="-0.8041" name="O" type="protein-O2"/>
         <Atom charge="-0.8041" name="OXT" type="protein-O2"/>
         <Bond atomName1="N" atomName2="H"/>
         <Bond atomName1="N" atomName2="CA"/>
         <Bond atomName1="CA" atomName2="HA"/>
         <Bond atomName1="CA" atomName2="CB"/>
         <Bond atomName1="CA" atomName2="C"/>
         <Bond atomName1="CB" atomName2="HB2"/>
         <Bond atomName1="CB" atomName2="HB3"/>
         <Bond atomName1="CB" atomName2="SG"/>
         <Bond atomName1="C" atomName2="O"/>
         <Bond atomName1="C" atomName2="OXT"/>
         <ExternalBond atomName="SG"/>
         <ExternalBond atomName="N"/>
      </Residue>
      <Residue name="CGLN">
         <Atom charge="-0.3821" name="N" type="protein-N"/>
         <Atom charge="0.2681" name="H" type="protein-H"/>
         <Atom charge="-0.2248" name="CA" type="protein-CX"/>
         <Atom charge="0.1232" name="HA" type="protein-H1"/>
         <Atom charge="-0.0664" name="CB" type="protein-2C"/>
         <Atom charge="0.0452" name="HB2" type="protein-HC"/>
         <Atom charge="0.0452" name="HB3" type="protein-HC"/>
         <Atom charge="-0.021" name="CG" type="protein-2C"/>
         <Atom charge="0.0203" name="HG2" type="protein-HC"/>
         <Atom charge="0.0203" name="HG3" type="protein-HC"/>
         <Atom charge="0.7093" name="CD" type="protein-C"/>
         <Atom charge="-0.6098" name="OE1" type="protein-O"/>
         <Atom charge="-0.9574" name="NE2" type="protein-N"/>
         <Atom charge="0.4304" name="HE21" type="protein-H"/>
         <Atom charge="0.4304" name="HE22" type="protein-H"/>
         <Atom charge="0.7775" name="C" type="protein-C"/>
         <Atom charge="-0.8042" name="O" type="protein-O2"/>
         <Atom charge="-0.8042" name="OXT" type="protein-O2"/>
         <Bond atomName1="N" atomName2="H"/>
         <Bond atomName1="N" atomName2="CA"/>
         <Bond atomName1="CA" atomName2="HA"/>
         <Bond atomName1="CA" atomName2="CB"/>
         <Bond atomName1="CA" atomName2="C"/>
         <Bond atomName1="CB" atomName2="HB2"/>
         <Bond atomName1="CB" atomName2="HB3"/>
         <Bond atomName1="CB" atomName2="CG"/>
         <Bond atomName1="CG" atomName2="HG2"/>
         <Bond atomName1="CG" atomName2="HG3"/>
         <Bond atomName1="CG" atomName2="CD"/>
         <Bond atomName1="CD" atomName2="OE1"/>
         <Bond atomName1="CD" atomName2="NE2"/>
         <Bond atomName1="NE2" atomName2="HE21"/>
         <Bond atomName1="NE2" atomName2="HE22"/>
         <Bond atomName1="C" atomName2="O"/>
         <Bond atomName1="C" atomName2="OXT"/>
         <ExternalBond atomName="N"/>
      </Residue>
      <Residue name="CGLU">
         <Atom charge="-0.5192" name="N" type="protein-N"/>
         <Atom charge="0.3055" name="H" type="protein-H"/>
         <Atom charge="-0.2059" name="CA" type="protein-CX"/>
         <Atom charge="0.1399" name="HA" type="protein-H1"/>
         <Atom charge="0.0071" name="CB" type="protein-2C"/>
         <Atom charge="-0.0078" name="HB2" type="protein-HC"/>
         <Atom charge="-0.0078" name="HB3" type="protein-HC"/>
         <Atom charge="0.0675" name="CG" type="protein-2C"/>
         <Atom charge="-0.0548" name="HG2" type="protein-HC"/>
         <Atom charge="-0.0548" name="HG3" type="protein-HC"/>
         <Atom charge="0.8183" name="CD" type="protein-CO"/>
         <Atom charge="-0.822" name="OE1" type="protein-O2"/>
         <Atom charge="-0.822" name="OE2" type="protein-O2"/>
         <Atom charge="0.742" name="C" type="protein-C"/>
         <Atom charge="-0.793" name="O" type="protein-O2"/>
         <Atom charge="-0.793" name="OXT" type="protein-O2"/>
         <Bond atomName1="N" atomName2="H"/>
         <Bond atomName1="N" atomName2="CA"/>
         <Bond atomName1="CA" atomName2="HA"/>
         <Bond atomName1="CA" atomName2="CB"/>
         <Bond atomName1="CA" atomName2="C"/>
         <Bond atomName1="CB" atomName2="HB2"/>
         <Bond atomName1="CB" atomName2="HB3"/>
         <Bond atomName1="CB" atomName2="CG"/>
         <Bond atomName1="CG" atomName2="HG2"/>
         <Bond atomName1="CG" atomName2="HG3"/>
         <Bond atomName1="CG" atomName2="CD"/>
         <Bond atomName1="CD" atomName2="OE1"/>
         <Bond atomName1="CD" atomName2="OE2"/>
         <Bond atomName1="C" atomName2="O"/>
         <Bond atomName1="C" atomName2="OXT"/>
         <ExternalBond atomName="N"/>
      </Residue>
      <Residue name="CGLY">
         <Atom charge="-0.3821" name="N" type="protein-N"/>
         <Atom charge="0.2681" name="H" type="protein-H"/>
         <Atom charge="-0.2493" name="CA" type="protein-CX"/>
         <Atom charge="0.1056" name="HA2" type="protein-H1"/>
         <Atom charge="0.1056" name="HA3" type="protein-H1"/>
         <Atom charge="0.7231" name="C" type="protein-C"/>
         <Atom charge="-0.7855" name="O" type="protein-O2"/>
         <Atom charge="-0.7855" name="OXT" type="protein-O2"/>
         <Bond atomName1="N" atomName2="H"/>
         <Bond atomName1="N" atomName2="CA"/>
         <Bond atomName1="CA" atomName2="HA2"/>
         <Bond atomName1="CA" atomName2="HA3"/>
         <Bond atomName1="CA" atomName2="C"/>
         <Bond atomName1="C" atomName2="O"/>
         <Bond atomName1="C" atomName2="OXT"/>
         <ExternalBond atomName="N"/>
      </Residue>
      <Residue name="CHID">
         <Atom charge="-0.3821" name="N" type="protein-N"/>
         <Atom charge="0.2681" name="H" type="protein-H"/>
         <Atom charge="-0.1739" name="CA" type="protein-CX"/>
         <Atom charge="0.11" name="HA" type="protein-H1"/>
         <Atom charge="-0.1046" name="CB" type="protein-CT"/>
         <Atom charge="0.0565" name="HB2" type="protein-HC"/>
         <Atom charge="0.0565" name="HB3" type="protein-HC"/>
         <Atom charge="0.0293" name="CG" type="protein-CC"/>
         <Atom charge="-0.3892" name="ND1" type="protein-NA"/>
         <Atom charge="0.3755" name="HD1" type="protein-H"/>
         <Atom charge="0.1925" name="CE1" type="protein-CR"/>
         <Atom charge="0.1418" name="HE1" type="protein-H5"/>
         <Atom charge="-0.5629" name="NE2" type="protein-NB"/>
         <Atom charge="0.1001" name="CD2" type="protein-CV"/>
         <Atom charge="0.1241" name="HD2" type="protein-H4"/>
         <Atom charge="0.7615" name="C" type="protein-C"/>
         <Atom charge="-0.8016" name="O" type="protein-O2"/>
         <Atom charge="-0.8016" name="OXT" type="protein-O2"/>
         <Bond atomName1="N" atomName2="H"/>
         <Bond atomName1="N" atomName2="CA"/>
         <Bond atomName1="CA" atomName2="HA"/>
         <Bond atomName1="CA" atomName2="CB"/>
         <Bond atomName1="CA" atomName2="C"/>
         <Bond atomName1="CB" atomName2="HB2"/>
         <Bond atomName1="CB" atomName2="HB3"/>
         <Bond atomName1="CB" atomName2="CG"/>
         <Bond atomName1="CG" atomName2="ND1"/>
         <Bond atomName1="CG" atomName2="CD2"/>
         <Bond atomName1="ND1" atomName2="HD1"/>
         <Bond atomName1="ND1" atomName2="CE1"/>
         <Bond atomName1="CE1" atomName2="HE1"/>
         <Bond atomName1="CE1" atomName2="NE2"/>
         <Bond atomName1="NE2" atomName2="CD2"/>
         <Bond atomName1="CD2" atomName2="HD2"/>
         <Bond atomName1="C" atomName2="O"/>
         <Bond atomName1="C" atomName2="OXT"/>
         <ExternalBond atomName="N"/>
      </Residue>
      <Residue name="CHIE">
         <Atom charge="-0.3821" name="N" type="protein-N"/>
         <Atom charge="0.2681" name="H" type="protein-H"/>
         <Atom charge="-0.2699" name="CA" type="protein-CX"/>
         <Atom charge="0.165" name="HA" type="protein-H1"/>
         <Atom charge="-0.1068" name="CB" type="protein-CT"/>
         <Atom charge="0.062" name="HB2" type="protein-HC"/>
         <Atom charge="0.062" name="HB3" type="protein-HC"/>
         <Atom charge="0.2724" name="CG" type="protein-CC"/>
         <Atom charge="-0.5517" name="ND1" type="protein-NB"/>
         <Atom charge="0.1558" name="CE1" type="protein-CR"/>
         <Atom charge="0.1448" name="HE1" type="protein-H5"/>
         <Atom charge="-0.267" name="NE2" type="protein-NA"/>
         <Atom charge="0.3319" name="HE2" type="protein-H"/>
         <Atom charge="-0.2588" name="CD2" type="protein-CW"/>
         <Atom charge="0.1957" name="HD2" type="protein-H4"/>
         <Atom charge="0.7916" name="C" type="protein-C"/>
         <Atom charge="-0.8065" name="O" type="protein-O2"/>
         <Atom charge="-0.8065" name="OXT" type="protein-O2"/>
         <Bond atomName1="N" atomName2="H"/>
         <Bond atomName1="N" atomName2="CA"/>
         <Bond atomName1="CA" atomName2="HA"/>
         <Bond atomName1="CA" atomName2="CB"/>
         <Bond atomName1="CA" atomName2="C"/>
         <Bond atomName1="CB" atomName2="HB2"/>
         <Bond atomName1="CB" atomName2="HB3"/>
         <Bond atomName1="CB" atomName2="CG"/>
         <Bond atomName1="CG" atomName2="ND1"/>
         <Bond atomName1="CG" atomName2="CD2"/>
         <Bond atomName1="ND1" atomName2="CE1"/>
         <Bond atomName1="CE1" atomName2="HE1"/>
         <Bond atomName1="CE1" atomName2="NE2"/>
         <Bond atomName1="NE2" atomName2="HE2"/>
         <Bond atomName1="NE2" atomName2="CD2"/>
         <Bond atomName1="CD2" atomName2="HD2"/>
         <Bond atomName1="C" atomName2="O"/>
         <Bond atomName1="C" atomName2="OXT"/>
         <ExternalBond atomName="N"/>
      </Residue>
      <Residue name="CHIP">
         <Atom charge="-0.3481" name="N" type="protein-N"/>
         <Atom charge="0.2764" name="H" type="protein-H"/>
         <Atom charge="-0.1445" name="CA" type="protein-CX"/>
         <Atom charge="0.1115" name="HA" type="protein-H1"/>
         <Atom charge="-0.08" name="CB" type="protein-CT"/>
         <Atom charge="0.0868" name="HB2" type="protein-HC"/>
         <Atom charge="0.0868" name="HB3" type="protein-HC"/>
         <Atom charge="0.0298" name="CG" type="protein-CC"/>
         <Atom charge="-0.1501" name="ND1" type="protein-NA"/>
         <Atom charge="0.3883" name="HD1" type="protein-H"/>
         <Atom charge="-0.0251" name="CE1" type="protein-CR"/>
         <Atom charge="0.2694" name="HE1" type="protein-H5"/>
         <Atom charge="-0.1683" name="NE2" type="protein-NA"/>
         <Atom charge="0.3913" name="HE2" type="protein-H"/>
         <Atom charge="-0.1256" name="CD2" type="protein-CW"/>
         <Atom charge="0.2336" name="HD2" type="protein-H4"/>
         <Atom charge="0.8032" name="C" type="protein-C"/>
         <Atom charge="-0.8177" name="O" type="protein-O2"/>
         <Atom charge="-0.8177" name="OXT" type="protein-O2"/>
         <Bond atomName1="N" atomName2="H"/>
         <Bond atomName1="N" atomName2="CA"/>
         <Bond atomName1="CA" atomName2="HA"/>
         <Bond atomName1="CA" atomName2="CB"/>
         <Bond atomName1="CA" atomName2="C"/>
         <Bond atomName1="CB" atomName2="HB2"/>
         <Bond atomName1="CB" atomName2="HB3"/>
         <Bond atomName1="CB" atomName2="CG"/>
         <Bond atomName1="CG" atomName2="ND1"/>
         <Bond atomName1="CG" atomName2="CD2"/>
         <Bond atomName1="ND1" atomName2="HD1"/>
         <Bond atomName1="ND1" atomName2="CE1"/>
         <Bond atomName1="CE1" atomName2="HE1"/>
         <Bond atomName1="CE1" atomName2="NE2"/>
         <Bond atomName1="NE2" atomName2="HE2"/>
         <Bond atomName1="NE2" atomName2="CD2"/>
         <Bond atomName1="CD2" atomName2="HD2"/>
         <Bond atomName1="C" atomName2="O"/>
         <Bond atomName1="C" atomName2="OXT"/>
         <ExternalBond atomName="N"/>
      </Residue>
      <Residue name="CHYP">
         <Atom charge="-0.2802" name="N" type="protein-N"/>
         <Atom charge="0.0778" name="CD" type="protein-CT"/>
         <Atom charge="0.0331" name="HD22" type="protein-H1"/>
         <Atom charge="0.0331" name="HD23" type="protein-H1"/>
         <Atom charge="0.081" name="CG" type="protein-CT"/>
         <Atom charge="0.0416" name="HG" type="protein-H1"/>
         <Atom charge="-0.6134" name="OD1" type="protein-OH"/>
         <Atom charge="0.3851" name="HD1" type="protein-HO"/>
         <Atom charge="0.0547" name="CB" type="protein-CT"/>
         <Atom charge="0.0426" name="HB2" type="protein-HC"/>
         <Atom charge="0.0426" name="HB3" type="protein-HC"/>
         <Atom charge="-0.0993" name="CA" type="protein-CX"/>
         <Atom charge="0.0776" name="HA" type="protein-H1"/>
         <Atom charge="0.6631" name="C" type="protein-C"/>
         <Atom charge="-0.7697" name="O" type="protein-O2"/>
         <Atom charge="-0.7697" name="OXT" type="protein-O2"/>
         <Bond atomName1="N" atomName2="CD"/>
         <Bond atomName1="N" atomName2="CA"/>
         <Bond atomName1="CD" atomName2="HD22"/>
         <Bond atomName1="CD" atomName2="HD23"/>
         <Bond atomName1="CD" atomName2="CG"/>
         <Bond atomName1="CG" atomName2="HG"/>
         <Bond atomName1="CG" atomName2="OD1"/>
         <Bond atomName1="CG" atomName2="CB"/>
         <Bond atomName1="OD1" atomName2="HD1"/>
         <Bond atomName1="CB" atomName2="HB2"/>
         <Bond atomName1="CB" atomName2="HB3"/>
         <Bond atomName1="CB" atomName2="CA"/>
         <Bond atomName1="CA" atomName2="HA"/>
         <Bond atomName1="CA" atomName2="C"/>
         <Bond atomName1="C" atomName2="O"/>
         <Bond atomName1="C" atomName2="OXT"/>
         <ExternalBond atomName="N"/>
      </Residue>
      <Residue name="CILE">
         <Atom charge="-0.3821" name="N" type="protein-N"/>
         <Atom charge="0.2681" name="H" type="protein-H"/>
         <Atom charge="-0.31" name="CA" type="protein-CX"/>
         <Atom charge="0.1375" name="HA" type="protein-H1"/>
         <Atom charge="0.0363" name="CB" type="protein-3C"/>
         <Atom charge="0.0766" name="HB" type="protein-HC"/>
         <Atom charge="-0.3498" name="CG2" type="protein-CT"/>
         <Atom charge="0.1021" name="HG21" type="protein-HC"/>
         <Atom charge="0.1021" name="HG22" type="protein-HC"/>
         <Atom charge="0.1021" name="HG23" type="protein-HC"/>
         <Atom charge="-0.0323" name="CG1" type="protein-2C"/>
         <Atom charge="0.0321" name="HG12" type="protein-HC"/>
         <Atom charge="0.0321" name="HG13" type="protein-HC"/>
         <Atom charge="-0.0699" name="CD1" type="protein-CT"/>
         <Atom charge="0.0196" name="HD11" type="protein-HC"/>
         <Atom charge="0.0196" name="HD12" type="protein-HC"/>
         <Atom charge="0.0196" name="HD13" type="protein-HC"/>
         <Atom charge="0.8343" name="C" type="protein-C"/>
         <Atom charge="-0.819" name="O" type="protein-O2"/>
         <Atom charge="-0.819" name="OXT" type="protein-O2"/>
         <Bond atomName1="N" atomName2="H"/>
         <Bond atomName1="N" atomName2="CA"/>
         <Bond atomName1="CA" atomName2="HA"/>
         <Bond atomName1="CA" atomName2="CB"/>
         <Bond atomName1="CA" atomName2="C"/>
         <Bond atomName1="CB" atomName2="HB"/>
         <Bond atomName1="CB" atomName2="CG2"/>
         <Bond atomName1="CB" atomName2="CG1"/>
         <Bond atomName1="CG2" atomName2="HG21"/>
         <Bond atomName1="CG2" atomName2="HG22"/>
         <Bond atomName1="CG2" atomName2="HG23"/>
         <Bond atomName1="CG1" atomName2="HG12"/>
         <Bond atomName1="CG1" atomName2="HG13"/>
         <Bond atomName1="CG1" atomName2="CD1"/>
         <Bond atomName1="CD1" atomName2="HD11"/>
         <Bond atomName1="CD1" atomName2="HD12"/>
         <Bond atomName1="CD1" atomName2="HD13"/>
         <Bond atomName1="C" atomName2="O"/>
         <Bond atomName1="C" atomName2="OXT"/>
         <ExternalBond atomName="N"/>
      </Residue>
      <Residue name="CLEU">
         <Atom charge="-0.3821" name="N" type="protein-N"/>
         <Atom charge="0.2681" name="H" type="protein-H"/>
         <Atom charge="-0.2847" name="CA" type="protein-CX"/>
         <Atom charge="0.1346" name="HA" type="protein-H1"/>
         <Atom charge="-0.2469" name="CB" type="protein-2C"/>
         <Atom charge="0.0974" name="HB2" type="protein-HC"/>
         <Atom charge="0.0974" name="HB3" type="protein-HC"/>
         <Atom charge="0.3706" name="CG" type="protein-3C"/>
         <Atom charge="-0.0374" name="HG" type="protein-HC"/>
         <Atom charge="-0.4163" name="CD1" type="protein-CT"/>
         <Atom charge="0.1038" name="HD11" type="protein-HC"/>
         <Atom charge="0.1038" name="HD12" type="protein-HC"/>
         <Atom charge="0.1038" name="HD13" type="protein-HC"/>
         <Atom charge="-0.4163" name="CD2" type="protein-CT"/>
         <Atom charge="0.1038" name="HD21" type="protein-HC"/>
         <Atom charge="0.1038" name="HD22" type="protein-HC"/>
         <Atom charge="0.1038" name="HD23" type="protein-HC"/>
         <Atom charge="0.8326" name="C" type="protein-C"/>
         <Atom charge="-0.8199" name="O" type="protein-O2"/>
         <Atom charge="-0.8199" name="OXT" type="protein-O2"/>
         <Bond atomName1="N" atomName2="H"/>
         <Bond atomName1="N" atomName2="CA"/>
         <Bond atomName1="CA" atomName2="HA"/>
         <Bond atomName1="CA" atomName2="CB"/>
         <Bond atomName1="CA" atomName2="C"/>
         <Bond atomName1="CB" atomName2="HB2"/>
         <Bond atomName1="CB" atomName2="HB3"/>
         <Bond atomName1="CB" atomName2="CG"/>
         <Bond atomName1="CG" atomName2="HG"/>
         <Bond atomName1="CG" atomName2="CD1"/>
         <Bond atomName1="CG" atomName2="CD2"/>
         <Bond atomName1="CD1" atomName2="HD11"/>
         <Bond atomName1="CD1" atomName2="HD12"/>
         <Bond atomName1="CD1" atomName2="HD13"/>
         <Bond atomName1="CD2" atomName2="HD21"/>
         <Bond atomName1="CD2" atomName2="HD22"/>
         <Bond atomName1="CD2" atomName2="HD23"/>
         <Bond atomName1="C" atomName2="O"/>
         <Bond atomName1="C" atomName2="OXT"/>
         <ExternalBond atomName="N"/>
      </Residue>
      <Residue name="CLYS">
         <Atom charge="-0.3481" name="N" type="protein-N"/>
         <Atom charge="0.2764" name="H" type="protein-H"/>
         <Atom charge="-0.2903" name="CA" type="protein-CX"/>
         <Atom charge="0.1438" name="HA" type="protein-H1"/>
         <Atom charge="-0.0538" name="CB" type="protein-C8"/>
         <Atom charge="0.0482" name="HB2" type="protein-HC"/>
         <Atom charge="0.0482" name="HB3" type="protein-HC"/>
         <Atom charge="0.0227" name="CG" type="protein-C8"/>
         <Atom charge="0.0134" name="HG2" type="protein-HC"/>
         <Atom charge="0.0134" name="HG3" type="protein-HC"/>
         <Atom charge="-0.0392" name="CD" type="protein-C8"/>
         <Atom charge="0.0611" name="HD2" type="protein-HC"/>
         <Atom charge="0.0611" name="HD3" type="protein-HC"/>
         <Atom charge="-0.0176" name="CE" type="protein-C8"/>
         <Atom charge="0.1121" name="HE2" type="protein-HP"/>
         <Atom charge="0.1121" name="HE3" type="protein-HP"/>
         <Atom charge="-0.3741" name="NZ" type="protein-N3"/>
         <Atom charge="0.3374" name="HZ1" type="protein-H"/>
         <Atom charge="0.3374" name="HZ2" type="protein-H"/>
         <Atom charge="0.3374" name="HZ3" type="protein-H"/>
         <Atom charge="0.8488" name="C" type="protein-C"/>
         <Atom charge="-0.8252" name="O" type="protein-O2"/>
         <Atom charge="-0.8252" name="OXT" type="protein-O2"/>
         <Bond atomName1="N" atomName2="H"/>
         <Bond atomName1="N" atomName2="CA"/>
         <Bond atomName1="CA" atomName2="HA"/>
         <Bond atomName1="CA" atomName2="CB"/>
         <Bond atomName1="CA" atomName2="C"/>
         <Bond atomName1="CB" atomName2="HB2"/>
         <Bond atomName1="CB" atomName2="HB3"/>
         <Bond atomName1="CB" atomName2="CG"/>
         <Bond atomName1="CG" atomName2="HG2"/>
         <Bond atomName1="CG" atomName2="HG3"/>
         <Bond atomName1="CG" atomName2="CD"/>
         <Bond atomName1="CD" atomName2="HD2"/>
         <Bond atomName1="CD" atomName2="HD3"/>
         <Bond atomName1="CD" atomName2="CE"/>
         <Bond atomName1="CE" atomName2="HE2"/>
         <Bond atomName1="CE" atomName2="HE3"/>
         <Bond atomName1="CE" atomName2="NZ"/>
         <Bond atomName1="NZ" atomName2="HZ1"/>
         <Bond atomName1="NZ" atomName2="HZ2"/>
         <Bond atomName1="NZ" atomName2="HZ3"/>
         <Bond atomName1="C" atomName2="O"/>
         <Bond atomName1="C" atomName2="OXT"/>
         <ExternalBond atomName="N"/>
      </Residue>
      <Residue name="CMET">
         <Atom charge="-0.3821" name="N" type="protein-N"/>
         <Atom charge="0.2681" name="H" type="protein-H"/>
         <Atom charge="-0.2597" name="CA" type="protein-CX"/>
         <Atom charge="0.1277" name="HA" type="protein-H1"/>
         <Atom charge="-0.0236" name="CB" type="protein-2C"/>
         <Atom charge="0.048" name="HB2" type="protein-HC"/>
         <Atom charge="0.048" name="HB3" type="protein-HC"/>
         <Atom charge="0.0492" name="CG" type="protein-2C"/>
         <Atom charge="0.0317" name="HG2" type="protein-H1"/>
         <Atom charge="0.0317" name="HG3" type="protein-H1"/>
         <Atom charge="-0.2692" name="SD" type="protein-S"/>
         <Atom charge="-0.0376" name="CE" type="protein-CT"/>
         <Atom charge="0.0625" name="HE1" type="protein-H1"/>
         <Atom charge="0.0625" name="HE2" type="protein-H1"/>
         <Atom charge="0.0625" name="HE3" type="protein-H1"/>
         <Atom charge="0.8013" name="C" type="protein-C"/>
         <Atom charge="-0.8105" name="O" type="protein-O2"/>
         <Atom charge="-0.8105" name="OXT" type="protein-O2"/>
         <Bond atomName1="N" atomName2="H"/>
         <Bond atomName1="N" atomName2="CA"/>
         <Bond atomName1="CA" atomName2="HA"/>
         <Bond atomName1="CA" atomName2="CB"/>
         <Bond atomName1="CA" atomName2="C"/>
         <Bond atomName1="CB" atomName2="HB2"/>
         <Bond atomName1="CB" atomName2="HB3"/>
         <Bond atomName1="CB" atomName2="CG"/>
         <Bond atomName1="CG" atomName2="HG2"/>
         <Bond atomName1="CG" atomName2="HG3"/>
         <Bond atomName1="CG" atomName2="SD"/>
         <Bond atomName1="SD" atomName2="CE"/>
         <Bond atomName1="CE" atomName2="HE1"/>
         <Bond atomName1="CE" atomName2="HE2"/>
         <Bond atomName1="CE" atomName2="HE3"/>
         <Bond atomName1="C" atomName2="O"/>
         <Bond atomName1="C" atomName2="OXT"/>
         <ExternalBond atomName="N"/>
      </Residue>
      <Residue name="CPHE">
         <Atom charge="-0.3821" name="N" type="protein-N"/>
         <Atom charge="0.2681" name="H" type="protein-H"/>
         <Atom charge="-0.1825" name="CA" type="protein-CX"/>
         <Atom charge="0.1098" name="HA" type="protein-H1"/>
         <Atom charge="-0.0959" name="CB" type="protein-CT"/>
         <Atom charge="0.0443" name="HB2" type="protein-HC"/>
         <Atom charge="0.0443" name="HB3" type="protein-HC"/>
         <Atom charge="0.0552" name="CG" type="protein-CA"/>
         <Atom charge="-0.13" name="CD1" type="protein-CA"/>
         <Atom charge="0.1408" name="HD1" type="protein-HA"/>
         <Atom charge="-0.1847" name="CE1" type="protein-CA"/>
         <Atom charge="0.1461" name="HE1" type="protein-HA"/>
         <Atom charge="-0.0944" name="CZ" type="protein-CA"/>
         <Atom charge="0.128" name="HZ" type="protein-HA"/>
         <Atom charge="-0.1847" name="CE2" type="protein-CA"/>
         <Atom charge="0.1461" name="HE2" type="protein-HA"/>
         <Atom charge="-0.13" name="CD2" type="protein-CA"/>
         <Atom charge="0.1408" name="HD2" type="protein-HA"/>
         <Atom charge="0.766" name="C" type="protein-C"/>
         <Atom charge="-0.8026" name="O" type="protein-O2"/>
         <Atom charge="-0.8026" name="OXT" type="protein-O2"/>
         <Bond atomName1="N" atomName2="H"/>
         <Bond atomName1="N" atomName2="CA"/>
         <Bond atomName1="CA" atomName2="HA"/>
         <Bond atomName1="CA" atomName2="CB"/>
         <Bond atomName1="CA" atomName2="C"/>
         <Bond atomName1="CB" atomName2="HB2"/>
         <Bond atomName1="CB" atomName2="HB3"/>
         <Bond atomName1="CB" atomName2="CG"/>
         <Bond atomName1="CG" atomName2="CD1"/>
         <Bond atomName1="CG" atomName2="CD2"/>
         <Bond atomName1="CD1" atomName2="HD1"/>
         <Bond atomName1="CD1" atomName2="CE1"/>
         <Bond atomName1="CE1" atomName2="HE1"/>
         <Bond atomName1="CE1" atomName2="CZ"/>
         <Bond atomName1="CZ" atomName2="HZ"/>
         <Bond atomName1="CZ" atomName2="CE2"/>
         <Bond atomName1="CE2" atomName2="HE2"/>
         <Bond atomName1="CE2" atomName2="CD2"/>
         <Bond atomName1="CD2" atomName2="HD2"/>
         <Bond atomName1="C" atomName2="O"/>
         <Bond atomName1="C" atomName2="OXT"/>
         <ExternalBond atomName="N"/>
      </Residue>
      <Residue name="CPRO">
         <Atom charge="-0.2802" name="N" type="protein-N"/>
         <Atom charge="0.0434" name="CD" type="protein-CT"/>
         <Atom charge="0.0331" name="HD2" type="protein-H1"/>
         <Atom charge="0.0331" name="HD3" type="protein-H1"/>
         <Atom charge="0.0466" name="CG" type="protein-CT"/>
         <Atom charge="0.0172" name="HG2" type="protein-HC"/>
         <Atom charge="0.0172" name="HG3" type="protein-HC"/>
         <Atom charge="-0.0543" name="CB" type="protein-CT"/>
         <Atom charge="0.0381" name="HB2" type="protein-HC"/>
         <Atom charge="0.0381" name="HB3" type="protein-HC"/>
         <Atom charge="-0.1336" name="CA" type="protein-CX"/>
         <Atom charge="0.0776" name="HA" type="protein-H1"/>
         <Atom charge="0.6631" name="C" type="protein-C"/>
         <Atom charge="-0.7697" name="O" type="protein-O2"/>
         <Atom charge="-0.7697" name="OXT" type="protein-O2"/>
         <Bond atomName1="N" atomName2="CD"/>
         <Bond atomName1="N" atomName2="CA"/>
         <Bond atomName1="CD" atomName2="HD2"/>
         <Bond atomName1="CD" atomName2="HD3"/>
         <Bond atomName1="CD" atomName2="CG"/>
         <Bond atomName1="CG" atomName2="HG2"/>
         <Bond atomName1="CG" atomName2="HG3"/>
         <Bond atomName1="CG" atomName2="CB"/>
         <Bond atomName1="CB" atomName2="HB2"/>
         <Bond atomName1="CB" atomName2="HB3"/>
         <Bond atomName1="CB" atomName2="CA"/>
         <Bond atomName1="CA" atomName2="HA"/>
         <Bond atomName1="CA" atomName2="C"/>
         <Bond atomName1="C" atomName2="O"/>
         <Bond atomName1="C" atomName2="OXT"/>
         <ExternalBond atomName="N"/>
      </Residue>
      <Residue name="CSER">
         <Atom charge="-0.3821" name="N" type="protein-N"/>
         <Atom charge="0.2681" name="H" type="protein-H"/>
         <Atom charge="-0.2722" name="CA" type="protein-CX"/>
         <Atom charge="0.1304" name="HA" type="protein-H1"/>
         <Atom charge="0.1123" name="CB" type="protein-2C"/>
         <Atom charge="0.0813" name="HB2" type="protein-H1"/>
         <Atom charge="0.0813" name="HB3" type="protein-H1"/>
         <Atom charge="-0.6514" name="OG" type="protein-OH"/>
         <Atom charge="0.4474" name="HG" type="protein-HO"/>
         <Atom charge="0.8113" name="C" type="protein-C"/>
         <Atom charge="-0.8132" name="O" type="protein-O2"/>
         <Atom charge="-0.8132" name="OXT" type="protein-O2"/>
         <Bond atomName1="N" atomName2="H"/>
         <Bond atomName1="N" atomName2="CA"/>
         <Bond atomName1="CA" atomName2="HA"/>
         <Bond atomName1="CA" atomName2="CB"/>
         <Bond atomName1="CA" atomName2="C"/>
         <Bond atomName1="CB" atomName2="HB2"/>
         <Bond atomName1="CB" atomName2="HB3"/>
         <Bond atomName1="CB" atomName2="OG"/>
         <Bond atomName1="OG" atomName2="HG"/>
         <Bond atomName1="C" atomName2="O"/>
         <Bond atomName1="C" atomName2="OXT"/>
         <ExternalBond atomName="N"/>
      </Residue>
      <Residue name="CTHR">
         <Atom charge="-0.3821" name="N" type="protein-N"/>
         <Atom charge="0.2681" name="H" type="protein-H"/>
         <Atom charge="-0.242" name="CA" type="protein-CX"/>
         <Atom charge="0.1207" name="HA" type="protein-H1"/>
         <Atom charge="0.3025" name="CB" type="protein-3C"/>
         <Atom charge="0.0078" name="HB" type="protein-H1"/>
         <Atom charge="-0.1853" name="CG2" type="protein-CT"/>
         <Atom charge="0.0586" name="HG21" type="protein-HC"/>
         <Atom charge="0.0586" name="HG22" type="protein-HC"/>
         <Atom charge="0.0586" name="HG23" type="protein-HC"/>
         <Atom charge="-0.6496" name="OG1" type="protein-OH"/>
         <Atom charge="0.4119" name="HG1" type="protein-HO"/>
         <Atom charge="0.781" name="C" type="protein-C"/>
         <Atom charge="-0.8044" name="O" type="protein-O2"/>
         <Atom charge="-0.8044" name="OXT" type="protein-O2"/>
         <Bond atomName1="N" atomName2="H"/>
         <Bond atomName1="N" atomName2="CA"/>
         <Bond atomName1="CA" atomName2="HA"/>
         <Bond atomName1="CA" atomName2="CB"/>
         <Bond atomName1="CA" atomName2="C"/>
         <Bond atomName1="CB" atomName2="HB"/>
         <Bond atomName1="CB" atomName2="CG2"/>
         <Bond atomName1="CB" atomName2="OG1"/>
         <Bond atomName1="CG2" atomName2="HG21"/>
         <Bond atomName1="CG2" atomName2="HG22"/>
         <Bond atomName1="CG2" atomName2="HG23"/>
         <Bond atomName1="OG1" atomName2="HG1"/>
         <Bond atomName1="C" atomName2="O"/>
         <Bond atomName1="C" atomName2="OXT"/>
         <ExternalBond atomName="N"/>
      </Residue>
      <Residue name="CTRP">
         <Atom charge="-0.3821" name="N" type="protein-N"/>
         <Atom charge="0.2681" name="H" type="protein-H"/>
         <Atom charge="-0.2084" name="CA" type="protein-CX"/>
         <Atom charge="0.1272" name="HA" type="protein-H1"/>
         <Atom charge="-0.0742" name="CB" type="protein-CT"/>
         <Atom charge="0.0497" name="HB2" type="protein-HC"/>
         <Atom charge="0.0497" name="HB3" type="protein-HC"/>
         <Atom charge="-0.0796" name="CG" type="protein-C*"/>
         <Atom charge="-0.1808" name="CD1" type="protein-CW"/>
         <Atom charge="0.2043" name="HD1" type="protein-H4"/>
         <Atom charge="-0.3316" name="NE1" type="protein-NA"/>
         <Atom charge="0.3413" name="HE1" type="protein-H"/>
         <Atom charge="0.1222" name="CE2" type="protein-CN"/>
         <Atom charge="-0.2594" name="CZ2" type="protein-CA"/>
         <Atom charge="0.1567" name="HZ2" type="protein-HA"/>
         <Atom charge="-0.102" name="CH2" type="protein-CA"/>
         <Atom charge="0.1401" name="HH2" type="protein-HA"/>
         <Atom charge="-0.2287" name="CZ3" type="protein-CA"/>
         <Atom charge="0.1507" name="HZ3" type="protein-HA"/>
         <Atom charge="-0.1837" name="CE3" type="protein-CA"/>
         <Atom charge="0.1491" name="HE3" type="protein-HA"/>
         <Atom charge="0.1078" name="CD2" type="protein-CB"/>
         <Atom charge="0.7658" name="C" type="protein-C"/>
         <Atom charge="-0.8011" name="O" type="protein-O2"/>
         <Atom charge="-0.8011" name="OXT" type="protein-O2"/>
         <Bond atomName1="N" atomName2="H"/>
         <Bond atomName1="N" atomName2="CA"/>
         <Bond atomName1="CA" atomName2="HA"/>
         <Bond atomName1="CA" atomName2="CB"/>
         <Bond atomName1="CA" atomName2="C"/>
         <Bond atomName1="CB" atomName2="HB2"/>
         <Bond atomName1="CB" atomName2="HB3"/>
         <Bond atomName1="CB" atomName2="CG"/>
         <Bond atomName1="CG" atomName2="CD1"/>
         <Bond atomName1="CG" atomName2="CD2"/>
         <Bond atomName1="CD1" atomName2="HD1"/>
         <Bond atomName1="CD1" atomName2="NE1"/>
         <Bond atomName1="NE1" atomName2="HE1"/>
         <Bond atomName1="NE1" atomName2="CE2"/>
         <Bond atomName1="CE2" atomName2="CZ2"/>
         <Bond atomName1="CE2" atomName2="CD2"/>
         <Bond atomName1="CZ2" atomName2="HZ2"/>
         <Bond atomName1="CZ2" atomName2="CH2"/>
         <Bond atomName1="CH2" atomName2="HH2"/>
         <Bond atomName1="CH2" atomName2="CZ3"/>
         <Bond atomName1="CZ3" atomName2="HZ3"/>
         <Bond atomName1="CZ3" atomName2="CE3"/>
         <Bond atomName1="CE3" atomName2="HE3"/>
         <Bond atomName1="CE3" atomName2="CD2"/>
         <Bond atomName1="C" atomName2="O"/>
         <Bond atomName1="C" atomName2="OXT"/>
         <ExternalBond atomName="N"/>
      </Residue>
      <Residue name="CTYR">
         <Atom charge="-0.3821" name="N" type="protein-N"/>
         <Atom charge="0.2681" name="H" type="protein-H"/>
         <Atom charge="-0.2015" name="CA" type="protein-CX"/>
         <Atom charge="0.1092" name="HA" type="protein-H1"/>
         <Atom charge="-0.0752" name="CB" type="protein-CT"/>
         <Atom charge="0.049" name="HB2" type="protein-HC"/>
         <Atom charge="0.049" name="HB3" type="protein-HC"/>
         <Atom charge="0.0243" name="CG" type="protein-CA"/>
         <Atom charge="-0.1922" name="CD1" type="protein-CA"/>
         <Atom charge="0.178" name="HD1" type="protein-HA"/>
         <Atom charge="-0.2458" name="CE1" type="protein-CA"/>
         <Atom charge="0.1673" name="HE1" type="protein-HA"/>
         <Atom charge="0.3395" name="CZ" type="protein-C"/>
         <Atom charge="-0.5643" name="OH" type="protein-OH"/>
         <Atom charge="0.4017" name="HH" type="protein-HO"/>
         <Atom charge="-0.2458" name="CE2" type="protein-CA"/>
         <Atom charge="0.1673" name="HE2" type="protein-HA"/>
         <Atom charge="-0.1922" name="CD2" type="protein-CA"/>
         <Atom charge="0.178" name="HD2" type="protein-HA"/>
         <Atom charge="0.7817" name="C" type="protein-C"/>
         <Atom charge="-0.807" name="O" type="protein-O2"/>
         <Atom charge="-0.807" name="OXT" type="protein-O2"/>
         <Bond atomName1="N" atomName2="H"/>
         <Bond atomName1="N" atomName2="CA"/>
         <Bond atomName1="CA" atomName2="HA"/>
         <Bond atomName1="CA" atomName2="CB"/>
         <Bond atomName1="CA" atomName2="C"/>
         <Bond atomName1="CB" atomName2="HB2"/>
         <Bond atomName1="CB" atomName2="HB3"/>
         <Bond atomName1="CB" atomName2="CG"/>
         <Bond atomName1="CG" atomName2="CD1"/>
         <Bond atomName1="CG" atomName2="CD2"/>
         <Bond atomName1="CD1" atomName2="HD1"/>
         <Bond atomName1="CD1" atomName2="CE1"/>
         <Bond atomName1="CE1" atomName2="HE1"/>
         <Bond atomName1="CE1" atomName2="CZ"/>
         <Bond atomName1="CZ" atomName2="OH"/>
         <Bond atomName1="CZ" atomName2="CE2"/>
         <Bond atomName1="OH" atomName2="HH"/>
         <Bond atomName1="CE2" atomName2="HE2"/>
         <Bond atomName1="CE2" atomName2="CD2"/>
         <Bond atomName1="CD2" atomName2="HD2"/>
         <Bond atomName1="C" atomName2="O"/>
         <Bond atomName1="C" atomName2="OXT"/>
         <ExternalBond atomName="N"/>
      </Residue>
      <Residue name="CVAL">
         <Atom charge="-0.3821" name="N" type="protein-N"/>
         <Atom charge="0.2681" name="H" type="protein-H"/>
         <Atom charge="-0.3438" name="CA" type="protein-CX"/>
         <Atom charge="0.1438" name="HA" type="protein-H1"/>
         <Atom charge="0.194" name="CB" type="protein-3C"/>
         <Atom charge="0.0308" name="HB" type="protein-HC"/>
         <Atom charge="-0.3064" name="CG1" type="protein-CT"/>
         <Atom charge="0.0836" name="HG11" type="protein-HC"/>
         <Atom charge="0.0836" name="HG12" type="protein-HC"/>
         <Atom charge="0.0836" name="HG13" type="protein-HC"/>
         <Atom charge="-0.3064" name="CG2" type="protein-CT"/>
         <Atom charge="0.0836" name="HG21" type="protein-HC"/>
         <Atom charge="0.0836" name="HG22" type="protein-HC"/>
         <Atom charge="0.0836" name="HG23" type="protein-HC"/>
         <Atom charge="0.835" name="C" type="protein-C"/>
         <Atom charge="-0.8173" name="O" type="protein-O2"/>
         <Atom charge="-0.8173" name="OXT" type="protein-O2"/>
         <Bond atomName1="N" atomName2="H"/>
         <Bond atomName1="N" atomName2="CA"/>
         <Bond atomName1="CA" atomName2="HA"/>
         <Bond atomName1="CA" atomName2="CB"/>
         <Bond atomName1="CA" atomName2="C"/>
         <Bond atomName1="CB" atomName2="HB"/>
         <Bond atomName1="CB" atomName2="CG1"/>
         <Bond atomName1="CB" atomName2="CG2"/>
         <Bond atomName1="CG1" atomName2="HG11"/>
         <Bond atomName1="CG1" atomName2="HG12"/>
         <Bond atomName1="CG1" atomName2="HG13"/>
         <Bond atomName1="CG2" atomName2="HG21"/>
         <Bond atomName1="CG2" atomName2="HG22"/>
         <Bond atomName1="CG2" atomName2="HG23"/>
         <Bond atomName1="C" atomName2="O"/>
         <Bond atomName1="C" atomName2="OXT"/>
         <ExternalBond atomName="N"/>
      </Residue>
      <Residue name="NHE">
         <Atom charge="-0.463" name="N" type="protein-N"/>
         <Atom charge="0.2315" name="HN1" type="protein-H"/>
         <Atom charge="0.2315" name="HN2" type="protein-H"/>
         <Bond atomName1="N" atomName2="HN1"/>
         <Bond atomName1="N" atomName2="HN2"/>
         <ExternalBond atomName="N"/>
      </Residue>
      <Residue name="NME">
         <Atom charge="-0.4157" name="N" type="protein-N"/>
         <Atom charge="0.2719" name="H" type="protein-H"/>
         <Atom charge="-0.149" name="CH3" type="protein-CT"/>
         <Atom charge="0.0976" name="HH31" type="protein-H1"/>
         <Atom charge="0.0976" name="HH32" type="protein-H1"/>
         <Atom charge="0.0976" name="HH33" type="protein-H1"/>
         <Bond atomName1="N" atomName2="H"/>
         <Bond atomName1="N" atomName2="CH3"/>
         <Bond atomName1="CH3" atomName2="HH31"/>
         <Bond atomName1="CH3" atomName2="HH32"/>
         <Bond atomName1="CH3" atomName2="HH33"/>
         <ExternalBond atomName="N"/>
      </Residue>
      <Residue name="ACE">
         <Atom charge="0.1123" name="HH31" type="protein-HC"/>
         <Atom charge="-0.3662" name="CH3" type="protein-CT"/>
         <Atom charge="0.1123" name="HH32" type="protein-HC"/>
         <Atom charge="0.1123" name="HH33" type="protein-HC"/>
         <Atom charge="0.5972" name="C" type="protein-C"/>
         <Atom charge="-0.5679" name="O" type="protein-O"/>
         <Bond atomName1="HH31" atomName2="CH3"/>
         <Bond atomName1="CH3" atomName2="HH32"/>
         <Bond atomName1="CH3" atomName2="HH33"/>
         <Bond atomName1="CH3" atomName2="C"/>
         <Bond atomName1="C" atomName2="O"/>
         <ExternalBond atomName="C"/>
      </Residue>
      <Residue name="NALA">
         <Atom charge="0.1414" name="N" type="protein-N3"/>
         <Atom charge="0.1997" name="H1" type="protein-H"/>
         <Atom charge="0.1997" name="H2" type="protein-H"/>
         <Atom charge="0.1997" name="H3" type="protein-H"/>
         <Atom charge="0.0962" name="CA" type="protein-CX"/>
         <Atom charge="0.0889" name="HA" type="protein-HP"/>
         <Atom charge="-0.0597" name="CB" type="protein-CT"/>
         <Atom charge="0.03" name="HB1" type="protein-HC"/>
         <Atom charge="0.03" name="HB2" type="protein-HC"/>
         <Atom charge="0.03" name="HB3" type="protein-HC"/>
         <Atom charge="0.6163" name="C" type="protein-C"/>
         <Atom charge="-0.5722" name="O" type="protein-O"/>
         <Bond atomName1="N" atomName2="H1"/>
         <Bond atomName1="N" atomName2="H2"/>
         <Bond atomName1="N" atomName2="H3"/>
         <Bond atomName1="N" atomName2="CA"/>
         <Bond atomName1="CA" atomName2="HA"/>
         <Bond atomName1="CA" atomName2="CB"/>
         <Bond atomName1="CA" atomName2="C"/>
         <Bond atomName1="CB" atomName2="HB1"/>
         <Bond atomName1="CB" atomName2="HB2"/>
         <Bond atomName1="CB" atomName2="HB3"/>
         <Bond atomName1="C" atomName2="O"/>
         <ExternalBond atomName="C"/>
      </Residue>
      <Residue name="NARG">
         <Atom charge="0.1305" name="N" type="protein-N3"/>
         <Atom charge="0.2083" name="H1" type="protein-H"/>
         <Atom charge="0.2083" name="H2" type="protein-H"/>
         <Atom charge="0.2083" name="H3" type="protein-H"/>
         <Atom charge="-0.0223" name="CA" type="protein-CX"/>
         <Atom charge="0.1242" name="HA" type="protein-HP"/>
         <Atom charge="0.0118" name="CB" type="protein-C8"/>
         <Atom charge="0.0226" name="HB2" type="protein-HC"/>
         <Atom charge="0.0226" name="HB3" type="protein-HC"/>
         <Atom charge="0.0236" name="CG" type="protein-C8"/>
         <Atom charge="0.0309" name="HG2" type="protein-HC"/>
         <Atom charge="0.0309" name="HG3" type="protein-HC"/>
         <Atom charge="0.0935" name="CD" type="protein-C8"/>
         <Atom charge="0.0527" name="HD2" type="protein-H1"/>
         <Atom charge="0.0527" name="HD3" type="protein-H1"/>
         <Atom charge="-0.565" name="NE" type="protein-N2"/>
         <Atom charge="0.3592" name="HE" type="protein-H"/>
         <Atom charge="0.8281" name="CZ" type="protein-CA"/>
         <Atom charge="-0.8693" name="NH1" type="protein-N2"/>
         <Atom charge="0.4494" name="HH11" type="protein-H"/>
         <Atom charge="0.4494" name="HH12" type="protein-H"/>
         <Atom charge="-0.8693" name="NH2" type="protein-N2"/>
         <Atom charge="0.4494" name="HH21" type="protein-H"/>
         <Atom charge="0.4494" name="HH22" type="protein-H"/>
         <Atom charge="0.7214" name="C" type="protein-C"/>
         <Atom charge="-0.6013" name="O" type="protein-O"/>
         <Bond atomName1="N" atomName2="H1"/>
         <Bond atomName1="N" atomName2="H2"/>
         <Bond atomName1="N" atomName2="H3"/>
         <Bond atomName1="N" atomName2="CA"/>
         <Bond atomName1="CA" atomName2="HA"/>
         <Bond atomName1="CA" atomName2="CB"/>
         <Bond atomName1="CA" atomName2="C"/>
         <Bond atomName1="CB" atomName2="HB2"/>
         <Bond atomName1="CB" atomName2="HB3"/>
         <Bond atomName1="CB" atomName2="CG"/>
         <Bond atomName1="CG" atomName2="HG2"/>
         <Bond atomName1="CG" atomName2="HG3"/>
         <Bond atomName1="CG" atomName2="CD"/>
         <Bond atomName1="CD" atomName2="HD2"/>
         <Bond atomName1="CD" atomName2="HD3"/>
         <Bond atomName1="CD" atomName2="NE"/>
         <Bond atomName1="NE" atomName2="HE"/>
         <Bond atomName1="NE" atomName2="CZ"/>
         <Bond atomName1="CZ" atomName2="NH1"/>
         <Bond atomName1="CZ" atomName2="NH2"/>
         <Bond atomName1="NH1" atomName2="HH11"/>
         <Bond atomName1="NH1" atomName2="HH12"/>
         <Bond atomName1="NH2" atomName2="HH21"/>
         <Bond atomName1="NH2" atomName2="HH22"/>
         <Bond atomName1="C" atomName2="O"/>
         <ExternalBond atomName="C"/>
      </Residue>
      <Residue name="NASN">
         <Atom charge="0.1801" name="N" type="protein-N3"/>
         <Atom charge="0.1921" name="H1" type="protein-H"/>
         <Atom charge="0.1921" name="H2" type="protein-H"/>
         <Atom charge="0.1921" name="H3" type="protein-H"/>
         <Atom charge="0.0368" name="CA" type="protein-CX"/>
         <Atom charge="0.1231" name="HA" type="protein-HP"/>
         <Atom charge="-0.0283" name="CB" type="protein-2C"/>
         <Atom charge="0.0515" name="HB2" type="protein-HC"/>
         <Atom charge="0.0515" name="HB3" type="protein-HC"/>
         <Atom charge="0.5833" name="CG" type="protein-C"/>
         <Atom charge="-0.5744" name="OD1" type="protein-O"/>
         <Atom charge="-0.8634" name="ND2" type="protein-N"/>
         <Atom charge="0.4097" name="HD21" type="protein-H"/>
         <Atom charge="0.4097" name="HD22" type="protein-H"/>
         <Atom charge="0.6163" name="C" type="protein-C"/>
         <Atom charge="-0.5722" name="O" type="protein-O"/>
         <Bond atomName1="N" atomName2="H1"/>
         <Bond atomName1="N" atomName2="H2"/>
         <Bond atomName1="N" atomName2="H3"/>
         <Bond atomName1="N" atomName2="CA"/>
         <Bond atomName1="CA" atomName2="HA"/>
         <Bond atomName1="CA" atomName2="CB"/>
         <Bond atomName1="CA" atomName2="C"/>
         <Bond atomName1="CB" atomName2="HB2"/>
         <Bond atomName1="CB" atomName2="HB3"/>
         <Bond atomName1="CB" atomName2="CG"/>
         <Bond atomName1="CG" atomName2="OD1"/>
         <Bond atomName1="CG" atomName2="ND2"/>
         <Bond atomName1="ND2" atomName2="HD21"/>
         <Bond atomName1="ND2" atomName2="HD22"/>
         <Bond atomName1="C" atomName2="O"/>
         <ExternalBond atomName="C"/>
      </Residue>
      <Residue name="NASP">
         <Atom charge="0.0782" name="N" type="protein-N3"/>
         <Atom charge="0.22" name="H1" type="protein-H"/>
         <Atom charge="0.22" name="H2" type="protein-H"/>
         <Atom charge="0.22" name="H3" type="protein-H"/>
         <Atom charge="0.0292" name="CA" type="protein-CX"/>
         <Atom charge="0.1141" name="HA" type="protein-HP"/>
         <Atom charge="-0.0235" name="CB" type="protein-2C"/>
         <Atom charge="-0.0169" name="HB2" type="protein-HC"/>
         <Atom charge="-0.0169" name="HB3" type="protein-HC"/>
         <Atom charge="0.8194" name="CG" type="protein-CO"/>
         <Atom charge="-0.8084" name="OD1" type="protein-O2"/>
         <Atom charge="-0.8084" name="OD2" type="protein-O2"/>
         <Atom charge="0.5621" name="C" type="protein-C"/>
         <Atom charge="-0.5889" name="O" type="protein-O"/>
         <Bond atomName1="N" atomName2="H1"/>
         <Bond atomName1="N" atomName2="H2"/>
         <Bond atomName1="N" atomName2="H3"/>
         <Bond atomName1="N" atomName2="CA"/>
         <Bond atomName1="CA" atomName2="HA"/>
         <Bond atomName1="CA" atomName2="CB"/>
         <Bond atomName1="CA" atomName2="C"/>
         <Bond atomName1="CB" atomName2="HB2"/>
         <Bond atomName1="CB" atomName2="HB3"/>
         <Bond atomName1="CB" atomName2="CG"/>
         <Bond atomName1="CG" atomName2="OD1"/>
         <Bond atomName1="CG" atomName2="OD2"/>
         <Bond atomName1="C" atomName2="O"/>
         <ExternalBond atomName="C"/>
      </Residue>
      <Residue name="NCYS">
         <Atom charge="0.1325" name="N" type="protein-N3"/>
         <Atom charge="0.2023" name="H1" type="protein-H"/>
         <Atom charge="0.2023" name="H2" type="protein-H"/>
         <Atom charge="0.2023" name="H3" type="protein-H"/>
         <Atom charge="0.0927" name="CA" type="protein-CX"/>
         <Atom charge="0.1411" name="HA" type="protein-HP"/>
         <Atom charge="-0.1195" name="CB" type="protein-2C"/>
         <Atom charge="0.1188" name="HB2" type="protein-H1"/>
         <Atom charge="0.1188" name="HB3" type="protein-H1"/>
         <Atom charge="-0.3298" name="SG" type="protein-SH"/>
         <Atom charge="0.1975" name="HG" type="protein-HS"/>
         <Atom charge="0.6123" name="C" type="protein-C"/>
         <Atom charge="-0.5713" name="O" type="protein-O"/>
         <Bond atomName1="N" atomName2="H1"/>
         <Bond atomName1="N" atomName2="H2"/>
         <Bond atomName1="N" atomName2="H3"/>
         <Bond atomName1="N" atomName2="CA"/>
         <Bond atomName1="CA" atomName2="HA"/>
         <Bond atomName1="CA" atomName2="CB"/>
         <Bond atomName1="CA" atomName2="C"/>
         <Bond atomName1="CB" atomName2="HB2"/>
         <Bond atomName1="CB" atomName2="HB3"/>
         <Bond atomName1="CB" atomName2="SG"/>
         <Bond atomName1="SG" atomName2="HG"/>
         <Bond atomName1="C" atomName2="O"/>
         <ExternalBond atomName="C"/>
      </Residue>
      <Residue name="NCYX">
         <Atom charge="0.2069" name="N" type="protein-N3"/>
         <Atom charge="0.1815" name="H1" type="protein-H"/>
         <Atom charge="0.1815" name="H2" type="protein-H"/>
         <Atom charge="0.1815" name="H3" type="protein-H"/>
         <Atom charge="0.1055" name="CA" type="protein-CX"/>
         <Atom charge="0.0922" name="HA" type="protein-HP"/>
         <Atom charge="-0.0277" name="CB" type="protein-2C"/>
         <Atom charge="0.068" name="HB2" type="protein-H1"/>
         <Atom charge="0.068" name="HB3" type="protein-H1"/>
         <Atom charge="-0.0984" name="SG" type="protein-S"/>
         <Atom charge="0.6123" name="C" type="protein-C"/>
         <Atom charge="-0.5713" name="O" type="protein-O"/>
         <Bond atomName1="N" atomName2="H1"/>
         <Bond atomName1="N" atomName2="H2"/>
         <Bond atomName1="N" atomName2="H3"/>
         <Bond atomName1="N" atomName2="CA"/>
         <Bond atomName1="CA" atomName2="HA"/>
         <Bond atomName1="CA" atomName2="CB"/>
         <Bond atomName1="CA" atomName2="C"/>
         <Bond atomName1="CB" atomName2="HB2"/>
         <Bond atomName1="CB" atomName2="HB3"/>
         <Bond atomName1="CB" atomName2="SG"/>
         <Bond atomName1="C" atomName2="O"/>
         <ExternalBond atomName="SG"/>
         <ExternalBond atomName="C"/>
      </Residue>
      <Residue name="NGLN">
         <Atom charge="0.1493" name="N" type="protein-N3"/>
         <Atom charge="0.1996" name="H1" type="protein-H"/>
         <Atom charge="0.1996" name="H2" type="protein-H"/>
         <Atom charge="0.1996" name="H3" type="protein-H"/>
         <Atom charge="0.0536" name="CA" type="protein-CX"/>
         <Atom charge="0.1015" name="HA" type="protein-HP"/>
         <Atom charge="0.0651" name="CB" type="protein-2C"/>
         <Atom charge="0.005" name="HB2" type="protein-HC"/>
         <Atom charge="0.005" name="HB3" type="protein-HC"/>
         <Atom charge="-0.0903" name="CG" type="protein-2C"/>
         <Atom charge="0.0331" name="HG2" type="protein-HC"/>
         <Atom charge="0.0331" name="HG3" type="protein-HC"/>
         <Atom charge="0.7354" name="CD" type="protein-C"/>
         <Atom charge="-0.6133" name="OE1" type="protein-O"/>
         <Atom charge="-1.0031" name="NE2" type="protein-N"/>
         <Atom charge="0.4429" name="HE21" type="protein-H"/>
         <Atom charge="0.4429" name="HE22" type="protein-H"/>
         <Atom charge="0.6123" name="C" type="protein-C"/>
         <Atom charge="-0.5713" name="O" type="protein-O"/>
         <Bond atomName1="N" atomName2="H1"/>
         <Bond atomName1="N" atomName2="H2"/>
         <Bond atomName1="N" atomName2="H3"/>
         <Bond atomName1="N" atomName2="CA"/>
         <Bond atomName1="CA" atomName2="HA"/>
         <Bond atomName1="CA" atomName2="CB"/>
         <Bond atomName1="CA" atomName2="C"/>
         <Bond atomName1="CB" atomName2="HB2"/>
         <Bond atomName1="CB" atomName2="HB3"/>
         <Bond atomName1="CB" atomName2="CG"/>
         <Bond atomName1="CG" atomName2="HG2"/>
         <Bond atomName1="CG" atomName2="HG3"/>
         <Bond atomName1="CG" atomName2="CD"/>
         <Bond atomName1="CD" atomName2="OE1"/>
         <Bond atomName1="CD" atomName2="NE2"/>
         <Bond atomName1="NE2" atomName2="HE21"/>
         <Bond atomName1="NE2" atomName2="HE22"/>
         <Bond atomName1="C" atomName2="O"/>
         <ExternalBond atomName="C"/>
      </Residue>
      <Residue name="NGLU">
         <Atom charge="0.0017" name="N" type="protein-N3"/>
         <Atom charge="0.2391" name="H1" type="protein-H"/>
         <Atom charge="0.2391" name="H2" type="protein-H"/>
         <Atom charge="0.2391" name="H3" type="protein-H"/>
         <Atom charge="0.0588" name="CA" type="protein-CX"/>
         <Atom charge="0.1202" name="HA" type="protein-HP"/>
         <Atom charge="0.0909" name="CB" type="protein-2C"/>
         <Atom charge="-0.0232" name="HB2" type="protein-HC"/>
         <Atom charge="-0.0232" name="HB3" type="protein-HC"/>
         <Atom charge="-0.0236" name="CG" type="protein-2C"/>
         <Atom charge="-0.0315" name="HG2" type="protein-HC"/>
         <Atom charge="-0.0315" name="HG3" type="protein-HC"/>
         <Atom charge="0.8087" name="CD" type="protein-CO"/>
         <Atom charge="-0.8189" name="OE1" type="protein-O2"/>
         <Atom charge="-0.8189" name="OE2" type="protein-O2"/>
         <Atom charge="0.5621" name="C" type="protein-C"/>
         <Atom charge="-0.5889" name="O" type="protein-O"/>
         <Bond atomName1="N" atomName2="H1"/>
         <Bond atomName1="N" atomName2="H2"/>
         <Bond atomName1="N" atomName2="H3"/>
         <Bond atomName1="N" atomName2="CA"/>
         <Bond atomName1="CA" atomName2="HA"/>
         <Bond atomName1="CA" atomName2="CB"/>
         <Bond atomName1="CA" atomName2="C"/>
         <Bond atomName1="CB" atomName2="HB2"/>
         <Bond atomName1="CB" atomName2="HB3"/>
         <Bond atomName1="CB" atomName2="CG"/>
         <Bond atomName1="CG" atomName2="HG2"/>
         <Bond atomName1="CG" atomName2="HG3"/>
         <Bond atomName1="CG" atomName2="CD"/>
         <Bond atomName1="CD" atomName2="OE1"/>
         <Bond atomName1="CD" atomName2="OE2"/>
         <Bond atomName1="C" atomName2="O"/>
         <ExternalBond atomName="C"/>
      </Residue>
      <Residue name="NGLY">
         <Atom charge="0.2943" name="N" type="protein-N3"/>
         <Atom charge="0.1642" name="H1" type="protein-H"/>
         <Atom charge="0.1642" name="H2" type="protein-H"/>
         <Atom charge="0.1642" name="H3" type="protein-H"/>
         <Atom charge="-0.01" name="CA" type="protein-CX"/>
         <Atom charge="0.0895" name="HA2" type="protein-HP"/>
         <Atom charge="0.0895" name="HA3" type="protein-HP"/>
         <Atom charge="0.6163" name="C" type="protein-C"/>
         <Atom charge="-0.5722" name="O" type="protein-O"/>
         <Bond atomName1="N" atomName2="H1"/>
         <Bond atomName1="N" atomName2="H2"/>
         <Bond atomName1="N" atomName2="H3"/>
         <Bond atomName1="N" atomName2="CA"/>
         <Bond atomName1="CA" atomName2="HA2"/>
         <Bond atomName1="CA" atomName2="HA3"/>
         <Bond atomName1="CA" atomName2="C"/>
         <Bond atomName1="C" atomName2="O"/>
         <ExternalBond atomName="C"/>
      </Residue>
      <Residue name="NHID">
         <Atom charge="0.1542" name="N" type="protein-N3"/>
         <Atom charge="0.1963" name="H1" type="protein-H"/>
         <Atom charge="0.1963" name="H2" type="protein-H"/>
         <Atom charge="0.1963" name="H3" type="protein-H"/>
         <Atom charge="0.0964" name="CA" type="protein-CX"/>
         <Atom charge="0.0958" name="HA" type="protein-HP"/>
         <Atom charge="0.0259" name="CB" type="protein-CT"/>
         <Atom charge="0.0209" name="HB2" type="protein-HC"/>
         <Atom charge="0.0209" name="HB3" type="protein-HC"/>
         <Atom charge="-0.0399" name="CG" type="protein-CC"/>
         <Atom charge="-0.3819" name="ND1" type="protein-NA"/>
         <Atom charge="0.3632" name="HD1" type="protein-H"/>
         <Atom charge="0.2127" name="CE1" type="protein-CR"/>
         <Atom charge="0.1385" name="HE1" type="protein-H5"/>
         <Atom charge="-0.5711" name="NE2" type="protein-NB"/>
         <Atom charge="0.1046" name="CD2" type="protein-CV"/>
         <Atom charge="0.1299" name="HD2" type="protein-H4"/>
         <Atom charge="0.6123" name="C" type="protein-C"/>
         <Atom charge="-0.5713" name="O" type="protein-O"/>
         <Bond atomName1="N" atomName2="H1"/>
         <Bond atomName1="N" atomName2="H2"/>
         <Bond atomName1="N" atomName2="H3"/>
         <Bond atomName1="N" atomName2="CA"/>
         <Bond atomName1="CA" atomName2="HA"/>
         <Bond atomName1="CA" atomName2="CB"/>
         <Bond atomName1="CA" atomName2="C"/>
         <Bond atomName1="CB" atomName2="HB2"/>
         <Bond atomName1="CB" atomName2="HB3"/>
         <Bond atomName1="CB" atomName2="CG"/>
         <Bond atomName1="CG" atomName2="ND1"/>
         <Bond atomName1="CG" atomName2="CD2"/>
         <Bond atomName1="ND1" atomName2="HD1"/>
         <Bond atomName1="ND1" atomName2="CE1"/>
         <Bond atomName1="CE1" atomName2="HE1"/>
         <Bond atomName1="CE1" atomName2="NE2"/>
         <Bond atomName1="NE2" atomName2="CD2"/>
         <Bond atomName1="CD2" atomName2="HD2"/>
         <Bond atomName1="C" atomName2="O"/>
         <ExternalBond atomName="C"/>
      </Residue>
      <Residue name="NHIE">
         <Atom charge="0.1472" name="N" type="protein-N3"/>
         <Atom charge="0.2016" name="H1" type="protein-H"/>
         <Atom charge="0.2016" name="H2" type="protein-H"/>
         <Atom charge="0.2016" name="H3" type="protein-H"/>
         <Atom charge="0.0236" name="CA" type="protein-CX"/>
         <Atom charge="0.138" name="HA" type="protein-HP"/>
         <Atom charge="0.0489" name="CB" type="protein-CT"/>
         <Atom charge="0.0223" name="HB2" type="protein-HC"/>
         <Atom charge="0.0223" name="HB3" type="protein-HC"/>
         <Atom charge="0.174" name="CG" type="protein-CC"/>
         <Atom charge="-0.5579" name="ND1" type="protein-NB"/>
         <Atom charge="0.1804" name="CE1" type="protein-CR"/>
         <Atom charge="0.1397" name="HE1" type="protein-H5"/>
         <Atom charge="-0.2781" name="NE2" type="protein-NA"/>
         <Atom charge="0.3324" name="HE2" type="protein-H"/>
         <Atom charge="-0.2349" name="CD2" type="protein-CW"/>
         <Atom charge="0.1963" name="HD2" type="protein-H4"/>
         <Atom charge="0.6123" name="C" type="protein-C"/>
         <Atom charge="-0.5713" name="O" type="protein-O"/>
         <Bond atomName1="N" atomName2="H1"/>
         <Bond atomName1="N" atomName2="H2"/>
         <Bond atomName1="N" atomName2="H3"/>
         <Bond atomName1="N" atomName2="CA"/>
         <Bond atomName1="CA" atomName2="HA"/>
         <Bond atomName1="CA" atomName2="CB"/>
         <Bond atomName1="CA" atomName2="C"/>
         <Bond atomName1="CB" atomName2="HB2"/>
         <Bond atomName1="CB" atomName2="HB3"/>
         <Bond atomName1="CB" atomName2="CG"/>
         <Bond atomName1="CG" atomName2="ND1"/>
         <Bond atomName1="CG" atomName2="CD2"/>
         <Bond atomName1="ND1" atomName2="CE1"/>
         <Bond atomName1="CE1" atomName2="HE1"/>
         <Bond atomName1="CE1" atomName2="NE2"/>
         <Bond atomName1="NE2" atomName2="HE2"/>
         <Bond atomName1="NE2" atomName2="CD2"/>
         <Bond atomName1="CD2" atomName2="HD2"/>
         <Bond atomName1="C" atomName2="O"/>
         <ExternalBond atomName="C"/>
      </Residue>
      <Residue name="NHIP">
         <Atom charge="0.256" name="N" type="protein-N3"/>
         <Atom charge="0.1704" name="H1" type="protein-H"/>
         <Atom charge="0.1704" name="H2" type="protein-H"/>
         <Atom charge="0.1704" name="H3" type="protein-H"/>
         <Atom charge="0.0581" name="CA" type="protein-CX"/>
         <Atom charge="0.1047" name="HA" type="protein-HP"/>
         <Atom charge="0.0484" name="CB" type="protein-CT"/>
         <Atom charge="0.0531" name="HB2" type="protein-HC"/>
         <Atom charge="0.0531" name="HB3" type="protein-HC"/>
         <Atom charge="-0.0236" name="CG" type="protein-CC"/>
         <Atom charge="-0.151" name="ND1" type="protein-NA"/>
         <Atom charge="0.3821" name="HD1" type="protein-H"/>
         <Atom charge="-0.0011" name="CE1" type="protein-CR"/>
         <Atom charge="0.2645" name="HE1" type="protein-H5"/>
         <Atom charge="-0.1739" name="NE2" type="protein-NA"/>
         <Atom charge="0.3921" name="HE2" type="protein-H"/>
         <Atom charge="-0.1433" name="CD2" type="protein-CW"/>
         <Atom charge="0.2495" name="HD2" type="protein-H4"/>
         <Atom charge="0.7214" name="C" type="protein-C"/>
         <Atom charge="-0.6013" name="O" type="protein-O"/>
         <Bond atomName1="N" atomName2="H1"/>
         <Bond atomName1="N" atomName2="H2"/>
         <Bond atomName1="N" atomName2="H3"/>
         <Bond atomName1="N" atomName2="CA"/>
         <Bond atomName1="CA" atomName2="HA"/>
         <Bond atomName1="CA" atomName2="CB"/>
         <Bond atomName1="CA" atomName2="C"/>
         <Bond atomName1="CB" atomName2="HB2"/>
         <Bond atomName1="CB" atomName2="HB3"/>
         <Bond atomName1="CB" atomName2="CG"/>
         <Bond atomName1="CG" atomName2="ND1"/>
         <Bond atomName1="CG" atomName2="CD2"/>
         <Bond atomName1="ND1" atomName2="HD1"/>
         <Bond atomName1="ND1" atomName2="CE1"/>
         <Bond atomName1="CE1" atomName2="HE1"/>
         <Bond atomName1="CE1" atomName2="NE2"/>
         <Bond atomName1="NE2" atomName2="HE2"/>
         <Bond atomName1="NE2" atomName2="CD2"/>
         <Bond atomName1="CD2" atomName2="HD2"/>
         <Bond atomName1="C" atomName2="O"/>
         <ExternalBond atomName="C"/>
      </Residue>
      <Residue name="NILE">
         <Atom charge="0.0311" name="N" type="protein-N3"/>
         <Atom charge="0.2329" name="H1" type="protein-H"/>
         <Atom charge="0.2329" name="H2" type="protein-H"/>
         <Atom charge="0.2329" name="H3" type="protein-H"/>
         <Atom charge="0.0257" name="CA" type="protein-CX"/>
         <Atom charge="0.1031" name="HA" type="protein-HP"/>
         <Atom charge="0.1885" name="CB" type="protein-3C"/>
         <Atom charge="0.0213" name="HB" type="protein-HC"/>
         <Atom charge="-0.372" name="CG2" type="protein-CT"/>
         <Atom charge="0.0947" name="HG21" type="protein-HC"/>
         <Atom charge="0.0947" name="HG22" type="protein-HC"/>
         <Atom charge="0.0947" name="HG23" type="protein-HC"/>
         <Atom charge="-0.0387" name="CG1" type="protein-2C"/>
         <Atom charge="0.0201" name="HG12" type="protein-HC"/>
         <Atom charge="0.0201" name="HG13" type="protein-HC"/>
         <Atom charge="-0.0908" name="CD1" type="protein-CT"/>
         <Atom charge="0.0226" name="HD11" type="protein-HC"/>
         <Atom charge="0.0226" name="HD12" type="protein-HC"/>
         <Atom charge="0.0226" name="HD13" type="protein-HC"/>
         <Atom charge="0.6123" name="C" type="protein-C"/>
         <Atom charge="-0.5713" name="O" type="protein-O"/>
         <Bond atomName1="N" atomName2="H1"/>
         <Bond atomName1="N" atomName2="H2"/>
         <Bond atomName1="N" atomName2="H3"/>
         <Bond atomName1="N" atomName2="CA"/>
         <Bond atomName1="CA" atomName2="HA"/>
         <Bond atomName1="CA" atomName2="CB"/>
         <Bond atomName1="CA" atomName2="C"/>
         <Bond atomName1="CB" atomName2="HB"/>
         <Bond atomName1="CB" atomName2="CG2"/>
         <Bond atomName1="CB" atomName2="CG1"/>
         <Bond atomName1="CG2" atomName2="HG21"/>
         <Bond atomName1="CG2" atomName2="HG22"/>
         <Bond atomName1="CG2" atomName2="HG23"/>
         <Bond atomName1="CG1" atomName2="HG12"/>
         <Bond atomName1="CG1" atomName2="HG13"/>
         <Bond atomName1="CG1" atomName2="CD1"/>
         <Bond atomName1="CD1" atomName2="HD11"/>
         <Bond atomName1="CD1" atomName2="HD12"/>
         <Bond atomName1="CD1" atomName2="HD13"/>
         <Bond atomName1="C" atomName2="O"/>
         <ExternalBond atomName="C"/>
      </Residue>
      <Residue name="NLEU">
         <Atom charge="0.101" name="N" type="protein-N3"/>
         <Atom charge="0.2148" name="H1" type="protein-H"/>
         <Atom charge="0.2148" name="H2" type="protein-H"/>
         <Atom charge="0.2148" name="H3" type="protein-H"/>
         <Atom charge="0.0104" name="CA" type="protein-CX"/>
         <Atom charge="0.1053" name="HA" type="protein-HP"/>
         <Atom charge="-0.0244" name="CB" type="protein-2C"/>
         <Atom charge="0.0256" name="HB2" type="protein-HC"/>
         <Atom charge="0.0256" name="HB3" type="protein-HC"/>
         <Atom charge="0.3421" name="CG" type="protein-3C"/>
         <Atom charge="-0.038" name="HG" type="protein-HC"/>
         <Atom charge="-0.4106" name="CD1" type="protein-CT"/>
         <Atom charge="0.098" name="HD11" type="protein-HC"/>
         <Atom charge="0.098" name="HD12" type="protein-HC"/>
         <Atom charge="0.098" name="HD13" type="protein-HC"/>
         <Atom charge="-0.4104" name="CD2" type="protein-CT"/>
         <Atom charge="0.098" name="HD21" type="protein-HC"/>
         <Atom charge="0.098" name="HD22" type="protein-HC"/>
         <Atom charge="0.098" name="HD23" type="protein-HC"/>
         <Atom charge="0.6123" name="C" type="protein-C"/>
         <Atom charge="-0.5713" name="O" type="protein-O"/>
         <Bond atomName1="N" atomName2="H1"/>
         <Bond atomName1="N" atomName2="H2"/>
         <Bond atomName1="N" atomName2="H3"/>
         <Bond atomName1="N" atomName2="CA"/>
         <Bond atomName1="CA" atomName2="HA"/>
         <Bond atomName1="CA" atomName2="CB"/>
         <Bond atomName1="CA" atomName2="C"/>
         <Bond atomName1="CB" atomName2="HB2"/>
         <Bond atomName1="CB" atomName2="HB3"/>
         <Bond atomName1="CB" atomName2="CG"/>
         <Bond atomName1="CG" atomName2="HG"/>
         <Bond atomName1="CG" atomName2="CD1"/>
         <Bond atomName1="CG" atomName2="CD2"/>
         <Bond atomName1="CD1" atomName2="HD11"/>
         <Bond atomName1="CD1" atomName2="HD12"/>
         <Bond atomName1="CD1" atomName2="HD13"/>
         <Bond atomName1="CD2" atomName2="HD21"/>
         <Bond atomName1="CD2" atomName2="HD22"/>
         <Bond atomName1="CD2" atomName2="HD23"/>
         <Bond atomName1="C" atomName2="O"/>
         <ExternalBond atomName="C"/>
      </Residue>
      <Residue name="NLYS">
         <Atom charge="0.0966" name="N" type="protein-N3"/>
         <Atom charge="0.2165" name="H1" type="protein-H"/>
         <Atom charge="0.2165" name="H2" type="protein-H"/>
         <Atom charge="0.2165" name="H3" type="protein-H"/>
         <Atom charge="-0.0015" name="CA" type="protein-CX"/>
         <Atom charge="0.118" name="HA" type="protein-HP"/>
         <Atom charge="0.0212" name="CB" type="protein-C8"/>
         <Atom charge="0.0283" name="HB2" type="protein-HC"/>
         <Atom charge="0.0283" name="HB3" type="protein-HC"/>
         <Atom charge="-0.0048" name="CG" type="protein-C8"/>
         <Atom charge="0.0121" name="HG2" type="protein-HC"/>
         <Atom charge="0.0121" name="HG3" type="protein-HC"/>
         <Atom charge="-0.0608" name="CD" type="protein-C8"/>
         <Atom charge="0.0633" name="HD2" type="protein-HC"/>
         <Atom charge="0.0633" name="HD3" type="protein-HC"/>
         <Atom charge="-0.0181" name="CE" type="protein-C8"/>
         <Atom charge="0.1171" name="HE2" type="protein-HP"/>
         <Atom charge="0.1171" name="HE3" type="protein-HP"/>
         <Atom charge="-0.3764" name="NZ" type="protein-N3"/>
         <Atom charge="0.3382" name="HZ1" type="protein-H"/>
         <Atom charge="0.3382" name="HZ2" type="protein-H"/>
         <Atom charge="0.3382" name="HZ3" type="protein-H"/>
         <Atom charge="0.7214" name="C" type="protein-C"/>
         <Atom charge="-0.6013" name="O" type="protein-O"/>
         <Bond atomName1="N" atomName2="H1"/>
         <Bond atomName1="N" atomName2="H2"/>
         <Bond atomName1="N" atomName2="H3"/>
         <Bond atomName1="N" atomName2="CA"/>
         <Bond atomName1="CA" atomName2="HA"/>
         <Bond atomName1="CA" atomName2="CB"/>
         <Bond atomName1="CA" atomName2="C"/>
         <Bond atomName1="CB" atomName2="HB2"/>
         <Bond atomName1="CB" atomName2="HB3"/>
         <Bond atomName1="CB" atomName2="CG"/>
         <Bond atomName1="CG" atomName2="HG2"/>
         <Bond atomName1="CG" atomName2="HG3"/>
         <Bond atomName1="CG" atomName2="CD"/>
         <Bond atomName1="CD" atomName2="HD2"/>
         <Bond atomName1="CD" atomName2="HD3"/>
         <Bond atomName1="CD" atomName2="CE"/>
         <Bond atomName1="CE" atomName2="HE2"/>
         <Bond atomName1="CE" atomName2="HE3"/>
         <Bond atomName1="CE" atomName2="NZ"/>
         <Bond atomName1="NZ" atomName2="HZ1"/>
         <Bond atomName1="NZ" atomName2="HZ2"/>
         <Bond atomName1="NZ" atomName2="HZ3"/>
         <Bond atomName1="C" atomName2="O"/>
         <ExternalBond atomName="C"/>
      </Residue>
      <Residue name="NMET">
         <Atom charge="0.1592" name="N" type="protein-N3"/>
         <Atom charge="0.1984" name="H1" type="protein-H"/>
         <Atom charge="0.1984" name="H2" type="protein-H"/>
         <Atom charge="0.1984" name="H3" type="protein-H"/>
         <Atom charge="0.0221" name="CA" type="protein-CX"/>
         <Atom charge="0.1116" name="HA" type="protein-HP"/>
         <Atom charge="0.0865" name="CB" type="protein-2C"/>
         <Atom charge="0.0125" name="HB2" type="protein-HC"/>
         <Atom charge="0.0125" name="HB3" type="protein-HC"/>
         <Atom charge="0.0334" name="CG" type="protein-2C"/>
         <Atom charge="0.0292" name="HG2" type="protein-H1"/>
         <Atom charge="0.0292" name="HG3" type="protein-H1"/>
         <Atom charge="-0.2774" name="SD" type="protein-S"/>
         <Atom charge="-0.0341" name="CE" type="protein-CT"/>
         <Atom charge="0.0597" name="HE1" type="protein-H1"/>
         <Atom charge="0.0597" name="HE2" type="protein-H1"/>
         <Atom charge="0.0597" name="HE3" type="protein-H1"/>
         <Atom charge="0.6123" name="C" type="protein-C"/>
         <Atom charge="-0.5713" name="O" type="protein-O"/>
         <Bond atomName1="N" atomName2="H1"/>
         <Bond atomName1="N" atomName2="H2"/>
         <Bond atomName1="N" atomName2="H3"/>
         <Bond atomName1="N" atomName2="CA"/>
         <Bond atomName1="CA" atomName2="HA"/>
         <Bond atomName1="CA" atomName2="CB"/>
         <Bond atomName1="CA" atomName2="C"/>
         <Bond atomName1="CB" atomName2="HB2"/>
         <Bond atomName1="CB" atomName2="HB3"/>
         <Bond atomName1="CB" atomName2="CG"/>
         <Bond atomName1="CG" atomName2="HG2"/>
         <Bond atomName1="CG" atomName2="HG3"/>
         <Bond atomName1="CG" atomName2="SD"/>
         <Bond atomName1="SD" atomName2="CE"/>
         <Bond atomName1="CE" atomName2="HE1"/>
         <Bond atomName1="CE" atomName2="HE2"/>
         <Bond atomName1="CE" atomName2="HE3"/>
         <Bond atomName1="C" atomName2="O"/>
         <ExternalBond atomName="C"/>
      </Residue>
      <Residue name="NPHE">
         <Atom charge="0.1737" name="N" type="protein-N3"/>
         <Atom charge="0.1921" name="H1" type="protein-H"/>
         <Atom charge="0.1921" name="H2" type="protein-H"/>
         <Atom charge="0.1921" name="H3" type="protein-H"/>
         <Atom charge="0.0733" name="CA" type="protein-CX"/>
         <Atom charge="0.1041" name="HA" type="protein-HP"/>
         <Atom charge="0.033" name="CB" type="protein-CT"/>
         <Atom charge="0.0104" name="HB2" type="protein-HC"/>
         <Atom charge="0.0104" name="HB3" type="protein-HC"/>
         <Atom charge="0.0031" name="CG" type="protein-CA"/>
         <Atom charge="-0.1392" name="CD1" type="protein-CA"/>
         <Atom charge="0.1374" name="HD1" type="protein-HA"/>
         <Atom charge="-0.1602" name="CE1" type="protein-CA"/>
         <Atom charge="0.1433" name="HE1" type="protein-HA"/>
         <Atom charge="-0.1208" name="CZ" type="protein-CA"/>
         <Atom charge="0.1329" name="HZ" type="protein-HA"/>
         <Atom charge="-0.1603" name="CE2" type="protein-CA"/>
         <Atom charge="0.1433" name="HE2" type="protein-HA"/>
         <Atom charge="-0.1391" name="CD2" type="protein-CA"/>
         <Atom charge="0.1374" name="HD2" type="protein-HA"/>
         <Atom charge="0.6123" name="C" type="protein-C"/>
         <Atom charge="-0.5713" name="O" type="protein-O"/>
         <Bond atomName1="N" atomName2="H1"/>
         <Bond atomName1="N" atomName2="H2"/>
         <Bond atomName1="N" atomName2="H3"/>
         <Bond atomName1="N" atomName2="CA"/>
         <Bond atomName1="CA" atomName2="HA"/>
         <Bond atomName1="CA" atomName2="CB"/>
         <Bond atomName1="CA" atomName2="C"/>
         <Bond atomName1="CB" atomName2="HB2"/>
         <Bond atomName1="CB" atomName2="HB3"/>
         <Bond atomName1="CB" atomName2="CG"/>
         <Bond atomName1="CG" atomName2="CD1"/>
         <Bond atomName1="CG" atomName2="CD2"/>
         <Bond atomName1="CD1" atomName2="HD1"/>
         <Bond atomName1="CD1" atomName2="CE1"/>
         <Bond atomName1="CE1" atomName2="HE1"/>
         <Bond atomName1="CE1" atomName2="CZ"/>
         <Bond atomName1="CZ" atomName2="HZ"/>
         <Bond atomName1="CZ" atomName2="CE2"/>
         <Bond atomName1="CE2" atomName2="HE2"/>
         <Bond atomName1="CE2" atomName2="CD2"/>
         <Bond atomName1="CD2" atomName2="HD2"/>
         <Bond atomName1="C" atomName2="O"/>
         <ExternalBond atomName="C"/>
      </Residue>
      <Residue name="NPRO">
         <Atom charge="-0.202" name="N" type="protein-N3"/>
         <Atom charge="0.312" name="H2" type="protein-H"/>
         <Atom charge="0.312" name="H3" type="protein-H"/>
         <Atom charge="-0.012" name="CD" type="protein-CT"/>
         <Atom charge="0.1" name="HD2" type="protein-HP"/>
         <Atom charge="0.1" name="HD3" type="protein-HP"/>
         <Atom charge="-0.121" name="CG" type="protein-CT"/>
         <Atom charge="0.1" name="HG2" type="protein-HC"/>
         <Atom charge="0.1" name="HG3" type="protein-HC"/>
         <Atom charge="-0.115" name="CB" type="protein-CT"/>
         <Atom charge="0.1" name="HB2" type="protein-HC"/>
         <Atom charge="0.1" name="HB3" type="protein-HC"/>
         <Atom charge="0.1" name="CA" type="protein-CX"/>
         <Atom charge="0.1" name="HA" type="protein-HP"/>
         <Atom charge="0.526" name="C" type="protein-C"/>
         <Atom charge="-0.5" name="O" type="protein-O"/>
         <Bond atomName1="N" atomName2="H2"/>
         <Bond atomName1="N" atomName2="H3"/>
         <Bond atomName1="N" atomName2="CD"/>
         <Bond atomName1="N" atomName2="CA"/>
         <Bond atomName1="CD" atomName2="HD2"/>
         <Bond atomName1="CD" atomName2="HD3"/>
         <Bond atomName1="CD" atomName2="CG"/>
         <Bond atomName1="CG" atomName2="HG2"/>
         <Bond atomName1="CG" atomName2="HG3"/>
         <Bond atomName1="CG" atomName2="CB"/>
         <Bond atomName1="CB" atomName2="HB2"/>
         <Bond atomName1="CB" atomName2="HB3"/>
         <Bond atomName1="CB" atomName2="CA"/>
         <Bond atomName1="CA" atomName2="HA"/>
         <Bond atomName1="CA" atomName2="C"/>
         <Bond atomName1="C" atomName2="O"/>
         <ExternalBond atomName="C"/>
      </Residue>
      <Residue name="NSER">
         <Atom charge="0.1849" name="N" type="protein-N3"/>
         <Atom charge="0.1898" name="H1" type="protein-H"/>
         <Atom charge="0.1898" name="H2" type="protein-H"/>
         <Atom charge="0.1898" name="H3" type="protein-H"/>
         <Atom charge="0.0567" name="CA" type="protein-CX"/>
         <Atom charge="0.0782" name="HA" type="protein-HP"/>
         <Atom charge="0.2596" name="CB" type="protein-2C"/>
         <Atom charge="0.0273" name="HB2" type="protein-H1"/>
         <Atom charge="0.0273" name="HB3" type="protein-H1"/>
         <Atom charge="-0.6714" name="OG" type="protein-OH"/>
         <Atom charge="0.4239" name="HG" type="protein-HO"/>
         <Atom charge="0.6163" name="C" type="protein-C"/>
         <Atom charge="-0.5722" name="O" type="protein-O"/>
         <Bond atomName1="N" atomName2="H1"/>
         <Bond atomName1="N" atomName2="H2"/>
         <Bond atomName1="N" atomName2="H3"/>
         <Bond atomName1="N" atomName2="CA"/>
         <Bond atomName1="CA" atomName2="HA"/>
         <Bond atomName1="CA" atomName2="CB"/>
         <Bond atomName1="CA" atomName2="C"/>
         <Bond atomName1="CB" atomName2="HB2"/>
         <Bond atomName1="CB" atomName2="HB3"/>
         <Bond atomName1="CB" atomName2="OG"/>
         <Bond atomName1="OG" atomName2="HG"/>
         <Bond atomName1="C" atomName2="O"/>
         <ExternalBond atomName="C"/>
      </Residue>
      <Residue name="NTHR">
         <Atom charge="0.1812" name="N" type="protein-N3"/>
         <Atom charge="0.1934" name="H1" type="protein-H"/>
         <Atom charge="0.1934" name="H2" type="protein-H"/>
         <Atom charge="0.1934" name="H3" type="protein-H"/>
         <Atom charge="0.0034" name="CA" type="protein-CX"/>
         <Atom charge="0.1087" name="HA" type="protein-HP"/>
         <Atom charge="0.4514" name="CB" type="protein-3C"/>
         <Atom charge="-0.0323" name="HB" type="protein-H1"/>
         <Atom charge="-0.2554" name="CG2" type="protein-CT"/>
         <Atom charge="0.0627" name="HG21" type="protein-HC"/>
         <Atom charge="0.0627" name="HG22" type="protein-HC"/>
         <Atom charge="0.0627" name="HG23" type="protein-HC"/>
         <Atom charge="-0.6764" name="OG1" type="protein-OH"/>
         <Atom charge="0.407" name="HG1" type="protein-HO"/>
         <Atom charge="0.6163" name="C" type="protein-C"/>
         <Atom charge="-0.5722" name="O" type="protein-O"/>
         <Bond atomName1="N" atomName2="H1"/>
         <Bond atomName1="N" atomName2="H2"/>
         <Bond atomName1="N" atomName2="H3"/>
         <Bond atomName1="N" atomName2="CA"/>
         <Bond atomName1="CA" atomName2="HA"/>
         <Bond atomName1="CA" atomName2="CB"/>
         <Bond atomName1="CA" atomName2="C"/>
         <Bond atomName1="CB" atomName2="HB"/>
         <Bond atomName1="CB" atomName2="CG2"/>
         <Bond atomName1="CB" atomName2="OG1"/>
         <Bond atomName1="CG2" atomName2="HG21"/>
         <Bond atomName1="CG2" atomName2="HG22"/>
         <Bond atomName1="CG2" atomName2="HG23"/>
         <Bond atomName1="OG1" atomName2="HG1"/>
         <Bond atomName1="C" atomName2="O"/>
         <ExternalBond atomName="C"/>
      </Residue>
      <Residue name="NTRP">
         <Atom charge="0.1913" name="N" type="protein-N3"/>
         <Atom charge="0.1888" name="H1" type="protein-H"/>
         <Atom charge="0.1888" name="H2" type="protein-H"/>
         <Atom charge="0.1888" name="H3" type="protein-H"/>
         <Atom charge="0.0421" name="CA" type="protein-CX"/>
         <Atom charge="0.1162" name="HA" type="protein-HP"/>
         <Atom charge="0.0543" name="CB" type="protein-CT"/>
         <Atom charge="0.0222" name="HB2" type="protein-HC"/>
         <Atom charge="0.0222" name="HB3" type="protein-HC"/>
         <Atom charge="-0.1654" name="CG" type="protein-C*"/>
         <Atom charge="-0.1788" name="CD1" type="protein-CW"/>
         <Atom charge="0.2195" name="HD1" type="protein-H4"/>
         <Atom charge="-0.3444" name="NE1" type="protein-NA"/>
         <Atom charge="0.3412" name="HE1" type="protein-H"/>
         <Atom charge="0.1575" name="CE2" type="protein-CN"/>
         <Atom charge="-0.271" name="CZ2" type="protein-CA"/>
         <Atom charge="0.1589" name="HZ2" type="protein-HA"/>
         <Atom charge="-0.108" name="CH2" type="protein-CA"/>
         <Atom charge="0.1411" name="HH2" type="protein-HA"/>
         <Atom charge="-0.2034" name="CZ3" type="protein-CA"/>
         <Atom charge="0.1458" name="HZ3" type="protein-HA"/>
         <Atom charge="-0.2265" name="CE3" type="protein-CA"/>
         <Atom charge="0.1646" name="HE3" type="protein-HA"/>
         <Atom charge="0.1132" name="CD2" type="protein-CB"/>
         <Atom charge="0.6123" name="C" type="protein-C"/>
         <Atom charge="-0.5713" name="O" type="protein-O"/>
         <Bond atomName1="N" atomName2="H1"/>
         <Bond atomName1="N" atomName2="H2"/>
         <Bond atomName1="N" atomName2="H3"/>
         <Bond atomName1="N" atomName2="CA"/>
         <Bond atomName1="CA" atomName2="HA"/>
         <Bond atomName1="CA" atomName2="CB"/>
         <Bond atomName1="CA" atomName2="C"/>
         <Bond atomName1="CB" atomName2="HB2"/>
         <Bond atomName1="CB" atomName2="HB3"/>
         <Bond atomName1="CB" atomName2="CG"/>
         <Bond atomName1="CG" atomName2="CD1"/>
         <Bond atomName1="CG" atomName2="CD2"/>
         <Bond atomName1="CD1" atomName2="HD1"/>
         <Bond atomName1="CD1" atomName2="NE1"/>
         <Bond atomName1="NE1" atomName2="HE1"/>
         <Bond atomName1="NE1" atomName2="CE2"/>
         <Bond atomName1="CE2" atomName2="CZ2"/>
         <Bond atomName1="CE2" atomName2="CD2"/>
         <Bond atomName1="CZ2" atomName2="HZ2"/>
         <Bond atomName1="CZ2" atomName2="CH2"/>
         <Bond atomName1="CH2" atomName2="HH2"/>
         <Bond atomName1="CH2" atomName2="CZ3"/>
         <Bond atomName1="CZ3" atomName2="HZ3"/>
         <Bond atomName1="CZ3" atomName2="CE3"/>
         <Bond atomName1="CE3" atomName2="HE3"/>
         <Bond atomName1="CE3" atomName2="CD2"/>
         <Bond atomName1="C" atomName2="O"/>
         <ExternalBond atomName="C"/>
      </Residue>
      <Residue name="NTYR">
         <Atom charge="0.194" name="N" type="protein-N3"/>
         <Atom charge="0.1873" name="H1" type="protein-H"/>
         <Atom charge="0.1873" name="H2" type="protein-H"/>
         <Atom charge="0.1873" name="H3" type="protein-H"/>
         <Atom charge="0.057" name="CA" type="protein-CX"/>
         <Atom charge="0.0983" name="HA" type="protein-HP"/>
         <Atom charge="0.0659" name="CB" type="protein-CT"/>
         <Atom charge="0.0102" name="HB2" type="protein-HC"/>
         <Atom charge="0.0102" name="HB3" type="protein-HC"/>
         <Atom charge="-0.0205" name="CG" type="protein-CA"/>
         <Atom charge="-0.2002" name="CD1" type="protein-CA"/>
         <Atom charge="0.172" name="HD1" type="protein-HA"/>
         <Atom charge="-0.2239" name="CE1" type="protein-CA"/>
         <Atom charge="0.165" name="HE1" type="protein-HA"/>
         <Atom charge="0.3139" name="CZ" type="protein-C"/>
         <Atom charge="-0.5578" name="OH" type="protein-OH"/>
         <Atom charge="0.4001" name="HH" type="protein-HO"/>
         <Atom charge="-0.2239" name="CE2" type="protein-CA"/>
         <Atom charge="0.165" name="HE2" type="protein-HA"/>
         <Atom charge="-0.2002" name="CD2" type="protein-CA"/>
         <Atom charge="0.172" name="HD2" type="protein-HA"/>
         <Atom charge="0.6123" name="C" type="protein-C"/>
         <Atom charge="-0.5713" name="O" type="protein-O"/>
         <Bond atomName1="N" atomName2="H1"/>
         <Bond atomName1="N" atomName2="H2"/>
         <Bond atomName1="N" atomName2="H3"/>
         <Bond atomName1="N" atomName2="CA"/>
         <Bond atomName1="CA" atomName2="HA"/>
         <Bond atomName1="CA" atomName2="CB"/>
         <Bond atomName1="CA" atomName2="C"/>
         <Bond atomName1="CB" atomName2="HB2"/>
         <Bond atomName1="CB" atomName2="HB3"/>
         <Bond atomName1="CB" atomName2="CG"/>
         <Bond atomName1="CG" atomName2="CD1"/>
         <Bond atomName1="CG" atomName2="CD2"/>
         <Bond atomName1="CD1" atomName2="HD1"/>
         <Bond atomName1="CD1" atomName2="CE1"/>
         <Bond atomName1="CE1" atomName2="HE1"/>
         <Bond atomName1="CE1" atomName2="CZ"/>
         <Bond atomName1="CZ" atomName2="OH"/>
         <Bond atomName1="CZ" atomName2="CE2"/>
         <Bond atomName1="OH" atomName2="HH"/>
         <Bond atomName1="CE2" atomName2="HE2"/>
         <Bond atomName1="CE2" atomName2="CD2"/>
         <Bond atomName1="CD2" atomName2="HD2"/>
         <Bond atomName1="C" atomName2="O"/>
         <ExternalBond atomName="C"/>
      </Residue>
      <Residue name="NVAL">
         <Atom charge="0.0577" name="N" type="protein-N3"/>
         <Atom charge="0.2272" name="H1" type="protein-H"/>
         <Atom charge="0.2272" name="H2" type="protein-H"/>
         <Atom charge="0.2272" name="H3" type="protein-H"/>
         <Atom charge="-0.0054" name="CA" type="protein-CX"/>
         <Atom charge="0.1093" name="HA" type="protein-HP"/>
         <Atom charge="0.3196" name="CB" type="protein-3C"/>
         <Atom charge="-0.0221" name="HB" type="protein-HC"/>
         <Atom charge="-0.3129" name="CG1" type="protein-CT"/>
         <Atom charge="0.0735" name="HG11" type="protein-HC"/>
         <Atom charge="0.0735" name="HG12" type="protein-HC"/>
         <Atom charge="0.0735" name="HG13" type="protein-HC"/>
         <Atom charge="-0.3129" name="CG2" type="protein-CT"/>
         <Atom charge="0.0735" name="HG21" type="protein-HC"/>
         <Atom charge="0.0735" name="HG22" type="protein-HC"/>
         <Atom charge="0.0735" name="HG23" type="protein-HC"/>
         <Atom charge="0.6163" name="C" type="protein-C"/>
         <Atom charge="-0.5722" name="O" type="protein-O"/>
         <Bond atomName1="N" atomName2="H1"/>
         <Bond atomName1="N" atomName2="H2"/>
         <Bond atomName1="N" atomName2="H3"/>
         <Bond atomName1="N" atomName2="CA"/>
         <Bond atomName1="CA" atomName2="HA"/>
         <Bond atomName1="CA" atomName2="CB"/>
         <Bond atomName1="CA" atomName2="C"/>
         <Bond atomName1="CB" atomName2="HB"/>
         <Bond atomName1="CB" atomName2="CG1"/>
         <Bond atomName1="CB" atomName2="CG2"/>
         <Bond atomName1="CG1" atomName2="HG11"/>
         <Bond atomName1="CG1" atomName2="HG12"/>
         <Bond atomName1="CG1" atomName2="HG13"/>
         <Bond atomName1="CG2" atomName2="HG21"/>
         <Bond atomName1="CG2" atomName2="HG22"/>
         <Bond atomName1="CG2" atomName2="HG23"/>
         <Bond atomName1="C" atomName2="O"/>
         <ExternalBond atomName="C"/>
      </Residue>
   </Residues>
   <CoulombForce coulomb14scale="0.83333333">
      <UseBondChargeCorrection name="MOL"/>
      <BondChargeCorrection bcc="0.0" smirks="[#6X4:1]-[#6X4:2]"/>
      <BondChargeCorrection bcc="0.0278" smirks="[#6X4:1]-[#6X3:2]"/>
      <BondChargeCorrection bcc="-0.0724" smirks="[#6X4:1]-[$([#6X3]=[#7]):2]"/>
      <BondChargeCorrection bcc="-0.1" smirks="[#6X4:1]-[$([#6X3]=[#8]):2]"/>
      <BondChargeCorrection bcc="-0.0009" smirks="[#6X4:1]-[$([#6X3]=[#15]):2]"/>
      <BondChargeCorrection bcc="0.0058" smirks="[#6X4:1]-[$([#6X3]=[#16]):2]"/>
      <BondChargeCorrection bcc="0.0222" smirks="[#6X4:1]-[#6X2:2]"/>
      <BondChargeCorrection bcc="-0.037" smirks="[#6X4:1]-[$([#6X2]#[#7]):2]"/>
      <BondChargeCorrection bcc="0.0155" smirks="[#6X4:1]-[#6X3;a;r5:2]"/>
      <BondChargeCorrection bcc="0.0288" smirks="[#6X4:1]-[#6X3;a;r6:2]"/>
      <BondChargeCorrection bcc="-0.0193" smirks="[#6X4:1]-[$([#6X3;a;r6]:[#7,#15]):2]"/>
      <BondChargeCorrection bcc="-0.0122" smirks="[#6X4:1]-[$([#6X3;a;r5]:[#7,#15]):2]"/>
      <BondChargeCorrection bcc="-0.0347" smirks="[#6X4:1]-[$([#6X3;a;r5]:[#8]):2]"/>
      <BondChargeCorrection bcc="0.0372" smirks="[#6X4:1]-[$([#6X3;a;r5]:[#16]):2]"/>
      <BondChargeCorrection bcc="-0.0272" smirks="[#6X4:1]-[$([#6X3;a](:[!#6]):[!#6]):2]"/>
      <BondChargeCorrection bcc="0.0283" smirks="[#6X4:1]-[#7X4+1:2]"/>
      <BondChargeCorrection bcc="0.1036" smirks="[#6X4:1]-[#7X3:2]"/>
      <BondChargeCorrection bcc="0.093" smirks="[#6X4:1]-[#7X3+1:2]"/>
      <BondChargeCorrection bcc="0.0519" smirks="[#6X4:1]-[$([#7X3]-[#6X3]):2]"/>
      <BondChargeCorrection bcc="0.0316" smirks="[#6X4:1]-[$([#7X3]-[#6X3]=[#7,#8,#16]):2]"/>
      <BondChargeCorrection bcc="-0.0008" smirks="[#6X4:1]-[#7X3+0;a:2]"/>
      <BondChargeCorrection bcc="0.0335" smirks="[#6X4:1]-[#7X3+1;a:2]"/>
      <BondChargeCorrection bcc="-0.0841" smirks="[#6X4:1]-[$([#7X3](~[#8X1])~[#8,#7]):2]"/>
      <BondChargeCorrection bcc="0.1525" smirks="[#6X4:1]-[#7X2:2]"/>
      <BondChargeCorrection bcc="0.0752" smirks="[#6X4:1]-[#7X2+1:2]"/>
      <BondChargeCorrection bcc="0.1246" smirks="[#6X4:1]-[#7X2-1:2]"/>
      <BondChargeCorrection bcc="0.126" smirks="[#6X4:1]-[$([#7X2]=[!#6]):2]"/>
      <BondChargeCorrection bcc="0.1215" smirks="[#6X4:1]-[$([#7X2]-,=[#7X2]=,#[#7X1]):2]"/>
      <BondChargeCorrection bcc="0.0806" smirks="[#6X4:1]-[#8:2]"/>
      <BondChargeCorrection bcc="0.0957" smirks="[#6X4:1]-[$([#8]-[!#6,$([#6X3]=[!#6])]):2]"/>
      <BondChargeCorrection bcc="0.1905" smirks="[#6X4:1]-[#15:2]"/>
      <BondChargeCorrection bcc="0.4665" smirks="[#6X4:1]-[#15X4,$([#15X3]=[*]):2]"/>
      <BondChargeCorrection bcc="0.1862" smirks="[#6X4:1]-[#16X2,#16X1:2]"/>
      <BondChargeCorrection bcc="0.4278" smirks="[#6X4:1]-[#16X3:2]"/>
      <BondChargeCorrection bcc="0.5128" smirks="[#6X4:1]-[#16X4:2]"/>
      <BondChargeCorrection bcc="0.0386" smirks="[#6X4:1]-[#9:2]"/>
      <BondChargeCorrection bcc="0.1091" smirks="[#6X4:1]-[#17:2]"/>
      <BondChargeCorrection bcc="0.1788" smirks="[#6X4:1]-[#35:2]"/>
      <BondChargeCorrection bcc="0.2625" smirks="[#6X4:1]-[#53:2]"/>
      <BondChargeCorrection bcc="0.0486" smirks="[#6X4:1]-[#1:2]"/>
      <BondChargeCorrection bcc="0.0" smirks="[#6X3:1]-[#6X3:2]"/>
      <BondChargeCorrection bcc="-0.076" smirks="[$([#6X3]=[#6]):1]-[$([#6X3]=[#7,#15]):2]"/>
      <BondChargeCorrection bcc="-0.0791" smirks="[$([#6X3]=[#6]):1]-[$([#6X3]=[#8]):2]"/>
      <BondChargeCorrection bcc="-0.0721" smirks="[$([#6X3]=[#6]):1]-[$([#6X3]=[#15]):2]"/>
      <BondChargeCorrection bcc="-0.0156" smirks="[$([#6X3]=[#6]):1]-[$([#6X3]=[#16]):2]"/>
      <BondChargeCorrection bcc="-0.0164" smirks="[$([#6X3]=[#7,#15]):1]-[$([#6X3]=[#8,#16]):2]"/>
      <BondChargeCorrection bcc="0.0945" smirks="[#6X3:1]-[#6X2:2]"/>
      <BondChargeCorrection bcc="-0.0464" smirks="[#6X3:1]-[$([#6X2]#[#7]):2]"/>
      <BondChargeCorrection bcc="0.0067" smirks="[#6X3:1]-[#6X3;a;r5:2]"/>
      <BondChargeCorrection bcc="0.0083" smirks="[#6X3:1]-[#6X3;a;r6:2]"/>
      <BondChargeCorrection bcc="-0.0507" smirks="[#6X3:1]-[$([#6X3;a;r6]:[#7,#15]):2]"/>
      <BondChargeCorrection bcc="-0.032" smirks="[#6X3:1]-[$([#6X3;a;r5]:[#7,#15]):2]"/>
      <BondChargeCorrection bcc="-0.0624" smirks="[#6X3:1]-[$([#6X3;a;r5]:[#8]):2]"/>
      <BondChargeCorrection bcc="-0.0023" smirks="[#6X3:1]-[$([#6X3;a;r5]:[#16]):2]"/>
      <BondChargeCorrection bcc="-0.0211" smirks="[#6X3:1]-[$([#6X3;a](:[!#6]):[!#6]):2]"/>
      <BondChargeCorrection bcc="-0.0118" smirks="[#6X3:1]-[#7X4+1:2]"/>
      <BondChargeCorrection bcc="0.0266" smirks="[#6X3:1]-[#7X3:2]"/>
      <BondChargeCorrection bcc="0.0369" smirks="[#6X3:1]-[#7X3+1:2]"/>
      <BondChargeCorrection bcc="-0.0493" smirks="[#6X3:1]-[#7X3+0;a:2]"/>
      <BondChargeCorrection bcc="-0.2825" smirks="[#6X3:1]-[#7X3+1;a:2]"/>
      <BondChargeCorrection bcc="-0.0756" smirks="[#6X3:1]-[$([#7X3](~[#8X1])~[#8,#7]):2]"/>
      <BondChargeCorrection bcc="0.1272" smirks="[#6X3:1]-[#7X2:2]"/>
      <BondChargeCorrection bcc="0.0249" smirks="[#6X3:1]-[#7X2+1:2]"/>
      <BondChargeCorrection bcc="0.1832" smirks="[#6X3:1]-[#7X2-1:2]"/>
      <BondChargeCorrection bcc="0.1551" smirks="[#6X3:1]-[$([#7X2]=[!#6]):2]"/>
      <BondChargeCorrection bcc="0.0662" smirks="[#6X3:1]-[$([#7X2]-,=[#7X2]=,#[#7X1]):2]"/>
      <BondChargeCorrection bcc="0.0346" smirks="[#6X3:1]-[#8:2]"/>
      <BondChargeCorrection bcc="0.1537" smirks="[#6X3:1]-[#15:2]"/>
      <BondChargeCorrection bcc="0.385" smirks="[#6X3:1]-[#15X4,$([#15X3]=[*]):2]"/>
      <BondChargeCorrection bcc="0.2324" smirks="[#6X3:1]-[#16X2,#16X1:2]"/>
      <BondChargeCorrection bcc="0.4406" smirks="[#6X3:1]-[#16X3:2]"/>
      <BondChargeCorrection bcc="0.496" smirks="[#6X3:1]-[#16X4:2]"/>
      <BondChargeCorrection bcc="0.018" smirks="[#6X3:1]-[#9:2]"/>
      <BondChargeCorrection bcc="0.1154" smirks="[#6X3:1]-[#17:2]"/>
      <BondChargeCorrection bcc="0.15" smirks="[#6X3:1]-[#35:2]"/>
      <BondChargeCorrection bcc="0.2118" smirks="[#6X3:1]-[#53:2]"/>
      <BondChargeCorrection bcc="0.0294" smirks="[#6X3:1]-[#1:2]"/>
      <BondChargeCorrection bcc="0.0801" smirks="[$([#6X3]=[#7]):1]-[#6X2:2]"/>
      <BondChargeCorrection bcc="0.0349" smirks="[$([#6X3]=[#7]):1]-[$([#6X2]#[#7]):2]"/>
      <BondChargeCorrection bcc="0.0792" smirks="[$([#6X3]=[#7]):1]-[#6X3;a;r5:2]"/>
      <BondChargeCorrection bcc="0.1224" smirks="[$([#6X3]=[#7]):1]-[#6X3;a;r6:2]"/>
      <BondChargeCorrection bcc="0.0487" smirks="[$([#6X3]=[#7]):1]-[$([#6X3;a;r6]:[#7,#15]):2]"/>
      <BondChargeCorrection bcc="0.0456" smirks="[$([#6X3]=[#7]):1]-[$([#6X3;a;r5]:[#7,#15]):2]"/>
      <BondChargeCorrection bcc="0.0383" smirks="[$([#6X3]=[#7]):1]-[$([#6X3;a;r5]:[#8]):2]"/>
      <BondChargeCorrection bcc="0.1149" smirks="[$([#6X3]=[#7]):1]-[$([#6X3;a;r5]:[#16]):2]"/>
      <BondChargeCorrection bcc="0.0849" smirks="[$([#6X3]=[#7]):1]-[$([#6X3;a](:[!#6]):[!#6]):2]"/>
      <BondChargeCorrection bcc="0.0838" smirks="[$([#6X3]=[#7]):1]-[#7X4+1:2]"/>
      <BondChargeCorrection bcc="0.1019" smirks="[$([#6X3]=[#7]):1]-[#7X3:2]"/>
      <BondChargeCorrection bcc="0.1348" smirks="[$([#6X3]=[#7]):1]-[#7X3+1:2]"/>
      <BondChargeCorrection bcc="0.0613" smirks="[$([#6X3]=[#7]):1]-[#7X3+0;a:2]"/>
      <BondChargeCorrection bcc="-0.0402" smirks="[$([#6X3]=[#7]):1]-[$([#7X3](~[#8X1])~[#8,#7]):2]"/>
      <BondChargeCorrection bcc="0.1975" smirks="[$([#6X3]=[#7]):1]-[#7X2:2]"/>
      <BondChargeCorrection bcc="0.1071" smirks="[$([#6X3]=[#7]):1]-[#7X2+1:2]"/>
      <BondChargeCorrection bcc="0.2372" smirks="[$([#6X3]=[#7]):1]-[#7X2-1:2]"/>
      <BondChargeCorrection bcc="0.2384" smirks="[$([#6X3]=[#7]):1]-[$([#7X2]=[!#6]):2]"/>
      <BondChargeCorrection bcc="0.1412" smirks="[$([#6X3]=[#7]):1]-[$([#7X2]-,=[#7X2]=,#[#7X1]):2]"/>
      <BondChargeCorrection bcc="0.1187" smirks="[$([#6X3]=[#7]):1]-[#8:2]"/>
      <BondChargeCorrection bcc="0.2041" smirks="[$([#6X3]=[#7]):1]-[#15:2]"/>
      <BondChargeCorrection bcc="0.5033" smirks="[$([#6X3]=[#7]):1]-[#15X4,$([#15X3]=[*]):2]"/>
      <BondChargeCorrection bcc="0.2791" smirks="[$([#6X3]=[#7]):1]-[#16X2,#16X1:2]"/>
      <BondChargeCorrection bcc="0.5436" smirks="[$([#6X3]=[#7]):1]-[#16X3:2]"/>
      <BondChargeCorrection bcc="0.5535" smirks="[$([#6X3]=[#7]):1]-[#16X4:2]"/>
      <BondChargeCorrection bcc="0.1288" smirks="[$([#6X3]=[#7]):1]-[#9:2]"/>
      <BondChargeCorrection bcc="0.1707" smirks="[$([#6X3]=[#7]):1]-[#17:2]"/>
      <BondChargeCorrection bcc="0.2209" smirks="[$([#6X3]=[#7]):1]-[#35:2]"/>
      <BondChargeCorrection bcc="0.3221" smirks="[$([#6X3]=[#7]):1]-[#53:2]"/>
      <BondChargeCorrection bcc="0.1935" smirks="[$([#6X3]=[#7]):1]-[#1:2]"/>
      <BondChargeCorrection bcc="0.1054" smirks="[$([#6X3]=[#8]):1]-[#6X2:2]"/>
      <BondChargeCorrection bcc="0.0197" smirks="[$([#6X3]=[#8]):1]-[$([#6X2]#[#7]):2]"/>
      <BondChargeCorrection bcc="0.1005" smirks="[$([#6X3]=[#8]):1]-[#6X3;a;r5:2]"/>
      <BondChargeCorrection bcc="0.1077" smirks="[$([#6X3]=[#8]):1]-[#6X3;a;r6:2]"/>
      <BondChargeCorrection bcc="0.0579" smirks="[$([#6X3]=[#8]):1]-[$([#6X3;a;r6]:[#7,#15]):2]"/>
      <BondChargeCorrection bcc="0.0657" smirks="[$([#6X3]=[#8]):1]-[$([#6X3;a;r5]:[#7,#15]):2]"/>
      <BondChargeCorrection bcc="0.0287" smirks="[$([#6X3]=[#8]):1]-[$([#6X3;a;r5]:[#8]):2]"/>
      <BondChargeCorrection bcc="0.1091" smirks="[$([#6X3]=[#8]):1]-[$([#6X3;a;r5]:[#16]):2]"/>
      <BondChargeCorrection bcc="0.0444" smirks="[$([#6X3]=[#8]):1]-[$([#6X3;a](:[!#6]):[!#6]):2]"/>
      <BondChargeCorrection bcc="-0.0512" smirks="[$([#6X3]=[#8]):1]-[#7X4+1:2]"/>
      <BondChargeCorrection bcc="0.0861" smirks="[$([#6X3]=[#8]):1]-[#7X3:2]"/>
      <BondChargeCorrection bcc="-0.0259" smirks="[$([#6X3]=[#8]):1]-[#7X3+1:2]"/>
      <BondChargeCorrection bcc="0.0457" smirks="[$([#6X3]=[#8]):1]-[#7X3+0;a:2]"/>
      <BondChargeCorrection bcc="-0.0881" smirks="[$([#6X3]=[#8]):1]-[$([#7X3](~[#8X1])~[#8,#7]):2]"/>
      <BondChargeCorrection bcc="0.2339" smirks="[$([#6X3]=[#8]):1]-[#7X2:2]"/>
      <BondChargeCorrection bcc="-0.0421" smirks="[$([#6X3]=[#8]):1]-[#7X2+1:2]"/>
      <BondChargeCorrection bcc="0.2979" smirks="[$([#6X3]=[#8]):1]-[#7X2-1:2]"/>
      <BondChargeCorrection bcc="0.2762" smirks="[$([#6X3]=[#8]):1]-[$([#7X2]=[!#6]):2]"/>
      <BondChargeCorrection bcc="0.14" smirks="[$([#6X3]=[#8]):1]-[$([#7X2]-,=[#7X2]=,#[#7X1]):2]"/>
      <BondChargeCorrection bcc="0.122" smirks="[$([#6X3]=[#8]):1]-[#8X2H0:2]"/>
      <BondChargeCorrection bcc="0.1328" smirks="[$([#6X3]=[#8]):1]-[#8X2H1:2]"/>
      <BondChargeCorrection bcc="0.1456" smirks="[$([#6X3]=[#8]):1]-[#15:2]"/>
      <BondChargeCorrection bcc="0.5314" smirks="[$([#6X3]=[#8]):1]-[#15X4,$([#15X3]=[*]):2]"/>
      <BondChargeCorrection bcc="0.2459" smirks="[$([#6X3]=[#8]):1]-[#16X2,#16X1:2]"/>
      <BondChargeCorrection bcc="0.4638" smirks="[$([#6X3]=[#8]):1]-[#16X3:2]"/>
      <BondChargeCorrection bcc="0.5796" smirks="[$([#6X3]=[#8]):1]-[#16X4:2]"/>
      <BondChargeCorrection bcc="0.1327" smirks="[$([#6X3]=[#8]):1]-[#9:2]"/>
      <BondChargeCorrection bcc="0.1296" smirks="[$([#6X3]=[#8]):1]-[#17:2]"/>
      <BondChargeCorrection bcc="0.1826" smirks="[$([#6X3]=[#8]):1]-[#35:2]"/>
      <BondChargeCorrection bcc="0.2939" smirks="[$([#6X3]=[#8]):1]-[#53:2]"/>
      <BondChargeCorrection bcc="0.1769" smirks="[$([#6X3]=[#8]):1]-[#1:2]"/>
      <BondChargeCorrection bcc="0.0887" smirks="[$([#6X3]=[#15]):1]-[#6X2:2]"/>
      <BondChargeCorrection bcc="-0.0248" smirks="[$([#6X3]=[#15]):1]-[$([#6X2]#[#7]):2]"/>
      <BondChargeCorrection bcc="-0.0184" smirks="[$([#6X3]=[#15]):1]-[#6X3;a:2]"/>
      <BondChargeCorrection bcc="0.0304" smirks="[$([#6X3]=[#15]):1]-[#7X4+1:2]"/>
      <BondChargeCorrection bcc="-0.007" smirks="[$([#6X3]=[#15]):1]-[#7X3:2]"/>
      <BondChargeCorrection bcc="0.0452" smirks="[$([#6X3]=[#15]):1]-[#7X3+1:2]"/>
      <BondChargeCorrection bcc="0.0339" smirks="[$([#6X3]=[#15]):1]-[#7X3+0;a:2]"/>
      <BondChargeCorrection bcc="-0.1473" smirks="[$([#6X3]=[#15]):1]-[$([#7X3](~[#8X1])~[#8,#7]):2]"/>
      <BondChargeCorrection bcc="0.1532" smirks="[$([#6X3]=[#15]):1]-[#7X2:2]"/>
      <BondChargeCorrection bcc="0.1172" smirks="[$([#6X3]=[#15]):1]-[$([#7X2]-,=[#7X2]=,#[#7X1]):2]"/>
      <BondChargeCorrection bcc="0.1213" smirks="[$([#6X3]=[#15]):1]-[#8:2]"/>
      <BondChargeCorrection bcc="0.1021" smirks="[$([#6X3]=[#15]):1]-[#15:2]"/>
      <BondChargeCorrection bcc="0.3488" smirks="[$([#6X3]=[#15]):1]-[#16:2]"/>
      <BondChargeCorrection bcc="0.0797" smirks="[$([#6X3]=[#15]):1]-[#9:2]"/>
      <BondChargeCorrection bcc="0.131" smirks="[$([#6X3]=[#15]):1]-[#17:2]"/>
      <BondChargeCorrection bcc="0.1678" smirks="[$([#6X3]=[#15]):1]-[#35:2]"/>
      <BondChargeCorrection bcc="0.2365" smirks="[$([#6X3]=[#15]):1]-[#53:2]"/>
      <BondChargeCorrection bcc="-0.0737" smirks="[$([#6X3]=[#15]):1]-[#1:2]"/>
      <BondChargeCorrection bcc="0.0271" smirks="[$([#6X3]=[#16]):1]-[#6X2:2]"/>
      <BondChargeCorrection bcc="-0.0398" smirks="[$([#6X3]=[#16]):1]-[$([#6X2]#[#7]):2]"/>
      <BondChargeCorrection bcc="0.0172" smirks="[$([#6X3]=[#16]):1]-[#6X3;a;r5:2]"/>
      <BondChargeCorrection bcc="0.0062" smirks="[$([#6X3]=[#16]):1]-[#6X3;a;r6:2]"/>
      <BondChargeCorrection bcc="0.0125" smirks="[$([#6X3]=[#16]):1]-[$([#6X3;a;r6]:[#7,#15]):2]"/>
      <BondChargeCorrection bcc="-0.015" smirks="[$([#6X3]=[#16]):1]-[$([#6X3;a;r5]:[#7,#15]):2]"/>
      <BondChargeCorrection bcc="-0.0797" smirks="[$([#6X3]=[#16]):1]-[$([#6X3;a;r5]:[#8]):2]"/>
      <BondChargeCorrection bcc="0.0231" smirks="[$([#6X3]=[#16]):1]-[$([#6X3;a;r5]:[#16]):2]"/>
      <BondChargeCorrection bcc="-0.0503" smirks="[$([#6X3]=[#16]):1]-[$([#6X3;a](:[!#6]):[!#6]):2]"/>
      <BondChargeCorrection bcc="-0.032" smirks="[$([#6X3]=[#16]):1]-[#7X4+1:2]"/>
      <BondChargeCorrection bcc="0.0294" smirks="[$([#6X3]=[#16]):1]-[#7X3:2]"/>
      <BondChargeCorrection bcc="-0.0105" smirks="[$([#6X3]=[#16]):1]-[#7X3+1:2]"/>
      <BondChargeCorrection bcc="-0.0689" smirks="[$([#6X3]=[#16]):1]-[#7X3+0;a:2]"/>
      <BondChargeCorrection bcc="-0.1362" smirks="[$([#6X3]=[#16]):1]-[$([#7X3](~[#8X1])~[#8,#7]):2]"/>
      <BondChargeCorrection bcc="0.1565" smirks="[$([#6X3]=[#16]):1]-[#7X2:2]"/>
      <BondChargeCorrection bcc="-0.0059" smirks="[$([#6X3]=[#16]):1]-[#7X2+1:2]"/>
      <BondChargeCorrection bcc="0.2216" smirks="[$([#6X3]=[#16]):1]-[#7X2-1:2]"/>
      <BondChargeCorrection bcc="0.2663" smirks="[$([#6X3]=[#16]):1]-[$([#7X2]=[!#6]):2]"/>
      <BondChargeCorrection bcc="0.104" smirks="[$([#6X3]=[#16]):1]-[$([#7X2]-,=[#7X2]=,#[#7X1]):2]"/>
      <BondChargeCorrection bcc="0.0498" smirks="[$([#6X3]=[#16]):1]-[#8:2]"/>
      <BondChargeCorrection bcc="0.136" smirks="[$([#6X3]=[#16]):1]-[#15:2]"/>
      <BondChargeCorrection bcc="0.4103" smirks="[$([#6X3]=[#16]):1]-[#15X4,$([#15X3]=[*]):2]"/>
      <BondChargeCorrection bcc="0.1875" smirks="[$([#6X3]=[#16]):1]-[#16X2,#16X1:2]"/>
      <BondChargeCorrection bcc="0.4378" smirks="[$([#6X3]=[#16]):1]-[#16X3:2]"/>
      <BondChargeCorrection bcc="0.4574" smirks="[$([#6X3]=[#16]):1]-[#16X4:2]"/>
      <BondChargeCorrection bcc="0.0892" smirks="[$([#6X3]=[#16]):1]-[#9:2]"/>
      <BondChargeCorrection bcc="0.0704" smirks="[$([#6X3]=[#16]):1]-[#17:2]"/>
      <BondChargeCorrection bcc="0.1161" smirks="[$([#6X3]=[#16]):1]-[#35:2]"/>
      <BondChargeCorrection bcc="0.1941" smirks="[$([#6X3]=[#16]):1]-[#53:2]"/>
      <BondChargeCorrection bcc="-0.2113" smirks="[$([#6X3]=[#16]):1]-[#1:2]"/>
      <BondChargeCorrection bcc="0.0" smirks="[#6X2:1]-[#6X2:2]"/>
      <BondChargeCorrection bcc="-0.059" smirks="[#6X2:1]-[$([#6X2]#[#7]):2]"/>
      <BondChargeCorrection bcc="-0.0307" smirks="[#6X2:1]-[#6X3;a;r5:2]"/>
      <BondChargeCorrection bcc="0.0027" smirks="[#6X2:1]-[#6X3;a;r6:2]"/>
      <BondChargeCorrection bcc="-0.0589" smirks="[#6X2:1]-[$([#6X3;a;r6]:[#7,#15]):2]"/>
      <BondChargeCorrection bcc="-0.0318" smirks="[#6X2:1]-[$([#6X3;a;r5]:[#7,#15]):2]"/>
      <BondChargeCorrection bcc="-0.0911" smirks="[#6X2:1]-[$([#6X3;a;r5]:[#8]):2]"/>
      <BondChargeCorrection bcc="-0.0126" smirks="[#6X2:1]-[$([#6X3;a;r5]:[#16]):2]"/>
      <BondChargeCorrection bcc="-0.043" smirks="[#6X2:1]-[$([#6X3;a](:[!#6]):[!#6]):2]"/>
      <BondChargeCorrection bcc="-0.081" smirks="[#6X2:1]-[#7X4+1:2]"/>
      <BondChargeCorrection bcc="0.0401" smirks="[#6X2:1]-[#7X3:2]"/>
      <BondChargeCorrection bcc="-0.0431" smirks="[#6X2:1]-[#7X3+1:2]"/>
      <BondChargeCorrection bcc="-0.0035" smirks="[#6X2:1]-[$([#7X3]-[#6X3]):2]"/>
      <BondChargeCorrection bcc="-0.0213" smirks="[#6X2:1]-[$([#7X3]-[#6X3]=[#7,#8,#16]):2]"/>
      <BondChargeCorrection bcc="-0.0704" smirks="[#6X2:1]-[#7X3+0;a:2]"/>
      <BondChargeCorrection bcc="-0.1089" smirks="[#6X2:1]-[$([#7X3](~[#8X1])~[#8,#7]):2]"/>
      <BondChargeCorrection bcc="0.0655" smirks="[#6X2:1]-[#7X2:2]"/>
      <BondChargeCorrection bcc="0.005" smirks="[#6X2:1]-[#7X2+1:2]"/>
      <BondChargeCorrection bcc="0.1727" smirks="[#6X2:1]-[#7X2-1:2]"/>
      <BondChargeCorrection bcc="0.1915" smirks="[#6X2:1]-[$([#7X2]=[!#6]):2]"/>
      <BondChargeCorrection bcc="0.0332" smirks="[#6X2:1]-[$([#7X2]-,=[#7X2]=,#[#7X1]):2]"/>
      <BondChargeCorrection bcc="-0.0443" smirks="[#6X2:1]-[#8:2]"/>
      <BondChargeCorrection bcc="0.1908" smirks="[#6X2:1]-[#15:2]"/>
      <BondChargeCorrection bcc="0.3095" smirks="[#6X2:1]-[#15X4,$([#15X3]=[*]):2]"/>
      <BondChargeCorrection bcc="0.2203" smirks="[#6X2:1]-[#16X2,#16X1:2]"/>
      <BondChargeCorrection bcc="0.3664" smirks="[#6X2:1]-[#16X3:2]"/>
      <BondChargeCorrection bcc="0.3608" smirks="[#6X2:1]-[#16X4:2]"/>
      <BondChargeCorrection bcc="-0.0679" smirks="[#6X2:1]-[#9:2]"/>
      <BondChargeCorrection bcc="0.0878" smirks="[#6X2:1]-[#17:2]"/>
      <BondChargeCorrection bcc="0.114" smirks="[#6X2:1]-[#35:2]"/>
      <BondChargeCorrection bcc="0.1526" smirks="[#6X2:1]-[#53:2]"/>
      <BondChargeCorrection bcc="0.0368" smirks="[#6X2:1]-[#1:2]"/>
      <BondChargeCorrection bcc="0.0322" smirks="[$([#6X2]#[#7]):1]-[#6X3;a;r5:2]"/>
      <BondChargeCorrection bcc="0.0022" smirks="[$([#6X2]#[#7]):1]-[#6X3;a;r6:2]"/>
      <BondChargeCorrection bcc="-0.002" smirks="[$([#6X2]#[#7]):1]-[$([#6X3;a;r6]:[#7,#15]):2]"/>
      <BondChargeCorrection bcc="0.0262" smirks="[$([#6X2]#[#7]):1]-[$([#6X3;a;r5]:[#7,#15]):2]"/>
      <BondChargeCorrection bcc="-0.0295" smirks="[$([#6X2]#[#7]):1]-[$([#6X3;a;r5]:[#8]):2]"/>
      <BondChargeCorrection bcc="0.04" smirks="[$([#6X2]#[#7]):1]-[$([#6X3;a;r5]:[#16]):2]"/>
      <BondChargeCorrection bcc="0.0231" smirks="[$([#6X2]#[#7]):1]-[$([#6X3;a](:[!#6]):[!#6]):2]"/>
      <BondChargeCorrection bcc="0.0025" smirks="[$([#6X2]#[#7]):1]-[#7X4+1:2]"/>
      <BondChargeCorrection bcc="0.0961" smirks="[$([#6X2]#[#7]):1]-[#7X3:2]"/>
      <BondChargeCorrection bcc="0.0759" smirks="[$([#6X2]#[#7]):1]-[#7X3+1:2]"/>
      <BondChargeCorrection bcc="0.0424" smirks="[$([#6X2]#[#7]):1]-[$([#7X3]-[#6X3]):2]"/>
      <BondChargeCorrection bcc="0.0744" smirks="[$([#6X2]#[#7]):1]-[$([#7X3]-[#7,#8,#16]):2]"/>
      <BondChargeCorrection bcc="0.0091" smirks="[$([#6X2]#[#7]):1]-[#7X3+0;a:2]"/>
      <BondChargeCorrection bcc="-0.0068" smirks="[$([#6X2]#[#7]):1]-[$([#7X3](~[#8X1])~[#8,#7]):2]"/>
      <BondChargeCorrection bcc="0.1439" smirks="[$([#6X2]#[#7]):1]-[#7X2+0:2]"/>
      <BondChargeCorrection bcc="0.2748" smirks="[$([#6X2]#[#7]):1]-[$([#7X2]=[!#6]):2]"/>
      <BondChargeCorrection bcc="0.0938" smirks="[$([#6X2]#[#7]):1]-[$([#7X2]-,=[#7X2]=,#[#7X1]):2]"/>
      <BondChargeCorrection bcc="0.163" smirks="[$([#6X2]#[#7]):1]-[#8:2]"/>
      <BondChargeCorrection bcc="0.2325" smirks="[$([#6X2]#[#7]):1]-[#15:2]"/>
      <BondChargeCorrection bcc="0.331" smirks="[$([#6X2]#[#7]):1]-[#15X4,$([#15X3]=[*]):2]"/>
      <BondChargeCorrection bcc="0.2578" smirks="[$([#6X2]#[#7]):1]-[#16X2,#16X1:2]"/>
      <BondChargeCorrection bcc="0.4155" smirks="[$([#6X2]#[#7]):1]-[#16X3:2]"/>
      <BondChargeCorrection bcc="0.4057" smirks="[$([#6X2]#[#7]):1]-[#16X4:2]"/>
      <BondChargeCorrection bcc="0.0624" smirks="[$([#6X2]#[#7]):1]-[#9:2]"/>
      <BondChargeCorrection bcc="0.1234" smirks="[$([#6X2]#[#7]):1]-[#17:2]"/>
      <BondChargeCorrection bcc="0.1391" smirks="[$([#6X2]#[#7]):1]-[#35:2]"/>
      <BondChargeCorrection bcc="0.1774" smirks="[$([#6X2]#[#7]):1]-[#53:2]"/>
      <BondChargeCorrection bcc="0.2882" smirks="[$([#6X2]#[#7]):1]-[#1:2]"/>
      <BondChargeCorrection bcc="0.0085" smirks="[#6X3;a;r5:1]-[#6X3;a;r6:2]"/>
      <BondChargeCorrection bcc="-0.0116" smirks="[#6X3;a;r5:1]-[$([#6X3;a;r6]:[#7,#15]):2]"/>
      <BondChargeCorrection bcc="-0.0353" smirks="[#6X3;a;r5:1]-[$([#6X3;a;r5]:[#7,#15]):2]"/>
      <BondChargeCorrection bcc="-0.0539" smirks="[#6X3;a;r5:1]-[$([#6X3;a;r5]:[#8]):2]"/>
      <BondChargeCorrection bcc="0.0332" smirks="[#6X3;a;r5:1]-[$([#6X3;a;r5]:[#16]):2]"/>
      <BondChargeCorrection bcc="-0.0212" smirks="[#6X3;a;r5:1]-[$([#6X3;a](:[!#6]):[!#6]):2]"/>
      <BondChargeCorrection bcc="-0.0567" smirks="[#6X3;a;r5:1]-[#7X4+1:2]"/>
      <BondChargeCorrection bcc="0.0542" smirks="[#6X3;a;r5:1]-[#7X3:2]"/>
      <BondChargeCorrection bcc="0.0026" smirks="[#6X3;a;r5:1]-[$([#7X3]-[#6X3]=[#7,#8,#16]):2]"/>
      <BondChargeCorrection bcc="-0.033" smirks="[#6X3;a;r5:1]-[#7X3+1:2]"/>
      <BondChargeCorrection bcc="0.0041" smirks="[#6X3;a;r5:1]-[#7X3+0;a:2]"/>
      <BondChargeCorrection bcc="-0.1043" smirks="[#6X3;a;r5:1]-[$([#7X3](~[#8X1])~[#8,#7]):2]"/>
      <BondChargeCorrection bcc="0.1498" smirks="[#6X3;a;r5:1]-[#7X2:2]"/>
      <BondChargeCorrection bcc="0.1928" smirks="[#6X3;a;r5:1]-[$([#7X2]=[!#6]):2]"/>
      <BondChargeCorrection bcc="0.0831" smirks="[#6X3;a;r5:1]-[$([#7X2]-,=[#7X2]=,#[#7X1]):2]"/>
      <BondChargeCorrection bcc="0.0369" smirks="[#6X3;a;r5:1]-[#8:2]"/>
      <BondChargeCorrection bcc="0.2152" smirks="[#6X3;a;r5:1]-[#15:2]"/>
      <BondChargeCorrection bcc="0.3306" smirks="[#6X3;a;r5:1]-[#15X4,$([#15X3]=[*]):2]"/>
      <BondChargeCorrection bcc="0.2473" smirks="[#6X3;a;r5:1]-[#16X2,#16X1:2]"/>
      <BondChargeCorrection bcc="0.4243" smirks="[#6X3;a;r5:1]-[#16X3:2]"/>
      <BondChargeCorrection bcc="0.4541" smirks="[#6X3;a;r5:1]-[#16X4:2]"/>
      <BondChargeCorrection bcc="0.0039" smirks="[#6X3;a;r5:1]-[#9:2]"/>
      <BondChargeCorrection bcc="0.1481" smirks="[#6X3;a;r5:1]-[#17:2]"/>
      <BondChargeCorrection bcc="0.2123" smirks="[#6X3;a;r5:1]-[#35:2]"/>
      <BondChargeCorrection bcc="0.2787" smirks="[#6X3;a;r5:1]-[#53:2]"/>
      <BondChargeCorrection bcc="0.0152" smirks="[#6X3;a;r5:1]-[#1:2]"/>
      <BondChargeCorrection bcc="0.0" smirks="[#6X3;a;r6:1]-[#6X3;a;r6:2]"/>
      <BondChargeCorrection bcc="-0.039" smirks="[#6X3;a;r6:1]-[$([#6X3;a;r6]:[#7,#15]):2]"/>
      <BondChargeCorrection bcc="-0.0359" smirks="[#6X3;a;r6:1]-[$([#6X3;a;r5]:[#7,#15]):2]"/>
      <BondChargeCorrection bcc="-0.0695" smirks="[#6X3;a;r6:1]-[$([#6X3;a;r5]:[#8]):2]"/>
      <BondChargeCorrection bcc="0.0083" smirks="[#6X3;a;r6:1]-[$([#6X3;a;r5]:[#16]):2]"/>
      <BondChargeCorrection bcc="-0.0621" smirks="[#6X3;a;r6:1]-[$([#6X3;a](:[!#6]):[!#6]):2]"/>
      <BondChargeCorrection bcc="-0.034" smirks="[#6X3;a;r6:1]-[#7X4+1:2]"/>
      <BondChargeCorrection bcc="0.0363" smirks="[#6X3;a;r6:1]-[#7X3:2]"/>
      <BondChargeCorrection bcc="-0.0037" smirks="[#6X3;a;r6:1]-[$([#7X3]-[#6X3]=[#7,#8,#16]):2]"/>
      <BondChargeCorrection bcc="0.0116" smirks="[#6X3;a;r6:1]-[#7X3+1:2]"/>
      <BondChargeCorrection bcc="-0.0398" smirks="[#6X3;a;r6:1]-[#7X3+0;a:2]"/>
      <BondChargeCorrection bcc="-0.0972" smirks="[#6X3;a;r6:1]-[$([#7X3](~[#8X1])~[#8,#7]):2]"/>
      <BondChargeCorrection bcc="0.1313" smirks="[#6X3;a;r6:1]-[#7X2:2]"/>
      <BondChargeCorrection bcc="0.1617" smirks="[#6X3;a;r6:1]-[$([#7X2]=[!#6]):2]"/>
      <BondChargeCorrection bcc="0.1249" smirks="[#6X3;a;r6:1]-[$([#7X2]-,=[#7X2]=,#[#7X1]):2]"/>
      <BondChargeCorrection bcc="0.0274" smirks="[#6X3;a;r6:1]-[#8:2]"/>
      <BondChargeCorrection bcc="0.2267" smirks="[#6X3;a;r6:1]-[#15:2]"/>
      <BondChargeCorrection bcc="0.3747" smirks="[#6X3;a;r6:1]-[#15X4,$([#15X3]=[*]):2]"/>
      <BondChargeCorrection bcc="0.2481" smirks="[#6X3;a;r6:1]-[#16X2,#16X1:2]"/>
      <BondChargeCorrection bcc="0.4291" smirks="[#6X3;a;r6:1]-[#16X3:2]"/>
      <BondChargeCorrection bcc="0.4693" smirks="[#6X3;a;r6:1]-[#16X4:2]"/>
      <BondChargeCorrection bcc="0.0262" smirks="[#6X3;a;r6:1]-[#9:2]"/>
      <BondChargeCorrection bcc="0.1306" smirks="[#6X3;a;r6:1]-[#17:2]"/>
      <BondChargeCorrection bcc="0.1868" smirks="[#6X3;a;r6:1]-[#35:2]"/>
      <BondChargeCorrection bcc="0.2624" smirks="[#6X3;a;r6:1]-[#53:2]"/>
      <BondChargeCorrection bcc="0.0147" smirks="[#6X3;a;r6:1]-[#1:2]"/>
      <BondChargeCorrection bcc="0.0" smirks="[$([#6X3;a;r6]:[#7,#15]):1]-[$([#6X3;a;r6]:[#7,#15]):2]"/>
      <BondChargeCorrection bcc="0.0036" smirks="[$([#6X3;a;r6]:[#7,#15]):1]-[$([#6X3;a;r5]:[#7,#15]):2]"/>
      <BondChargeCorrection bcc="-0.0294" smirks="[$([#6X3;a;r6]:[#7,#15]):1]-[$([#6X3;a;r5]:[#8]):2]"/>
      <BondChargeCorrection bcc="0.0494" smirks="[$([#6X3;a;r6]:[#7,#15]):1]-[$([#6X3;a;r5]:[#16]):2]"/>
      <BondChargeCorrection bcc="-0.0029" smirks="[$([#6X3;a;r6]:[#7,#15]):1]-[$([#6X3;a](:[!#6]):[!#6]):2]"/>
      <BondChargeCorrection bcc="0.0252" smirks="[$([#6X3;a;r6]:[#7,#15]):1]-[#7X4+1:2]"/>
      <BondChargeCorrection bcc="0.0675" smirks="[$([#6X3;a;r6]:[#7,#15]):1]-[#7X3:2]"/>
      <BondChargeCorrection bcc="0.0398" smirks="[$([#6X3;a;r6]:[#7,#15]):1]-[$([#7X3]-[#6X3]=[#7,#8,#16]):2]"/>
      <BondChargeCorrection bcc="-0.1242" smirks="[$([#6X3;a;r6]:[#7,#15]):1]-[#7X3+1:2]"/>
      <BondChargeCorrection bcc="-0.0199" smirks="[$([#6X3;a;r6]:[#7,#15]):1]-[#7X3+0;a:2]"/>
      <BondChargeCorrection bcc="-0.0396" smirks="[$([#6X3;a;r6]:[#7,#15]):1]-[$([#7X3](~[#8X1])~[#8,#7]):2]"/>
      <BondChargeCorrection bcc="0.1713" smirks="[$([#6X3;a;r6]:[#7,#15]):1]-[#7X2:2]"/>
      <BondChargeCorrection bcc="0.2504" smirks="[$([#6X3;a;r6]:[#7,#15]):1]-[$([#7X2]=[!#6]):2]"/>
      <BondChargeCorrection bcc="0.1244" smirks="[$([#6X3;a;r6]:[#7,#15]):1]-[$([#7X2]-,=[#7X2]=,#[#7X1]):2]"/>
      <BondChargeCorrection bcc="0.0569" smirks="[$([#6X3;a;r6]:[#7,#15]):1]-[#8:2]"/>
      <BondChargeCorrection bcc="0.2258" smirks="[$([#6X3;a;r6]:[#7,#15]):1]-[#15:2]"/>
      <BondChargeCorrection bcc="0.4165" smirks="[$([#6X3;a;r6]:[#7,#15]):1]-[#15X4,$([#15X3]=[*]):2]"/>
      <BondChargeCorrection bcc="0.2865" smirks="[$([#6X3;a;r6]:[#7,#15]):1]-[#16X2,#16X1:2]"/>
      <BondChargeCorrection bcc="0.4689" smirks="[$([#6X3;a;r6]:[#7,#15]):1]-[#16X3:2]"/>
      <BondChargeCorrection bcc="0.5131" smirks="[$([#6X3;a;r6]:[#7,#15]):1]-[#16X4:2]"/>
      <BondChargeCorrection bcc="0.0302" smirks="[$([#6X3;a;r6]:[#7,#15]):1]-[#9:2]"/>
      <BondChargeCorrection bcc="0.153" smirks="[$([#6X3;a;r6]:[#7,#15]):1]-[#17:2]"/>
      <BondChargeCorrection bcc="0.2214" smirks="[$([#6X3;a;r6]:[#7,#15]):1]-[#35:2]"/>
      <BondChargeCorrection bcc="0.3034" smirks="[$([#6X3;a;r6]:[#7,#15]):1]-[#53:2]"/>
      <BondChargeCorrection bcc="0.0547" smirks="[$([#6X3;a;r6]:[#7,#15]):1]-[#1:2]"/>
      <BondChargeCorrection bcc="0.0" smirks="[$([#6X3;a;r5]:[#7,#15]):1]-[$([#6X3;a;r5]:[#7,#15]):2]"/>
      <BondChargeCorrection bcc="-0.0096" smirks="[$([#6X3;a;r5]:[#7,#15]):1]-[$([#6X3;a;r5]:[#8]):2]"/>
      <BondChargeCorrection bcc="0.0555" smirks="[$([#6X3;a;r5]:[#7,#15]):1]-[$([#6X3;a;r5]:[#16]):2]"/>
      <BondChargeCorrection bcc="-0.0163" smirks="[$([#6X3;a;r5]:[#7,#15]):1]-[$([#6X3;a](:[!#6]):[!#6]):2]"/>
      <BondChargeCorrection bcc="-0.0838" smirks="[$([#6X3;a;r5]:[#7,#15]):1]-[#7X4+1:2]"/>
      <BondChargeCorrection bcc="0.0644" smirks="[$([#6X3;a;r5]:[#7,#15]):1]-[#7X3:2]"/>
      <BondChargeCorrection bcc="0.0445" smirks="[$([#6X3;a;r5]:[#7,#15]):1]-[$([#7X3]-[#6X3]=[#7,#8,#16]):2]"/>
      <BondChargeCorrection bcc="-0.058" smirks="[$([#6X3;a;r5]:[#7,#15]):1]-[#7X3+1:2]"/>
      <BondChargeCorrection bcc="0.0017" smirks="[$([#6X3;a;r5]:[#7,#15]):1]-[#7X3+0;a:2]"/>
      <BondChargeCorrection bcc="-0.0328" smirks="[$([#6X3;a;r5]:[#7,#15]):1]-[$([#7X3](~[#8X1])~[#8,#7]):2]"/>
      <BondChargeCorrection bcc="0.1719" smirks="[$([#6X3;a;r5]:[#7,#15]):1]-[#7X2:2]"/>
      <BondChargeCorrection bcc="0.2487" smirks="[$([#6X3;a;r5]:[#7,#15]):1]-[$([#7X2]=[!#6]):2]"/>
      <BondChargeCorrection bcc="-0.0015" smirks="[$([#6X3;a;r5]:[#7,#15]):1]-[$([#7X2]-,=[#7X2]=,#[#7X1]):2]"/>
      <BondChargeCorrection bcc="0.0354" smirks="[$([#6X3;a;r5]:[#7,#15]):1]-[#8:2]"/>
      <BondChargeCorrection bcc="0.2213" smirks="[$([#6X3;a;r5]:[#7,#15]):1]-[#15:2]"/>
      <BondChargeCorrection bcc="0.3466" smirks="[$([#6X3;a;r5]:[#7,#15]):1]-[#15X4,$([#15X3]=[*]):2]"/>
      <BondChargeCorrection bcc="0.2763" smirks="[$([#6X3;a;r5]:[#7,#15]):1]-[#16X2,#16X1:2]"/>
      <BondChargeCorrection bcc="0.4076" smirks="[$([#6X3;a;r5]:[#7,#15]):1]-[#16X3:2]"/>
      <BondChargeCorrection bcc="0.4955" smirks="[$([#6X3;a;r5]:[#7,#15]):1]-[#16X4:2]"/>
      <BondChargeCorrection bcc="-0.0293" smirks="[$([#6X3;a;r5]:[#7,#15]):1]-[#9:2]"/>
      <BondChargeCorrection bcc="0.1498" smirks="[$([#6X3;a;r5]:[#7,#15]):1]-[#17:2]"/>
      <BondChargeCorrection bcc="0.2144" smirks="[$([#6X3;a;r5]:[#7,#15]):1]-[#35:2]"/>
      <BondChargeCorrection bcc="0.2855" smirks="[$([#6X3;a;r5]:[#7,#15]):1]-[#53:2]"/>
      <BondChargeCorrection bcc="0.0383" smirks="[$([#6X3;a;r5]:[#7,#15]):1]-[#1:2]"/>
      <BondChargeCorrection bcc="0.0" smirks="[$([#6X3;a;r5]:[#8]):1]-[$([#6X3;a;r5]:[#8]):2]"/>
      <BondChargeCorrection bcc="0.0692" smirks="[$([#6X3;a;r5]:[#8]):1]-[$([#6X3;a;r5]:[#16]):2]"/>
      <BondChargeCorrection bcc="0.0169" smirks="[$([#6X3;a;r5]:[#8]):1]-[$([#6X3;a](:[!#6]):[!#6]):2]"/>
      <BondChargeCorrection bcc="-0.0257" smirks="[$([#6X3;a;r5]:[#8]):1]-[#7X4+1:2]"/>
      <BondChargeCorrection bcc="0.0918" smirks="[$([#6X3;a;r5]:[#8]):1]-[#7X3:2]"/>
      <BondChargeCorrection bcc="0.0887" smirks="[$([#6X3;a;r5]:[#8]):1]-[$([#7X3]-[#6X3]=[#7,#8,#16]):2]"/>
      <BondChargeCorrection bcc="0.0297" smirks="[$([#6X3;a;r5]:[#8]):1]-[#7X3+1:2]"/>
      <BondChargeCorrection bcc="0.027" smirks="[$([#6X3;a;r5]:[#8]):1]-[#7X3+0;a:2]"/>
      <BondChargeCorrection bcc="-0.0143" smirks="[$([#6X3;a;r5]:[#8]):1]-[$([#7X3](~[#8X1])~[#8,#7]):2]"/>
      <BondChargeCorrection bcc="0.1908" smirks="[$([#6X3;a;r5]:[#8]):1]-[#7X2:2]"/>
      <BondChargeCorrection bcc="0.2551" smirks="[$([#6X3;a;r5]:[#8]):1]-[$([#7X2]=[!#6]):2]"/>
      <BondChargeCorrection bcc="0.1279" smirks="[$([#6X3;a;r5]:[#8]):1]-[$([#7X2]-,=[#7X2]=,#[#7X1]):2]"/>
      <BondChargeCorrection bcc="0.0978" smirks="[$([#6X3;a;r5]:[#8]):1]-[#8:2]"/>
      <BondChargeCorrection bcc="0.2886" smirks="[$([#6X3;a;r5]:[#8]):1]-[#15:2]"/>
      <BondChargeCorrection bcc="0.3587" smirks="[$([#6X3;a;r5]:[#8]):1]-[#15X4,$([#15X3]=[*]):2]"/>
      <BondChargeCorrection bcc="0.3288" smirks="[$([#6X3;a;r5]:[#8]):1]-[#16X2,#16X1:2]"/>
      <BondChargeCorrection bcc="0.4619" smirks="[$([#6X3;a;r5]:[#8]):1]-[#16X3:2]"/>
      <BondChargeCorrection bcc="0.4924" smirks="[$([#6X3;a;r5]:[#8]):1]-[#16X4:2]"/>
      <BondChargeCorrection bcc="0.0338" smirks="[$([#6X3;a;r5]:[#8]):1]-[#9:2]"/>
      <BondChargeCorrection bcc="0.2024" smirks="[$([#6X3;a;r5]:[#8]):1]-[#17:2]"/>
      <BondChargeCorrection bcc="0.2608" smirks="[$([#6X3;a;r5]:[#8]):1]-[#35:2]"/>
      <BondChargeCorrection bcc="0.3202" smirks="[$([#6X3;a;r5]:[#8]):1]-[#53:2]"/>
      <BondChargeCorrection bcc="0.0836" smirks="[$([#6X3;a;r5]:[#8]):1]-[#1:2]"/>
      <BondChargeCorrection bcc="0.0" smirks="[$([#6X3;a;r5]:[#16]):1]-[$([#6X3;a;r5]:[#16]):2]"/>
      <BondChargeCorrection bcc="-0.062" smirks="[$([#6X3;a;r5]:[#16]):1]-[$([#6X3;a](:[!#6]):[!#6]):2]"/>
      <BondChargeCorrection bcc="-0.0607" smirks="[$([#6X3;a;r5]:[#16]):1]-[#7X4+1:2]"/>
      <BondChargeCorrection bcc="0.0223" smirks="[$([#6X3;a;r5]:[#16]):1]-[#7X3:2]"/>
      <BondChargeCorrection bcc="-0.0052" smirks="[$([#6X3;a;r5]:[#16]):1]-[$([#7X3]-[#6X3]=[#7,#8,#16]):2]"/>
      <BondChargeCorrection bcc="-0.0719" smirks="[$([#6X3;a;r5]:[#16]):1]-[#7X3+1:2]"/>
      <BondChargeCorrection bcc="-0.0779" smirks="[$([#6X3;a;r5]:[#16]):1]-[#7X3+0;a:2]"/>
      <BondChargeCorrection bcc="-0.0942" smirks="[$([#6X3;a;r5]:[#16]):1]-[$([#7X3](~[#8X1])~[#8,#7]):2]"/>
      <BondChargeCorrection bcc="0.1184" smirks="[$([#6X3;a;r5]:[#16]):1]-[#7X2:2]"/>
      <BondChargeCorrection bcc="0.2224" smirks="[$([#6X3;a;r5]:[#16]):1]-[$([#7X2]=[!#6]):2]"/>
      <BondChargeCorrection bcc="0.053" smirks="[$([#6X3;a;r5]:[#16]):1]-[$([#7X2]-,=[#7X2]=,#[#7X1]):2]"/>
      <BondChargeCorrection bcc="0.0252" smirks="[$([#6X3;a;r5]:[#16]):1]-[#8:2]"/>
      <BondChargeCorrection bcc="0.1968" smirks="[$([#6X3;a;r5]:[#16]):1]-[#15:2]"/>
      <BondChargeCorrection bcc="0.3053" smirks="[$([#6X3;a;r5]:[#16]):1]-[#15X4,$([#15X3]=[*]):2]"/>
      <BondChargeCorrection bcc="0.2616" smirks="[$([#6X3;a;r5]:[#16]):1]-[#16X2,#16X1:2]"/>
      <BondChargeCorrection bcc="0.4083" smirks="[$([#6X3;a;r5]:[#16]):1]-[#16X3:2]"/>
      <BondChargeCorrection bcc="0.4363" smirks="[$([#6X3;a;r5]:[#16]):1]-[#16X4:2]"/>
      <BondChargeCorrection bcc="-0.0197" smirks="[$([#6X3;a;r5]:[#16]):1]-[#9:2]"/>
      <BondChargeCorrection bcc="0.1404" smirks="[$([#6X3;a;r5]:[#16]):1]-[#17:2]"/>
      <BondChargeCorrection bcc="0.2053" smirks="[$([#6X3;a;r5]:[#16]):1]-[#35:2]"/>
      <BondChargeCorrection bcc="0.2713" smirks="[$([#6X3;a;r5]:[#16]):1]-[#53:2]"/>
      <BondChargeCorrection bcc="0.0035" smirks="[$([#6X3;a;r5]:[#16]):1]-[#1:2]"/>
      <BondChargeCorrection bcc="0.0" smirks="[$([#6X3;a](:[!#6]):[!#6]):1]-[$([#6X3;a](:[!#6]):[!#6]):2]"/>
      <BondChargeCorrection bcc="-0.0507" smirks="[$([#6X3;a](:[!#6]):[!#6]):1]-[#7X4+1:2]"/>
      <BondChargeCorrection bcc="0.0816" smirks="[$([#6X3;a](:[!#6]):[!#6]):1]-[#7X3:2]"/>
      <BondChargeCorrection bcc="0.0251" smirks="[$([#6X3;a](:[!#6]):[!#6]):1]-[$([#7X3]-[#6X3]=[#7,#8,#16]):2]"/>
      <BondChargeCorrection bcc="-0.0018" smirks="[$([#6X3;a](:[!#6]):[!#6]):1]-[#7X3+1:2]"/>
      <BondChargeCorrection bcc="0.0013" smirks="[$([#6X3;a](:[!#6]):[!#6]):1]-[#7X3+0;a:2]"/>
      <BondChargeCorrection bcc="-0.0364" smirks="[$([#6X3;a](:[!#6]):[!#6]):1]-[$([#7X3](~[#8X1])~[#8,#7]):2]"/>
      <BondChargeCorrection bcc="0.1558" smirks="[$([#6X3;a](:[!#6]):[!#6]):1]-[#7X2:2]"/>
      <BondChargeCorrection bcc="0.3022" smirks="[$([#6X3;a](:[!#6]):[!#6]):1]-[$([#7X2]=[!#6]):2]"/>
      <BondChargeCorrection bcc="0.0962" smirks="[$([#6X3;a](:[!#6]):[!#6]):1]-[$([#7X2]-,=[#7X2]=,#[#7X1]):2]"/>
      <BondChargeCorrection bcc="0.0614" smirks="[$([#6X3;a](:[!#6]):[!#6]):1]-[#8:2]"/>
      <BondChargeCorrection bcc="0.2181" smirks="[$([#6X3;a](:[!#6]):[!#6]):1]-[#15:2]"/>
      <BondChargeCorrection bcc="0.3624" smirks="[$([#6X3;a](:[!#6]):[!#6]):1]-[#15X4,$([#15X3]=[*]):2]"/>
      <BondChargeCorrection bcc="0.2794" smirks="[$([#6X3;a](:[!#6]):[!#6]):1]-[#16X2,#16X1:2]"/>
      <BondChargeCorrection bcc="0.4434" smirks="[$([#6X3;a](:[!#6]):[!#6]):1]-[#16X3:2]"/>
      <BondChargeCorrection bcc="0.4805" smirks="[$([#6X3;a](:[!#6]):[!#6]):1]-[#16X4:2]"/>
      <BondChargeCorrection bcc="0.01" smirks="[$([#6X3;a](:[!#6]):[!#6]):1]-[#9:2]"/>
      <BondChargeCorrection bcc="0.1961" smirks="[$([#6X3;a](:[!#6]):[!#6]):1]-[#17:2]"/>
      <BondChargeCorrection bcc="0.2598" smirks="[$([#6X3;a](:[!#6]):[!#6]):1]-[#35:2]"/>
      <BondChargeCorrection bcc="0.3319" smirks="[$([#6X3;a](:[!#6]):[!#6]):1]-[#53:2]"/>
      <BondChargeCorrection bcc="0.0806" smirks="[$([#6X3;a](:[!#6]):[!#6]):1]-[#1:2]"/>
      <BondChargeCorrection bcc="0.0661" smirks="[#6X3;a:1]-[#7X2+1:2]"/>
      <BondChargeCorrection bcc="0.2671" smirks="[#6X3;a:1]-[#7X2-1:2]"/>
      <BondChargeCorrection bcc="0.0" smirks="[#7X4+1:1]-[#7X4+1:2]"/>
      <BondChargeCorrection bcc="0.0386" smirks="[#7X4+1:1]-[#7X3:2]"/>
      <BondChargeCorrection bcc="0.0805" smirks="[#7X4+1:1]-[#7X3+1:2]"/>
      <BondChargeCorrection bcc="0.0022" smirks="[#7X4+1:1]-[$([#7X3]-[#6X3]):2]"/>
      <BondChargeCorrection bcc="0.0307" smirks="[#7X4+1:1]-[$([#7X3]-[#6X3]=[#7,#8,#16]):2]"/>
      <BondChargeCorrection bcc="0.0816" smirks="[#7X4+1:1]-[#7X3+0;a:2]"/>
      <BondChargeCorrection bcc="0.21" smirks="[#7X4+1:1]-[$([#7X3](~[#8X1])~[#8,#7]):2]"/>
      <BondChargeCorrection bcc="0.1122" smirks="[#7X4+1:1]-[#7X2:2]"/>
      <BondChargeCorrection bcc="0.1175" smirks="[#7X4+1:1]-[#7X2+1:2]"/>
      <BondChargeCorrection bcc="-0.0058" smirks="[#7X4+1:1]-[#7X2-1:2]"/>
      <BondChargeCorrection bcc="0.1791" smirks="[#7X4+1:1]-[$([#7X2]=[!#6]):2]"/>
      <BondChargeCorrection bcc="0.0942" smirks="[#7X4+1:1]-[$([#7X2]-,=[#7X2]=,#[#7X1]):2]"/>
      <BondChargeCorrection bcc="0.0031" smirks="[#7X4+1:1]-[#8:2]"/>
      <BondChargeCorrection bcc="0.0533" smirks="[#7X4+1:1]-[#15:2]"/>
      <BondChargeCorrection bcc="0.2644" smirks="[#7X4+1:1]-[#15X4,$([#15X3]=[*]):2]"/>
      <BondChargeCorrection bcc="0.0603" smirks="[#7X4+1:1]-[#16X2,#16X1:2]"/>
      <BondChargeCorrection bcc="0.2513" smirks="[#7X4+1:1]-[#16X3:2]"/>
      <BondChargeCorrection bcc="0.359" smirks="[#7X4+1:1]-[#16X4:2]"/>
      <BondChargeCorrection bcc="0.0677" smirks="[#7X4+1:1]-[#9:2]"/>
      <BondChargeCorrection bcc="0.0276" smirks="[#7X4+1:1]-[#17:2]"/>
      <BondChargeCorrection bcc="0.0794" smirks="[#7X4+1:1]-[#35:2]"/>
      <BondChargeCorrection bcc="0.0846" smirks="[#7X4+1:1]-[#53:2]"/>
      <BondChargeCorrection bcc="-0.0316" smirks="[#7X4+1:1]-[#1:2]"/>
      <BondChargeCorrection bcc="0.0" smirks="[#7X3:1]-[#7X3:2]"/>
      <BondChargeCorrection bcc="-0.0153" smirks="[#7X3:1]-[#7X3+1:2]"/>
      <BondChargeCorrection bcc="-0.0312" smirks="[#7X3:1]-[$([#7X3]-[#6X3]):2]"/>
      <BondChargeCorrection bcc="-0.0538" smirks="[#7X3:1]-[$([#7X3]-[#6X3]=[#7,#8,#16]):2]"/>
      <BondChargeCorrection bcc="-0.0971" smirks="[#7X3:1]-[#7X3+0;a:2]"/>
      <BondChargeCorrection bcc="-0.1105" smirks="[#7X3:1]-[$([#7X3](~[#8X1])~[#8,#7]):2]"/>
      <BondChargeCorrection bcc="0.0502" smirks="[#7X3:1]-[#7X2:2]"/>
      <BondChargeCorrection bcc="-0.0097" smirks="[#7X3:1]-[#7X2+1:2]"/>
      <BondChargeCorrection bcc="-0.0107" smirks="[#7X3:1]-[#7X2-1:2]"/>
      <BondChargeCorrection bcc="0.12" smirks="[#7X3:1]-[$([#7X2]=[!#6]):2]"/>
      <BondChargeCorrection bcc="0.0021" smirks="[#7X3:1]-[$([#7X2]-,=[#7X2]=,#[#7X1]):2]"/>
      <BondChargeCorrection bcc="-0.0155" smirks="[#7X3:1]-[#8:2]"/>
      <BondChargeCorrection bcc="0.0647" smirks="[#7X3:1]-[#15:2]"/>
      <BondChargeCorrection bcc="0.3296" smirks="[#7X3:1]-[#15X4,$([#15X3]=[*]):2]"/>
      <BondChargeCorrection bcc="0.1348" smirks="[#7X3:1]-[#16X2,#16X1:2]"/>
      <BondChargeCorrection bcc="0.3523" smirks="[#7X3:1]-[#16X3:2]"/>
      <BondChargeCorrection bcc="0.3676" smirks="[#7X3:1]-[#16X4:2]"/>
      <BondChargeCorrection bcc="-0.0159" smirks="[#7X3:1]-[#9:2]"/>
      <BondChargeCorrection bcc="-0.0375" smirks="[#7X3:1]-[#17:2]"/>
      <BondChargeCorrection bcc="0.0485" smirks="[#7X3:1]-[#35:2]"/>
      <BondChargeCorrection bcc="0.1315" smirks="[#7X3:1]-[#53:2]"/>
      <BondChargeCorrection bcc="-0.1645" smirks="[#7X3:1]-[#1:2]"/>
      <BondChargeCorrection bcc="0.0" smirks="[#7X3+1:1]-[#7X3+1:2]"/>
      <BondChargeCorrection bcc="0.0098" smirks="[#7X3+1:1]-[$([#7X3]-[#6X3]):2]"/>
      <BondChargeCorrection bcc="0.0322" smirks="[#7X3+1:1]-[$([#7X3]-[#6X3]=[#7,#8,#16]):2]"/>
      <BondChargeCorrection bcc="0.0116" smirks="[#7X3+1:1]-[#7X3+0;a:2]"/>
      <BondChargeCorrection bcc="0.1066" smirks="[#7X3+1:1]-[$([#7X3](~[#8X1])~[#8,#7]):2]"/>
      <BondChargeCorrection bcc="0.0703" smirks="[#7X3+1:1]-[#7X2:2]"/>
      <BondChargeCorrection bcc="-0.01" smirks="[#7X3+1:1]-[#7X2+1:2]"/>
      <BondChargeCorrection bcc="0.0455" smirks="[#7X3+1:1]-[#7X2-1:2]"/>
      <BondChargeCorrection bcc="0.2215" smirks="[#7X3+1:1]-[$([#7X2]=[!#6]):2]"/>
      <BondChargeCorrection bcc="0.0593" smirks="[#7X3+1:1]-[$([#7X2]-,=[#7X2]=,#[#7X1]):2]"/>
      <BondChargeCorrection bcc="-0.0213" smirks="[#7X3+1:1]-[#8:2]"/>
      <BondChargeCorrection bcc="0.0359" smirks="[#7X3+1:1]-[#15:2]"/>
      <BondChargeCorrection bcc="0.164" smirks="[#7X3+1:1]-[#15X4,$([#15X3]=[*]):2]"/>
      <BondChargeCorrection bcc="0.1122" smirks="[#7X3+1:1]-[#16X2,#16X1:2]"/>
      <BondChargeCorrection bcc="0.2364" smirks="[#7X3+1:1]-[#16X3:2]"/>
      <BondChargeCorrection bcc="0.3034" smirks="[#7X3+1:1]-[#16X4:2]"/>
      <BondChargeCorrection bcc="-0.0219" smirks="[#7X3+1:1]-[#9:2]"/>
      <BondChargeCorrection bcc="-0.0268" smirks="[#7X3+1:1]-[#17:2]"/>
      <BondChargeCorrection bcc="0.0208" smirks="[#7X3+1:1]-[#35:2]"/>
      <BondChargeCorrection bcc="0.0404" smirks="[#7X3+1:1]-[#53:2]"/>
      <BondChargeCorrection bcc="-0.1518" smirks="[#7X3+1:1]-[#1:2]"/>
      <BondChargeCorrection bcc="0.0" smirks="[$([#7X3]-[#6X3]):1]-[$([#7X3]-[#6X3]):2]"/>
      <BondChargeCorrection bcc="-0.0771" smirks="[$([#7X3]-[#6X3]):1]-[#7X3+0;a:2]"/>
      <BondChargeCorrection bcc="-0.1331" smirks="[$([#7X3]-[#6X3]):1]-[#7X3+1;a:2]"/>
      <BondChargeCorrection bcc="-0.0631" smirks="[$([#7X3]-[#6X3]):1]-[$([#7X3](~[#8X1])~[#8,#7]):2]"/>
      <BondChargeCorrection bcc="0.0473" smirks="[$([#7X3]-[#6X3]):1]-[#7X2:2]"/>
      <BondChargeCorrection bcc="-0.0447" smirks="[$([#7X3]-[#6X3]):1]-[#7X2+1:2]"/>
      <BondChargeCorrection bcc="0.0056" smirks="[$([#7X3]-[#6X3]):1]-[#7X2-1:2]"/>
      <BondChargeCorrection bcc="0.1246" smirks="[$([#7X3]-[#6X3]):1]-[$([#7X2]=[!#6]):2]"/>
      <BondChargeCorrection bcc="-0.0145" smirks="[$([#7X3]-[#6X3]):1]-[$([#7X2]-,=[#7X2]=,#[#7X1]):2]"/>
      <BondChargeCorrection bcc="-0.0168" smirks="[$([#7X3]-[#6X3]):1]-[#8:2]"/>
      <BondChargeCorrection bcc="0.127" smirks="[$([#7X3]-[#6X3]):1]-[#15:2]"/>
      <BondChargeCorrection bcc="0.3679" smirks="[$([#7X3]-[#6X3]):1]-[#15X4,$([#15X3]=[*]):2]"/>
      <BondChargeCorrection bcc="0.1637" smirks="[$([#7X3]-[#6X3]):1]-[#16X2,#16X1:2]"/>
      <BondChargeCorrection bcc="0.3582" smirks="[$([#7X3]-[#6X3]):1]-[#16X3:2]"/>
      <BondChargeCorrection bcc="0.3975" smirks="[$([#7X3]-[#6X3]):1]-[#16X4:2]"/>
      <BondChargeCorrection bcc="0.0273" smirks="[$([#7X3]-[#6X3]):1]-[#9:2]"/>
      <BondChargeCorrection bcc="0.0047" smirks="[$([#7X3]-[#6X3]):1]-[#17:2]"/>
      <BondChargeCorrection bcc="0.0712" smirks="[$([#7X3]-[#6X3]):1]-[#35:2]"/>
      <BondChargeCorrection bcc="0.1455" smirks="[$([#7X3]-[#6X3]):1]-[#53:2]"/>
      <BondChargeCorrection bcc="-0.1112" smirks="[$([#7X3]-[#6X3]):1]-[#1:2]"/>
      <BondChargeCorrection bcc="-0.0277" smirks="[$([#7X3]-[#6X3]=[#7,#8,#16]):1]-[#7X3+0;a:2]"/>
      <BondChargeCorrection bcc="-0.109" smirks="[$([#7X3]-[#6X3]=[#7,#8,#16]):1]-[#7X3+1;a:2]"/>
      <BondChargeCorrection bcc="-0.0616" smirks="[$([#7X3]-[#6X3]=[#7,#8,#16]):1]-[$([#7X3](~[#8X1])~[#8,#7]):2]"/>
      <BondChargeCorrection bcc="0.074" smirks="[$([#7X3]-[#6X3]=[#7,#8,#16]):1]-[#7X2:2]"/>
      <BondChargeCorrection bcc="-0.0279" smirks="[$([#7X3]-[#6X3]=[#7,#8,#16]):1]-[#7X2+1:2]"/>
      <BondChargeCorrection bcc="0.1056" smirks="[$([#7X3]-[#6X3]=[#7,#8,#16]):1]-[#7X2-1:2]"/>
      <BondChargeCorrection bcc="0.0926" smirks="[$([#7X3]-[#6X3]=[#7,#8,#16]):1]-[$([#7X2]=[!#6]):2]"/>
      <BondChargeCorrection bcc="0.045" smirks="[$([#7X3]-[#6X3]=[#7,#8,#16]):1]-[$([#7X2]-,=[#7X2]=,#[#7X1]):2]"/>
      <BondChargeCorrection bcc="-0.0121" smirks="[$([#7X3]-[#6X3]=[#7,#8,#16]):1]-[#8:2]"/>
      <BondChargeCorrection bcc="0.1491" smirks="[$([#7X3]-[#6X3]=[#7,#8,#16]):1]-[#15:2]"/>
      <BondChargeCorrection bcc="0.3212" smirks="[$([#7X3]-[#6X3]=[#7,#8,#16]):1]-[#15X4,$([#15X3]=[*]):2]"/>
      <BondChargeCorrection bcc="0.1277" smirks="[$([#7X3]-[#6X3]=[#7,#8,#16]):1]-[#16X2,#16X1:2]"/>
      <BondChargeCorrection bcc="0.3485" smirks="[$([#7X3]-[#6X3]=[#7,#8,#16]):1]-[#16X3:2]"/>
      <BondChargeCorrection bcc="0.3975" smirks="[$([#7X3]-[#6X3]=[#7,#8,#16]):1]-[#16X4:2]"/>
      <BondChargeCorrection bcc="0.0234" smirks="[$([#7X3]-[#6X3]=[#7,#8,#16]):1]-[#9:2]"/>
      <BondChargeCorrection bcc="0.0201" smirks="[$([#7X3]-[#6X3]=[#7,#8,#16]):1]-[#17:2]"/>
      <BondChargeCorrection bcc="0.0974" smirks="[$([#7X3]-[#6X3]=[#7,#8,#16]):1]-[#35:2]"/>
      <BondChargeCorrection bcc="0.1427" smirks="[$([#7X3]-[#6X3]=[#7,#8,#16]):1]-[#53:2]"/>
      <BondChargeCorrection bcc="-0.0604" smirks="[$([#7X3]-[#6X3]=[#7,#8,#16]):1]-[#1:2]"/>
      <BondChargeCorrection bcc="0.0" smirks="[#7X3+0;a:1]-[#7X3+0;a:2]"/>
      <BondChargeCorrection bcc="-0.0153" smirks="[#7X3+0;a:1]-[$([#7X3](~[#8X1])~[#8,#7]):2]"/>
      <BondChargeCorrection bcc="0.1105" smirks="[#7X3+0;a:1]-[#7X2:2]"/>
      <BondChargeCorrection bcc="-0.0358" smirks="[#7X3+0;a:1]-[#7X2+1:2]"/>
      <BondChargeCorrection bcc="0.2521" smirks="[#7X3+0;a:1]-[#7X2-1:2]"/>
      <BondChargeCorrection bcc="0.238" smirks="[#7X3+0;a:1]-[$([#7X2]=[!#6]):2]"/>
      <BondChargeCorrection bcc="0.0343" smirks="[#7X3+0;a:1]-[$([#7X2]-,=[#7X2]=,#[#7X1]):2]"/>
      <BondChargeCorrection bcc="-0.0127" smirks="[#7X3+0;a:1]-[#8:2]"/>
      <BondChargeCorrection bcc="0.1844" smirks="[#7X3+0;a:1]-[#15:2]"/>
      <BondChargeCorrection bcc="0.3017" smirks="[#7X3+0;a:1]-[#15X4,$([#15X3]=[*]):2]"/>
      <BondChargeCorrection bcc="0.1526" smirks="[#7X3+0;a:1]-[#16X2,#16X1:2]"/>
      <BondChargeCorrection bcc="0.3713" smirks="[#7X3+0;a:1]-[#16X3:2]"/>
      <BondChargeCorrection bcc="0.3922" smirks="[#7X3+0;a:1]-[#16X4:2]"/>
      <BondChargeCorrection bcc="-0.0487" smirks="[#7X3+0;a:1]-[#9:2]"/>
      <BondChargeCorrection bcc="0.0339" smirks="[#7X3+0;a:1]-[#17:2]"/>
      <BondChargeCorrection bcc="0.1194" smirks="[#7X3+0;a:1]-[#35:2]"/>
      <BondChargeCorrection bcc="0.1492" smirks="[#7X3+0;a:1]-[#53:2]"/>
      <BondChargeCorrection bcc="-0.0542" smirks="[#7X3+0;a:1]-[#1:2]"/>
      <BondChargeCorrection bcc="0.1417" smirks="[#7X3+1;a:1]-[#8:2]"/>
      <BondChargeCorrection bcc="-0.083" smirks="[#7X3+1;a:1]-[#1:2]"/>
      <BondChargeCorrection bcc="0.0" smirks="[$([#7X3](~[#8X1])~[#8,#7]):1]-[$([#7X3](~[#8X1])~[#8,#7]):2]"/>
      <BondChargeCorrection bcc="0.1574" smirks="[$([#7X3](~[#8X1])~[#8,#7]):1]-[#7X2:2]"/>
      <BondChargeCorrection bcc="0.193" smirks="[$([#7X3](~[#8X1])~[#8,#7]):1]-[#7X2-1:2]"/>
      <BondChargeCorrection bcc="0.2836" smirks="[$([#7X3](~[#8X1])~[#8,#7]):1]-[$([#7X2]=[!#6]):2]"/>
      <BondChargeCorrection bcc="0.1169" smirks="[$([#7X3](~[#8X1])~[#8,#7]):1]-[$([#7X2]-,=[#7X2]=,#[#7X1]):2]"/>
      <BondChargeCorrection bcc="0.1574" smirks="[$([#7X3](~[#8X1])~[#8,#7]):1]~[#8X1:2]"/>
      <BondChargeCorrection bcc="0.0734" smirks="[$([#7X3](~[#8X1])~[#8,#7]):1]-[#8X2:2]"/>
      <BondChargeCorrection bcc="0.0" smirks="[#7X2:1]-[#7X2:2]"/>
      <BondChargeCorrection bcc="-0.0419" smirks="[#7X2:1]-[#8:2]"/>
      <BondChargeCorrection bcc="-0.0524" smirks="[#7X2:1]-[#15:2]"/>
      <BondChargeCorrection bcc="0.2232" smirks="[#7X2:1]-[#15X4,$([#15X3]=[*]):2]"/>
      <BondChargeCorrection bcc="0.0195" smirks="[#7X2:1]-[#16X2,#16X1:2]"/>
      <BondChargeCorrection bcc="0.3281" smirks="[#7X2:1]-[#16X3:2]"/>
      <BondChargeCorrection bcc="0.3524" smirks="[#7X2:1]-[#16X4:2]"/>
      <BondChargeCorrection bcc="-0.0052" smirks="[#7X2:1]-[#9:2]"/>
      <BondChargeCorrection bcc="-0.031" smirks="[#7X2:1]-[#17:2]"/>
      <BondChargeCorrection bcc="0.0373" smirks="[#7X2:1]-[#35:2]"/>
      <BondChargeCorrection bcc="0.0875" smirks="[#7X2:1]-[#53:2]"/>
      <BondChargeCorrection bcc="-0.2291" smirks="[#7X2:1]-[#1:2]"/>
      <BondChargeCorrection bcc="0.467" smirks="[#7X2-1:1]-[#16X4:2]"/>
      <BondChargeCorrection bcc="-0.2384" smirks="[#7X2-1:1]-[#1:2]"/>
      <BondChargeCorrection bcc="0.0" smirks="[#8:1]-[#8:2]"/>
      <BondChargeCorrection bcc="0.0383" smirks="[#8:1]-[#15:2]"/>
      <BondChargeCorrection bcc="0.3155" smirks="[#8X2:1]-[#15X4,$([#15X3]=[*]):2]"/>
      <BondChargeCorrection bcc="0.1731" smirks="[#8X2:1]-[#16X2,#16X1:2]"/>
      <BondChargeCorrection bcc="0.2641" smirks="[#8X2:1]-[#16X3:2]"/>
      <BondChargeCorrection bcc="0.3232" smirks="[#8X2:1]-[#16X4:2]"/>
      <BondChargeCorrection bcc="0.3741" smirks="[#8X1:1]~[#15:2]"/>
      <BondChargeCorrection bcc="0.302" smirks="[#8X1:1]~[#16X3:2]"/>
      <BondChargeCorrection bcc="0.3227" smirks="[#8X1:1]~[#16X4:2]"/>
      <BondChargeCorrection bcc="0.0677" smirks="[#8:1]-[#9:2]"/>
      <BondChargeCorrection bcc="-0.0126" smirks="[#8:1]-[#17:2]"/>
      <BondChargeCorrection bcc="0.0469" smirks="[#8:1]-[#35:2]"/>
      <BondChargeCorrection bcc="0.068" smirks="[#8:1]-[#53:2]"/>
      <BondChargeCorrection bcc="-0.2015" smirks="[#8:1]-[#1:2]"/>
      <BondChargeCorrection bcc="0.0" smirks="[#15:1]-[#15:2]"/>
      <BondChargeCorrection bcc="0.5053" smirks="[#15:1]-[#15X4,$([#15X3]=[*]):2]"/>
      <BondChargeCorrection bcc="-0.0476" smirks="[#15:1]-[#16X2,#16X1:2]"/>
      <BondChargeCorrection bcc="0.4822" smirks="[#15:1]-[#16X3:2]"/>
      <BondChargeCorrection bcc="0.783" smirks="[#15:1]-[#16X4:2]"/>
      <BondChargeCorrection bcc="-0.1748" smirks="[#15:1]-[#9:2]"/>
      <BondChargeCorrection bcc="-0.0587" smirks="[#15:1]-[#17:2]"/>
      <BondChargeCorrection bcc="0.0287" smirks="[#15:1]-[#35:2]"/>
      <BondChargeCorrection bcc="0.2093" smirks="[#15:1]-[#53:2]"/>
      <BondChargeCorrection bcc="-0.0731" smirks="[#15:1]-[#1:2]"/>
      <BondChargeCorrection bcc="0.0" smirks="[#15X4,$([#15X3]=[*]):1]-[#15X4,$([#15X3]=[*]):2]"/>
      <BondChargeCorrection bcc="-0.426" smirks="[#15X4,$([#15X3]=[*]):1]-[#16X2,#16X1:2]"/>
      <BondChargeCorrection bcc="-0.2272" smirks="[#15X4,$([#15X3]=[*]):1]-[#16X3:2]"/>
      <BondChargeCorrection bcc="-0.3558" smirks="[#15X4,$([#15X3]=[*]):1]-[#16X4:2]"/>
      <BondChargeCorrection bcc="-0.2178" smirks="[#15X4,$([#15X3]=[*]):1]-[#9:2]"/>
      <BondChargeCorrection bcc="-0.2557" smirks="[#15X4,$([#15X3]=[*]):1]-[#17:2]"/>
      <BondChargeCorrection bcc="-0.2609" smirks="[#15X4,$([#15X3]=[*]):1]-[#35:2]"/>
      <BondChargeCorrection bcc="-0.0569" smirks="[#15X4,$([#15X3]=[*]):1]-[#53:2]"/>
      <BondChargeCorrection bcc="-0.432" smirks="[#15X4,$([#15X3]=[*]):1]-[#1:2]"/>
      <BondChargeCorrection bcc="0.0" smirks="[#16X2,#16X1:1]-[#16X2,#16X1:2]"/>
      <BondChargeCorrection bcc="0.3129" smirks="[#16X2,#16X1:1]-[#16X3:2]"/>
      <BondChargeCorrection bcc="0.5412" smirks="[#16X2,#16X1:1]-[#16X4:2]"/>
      <BondChargeCorrection bcc="-0.0555" smirks="[#16X2,#16X1:1]-[#9:2]"/>
      <BondChargeCorrection bcc="0.0314" smirks="[#16X2,#16X1:1]-[#17:2]"/>
      <BondChargeCorrection bcc="0.0585" smirks="[#16X2,#16X1:1]-[#35:2]"/>
      <BondChargeCorrection bcc="0.1167" smirks="[#16X2,#16X1:1]-[#53:2]"/>
      <BondChargeCorrection bcc="-0.1422" smirks="[#16X2,#16X1:1]-[#1:2]"/>
      <BondChargeCorrection bcc="0.0" smirks="[#16X3:1]-[#16X3:2]"/>
      <BondChargeCorrection bcc="-0.0105" smirks="[#16X3:1]-[#16X4:2]"/>
      <BondChargeCorrection bcc="-0.2117" smirks="[#16X3:1]-[#9:2]"/>
      <BondChargeCorrection bcc="-0.1781" smirks="[#16X3:1]-[#17:2]"/>
      <BondChargeCorrection bcc="-0.1749" smirks="[#16X3:1]-[#35:2]"/>
      <BondChargeCorrection bcc="-0.0284" smirks="[#16X3:1]-[#53:2]"/>
      <BondChargeCorrection bcc="-0.3727" smirks="[#16X3:1]-[#1:2]"/>
      <BondChargeCorrection bcc="0.0" smirks="[#16X4:1]-[#16X4:2]"/>
      <BondChargeCorrection bcc="-0.2198" smirks="[#16X4:1]-[#9:2]"/>
      <BondChargeCorrection bcc="-0.3252" smirks="[#16X4:1]-[#17:2]"/>
      <BondChargeCorrection bcc="-0.3051" smirks="[#16X4:1]-[#35:2]"/>
      <BondChargeCorrection bcc="-0.1483" smirks="[#16X4:1]-[#53:2]"/>
      <BondChargeCorrection bcc="-0.4986" smirks="[#16X4:1]-[#1:2]"/>
      <BondChargeCorrection bcc="0.0" smirks="[#6X2:1]=[#6X2:2]"/>
      <BondChargeCorrection bcc="0.0534" smirks="[#6X2:1]=[#6X3:2]"/>
      <BondChargeCorrection bcc="0.1701" smirks="[#6X2:1]=[#7:2]"/>
      <BondChargeCorrection bcc="0.1371" smirks="[#6X2:1]=[#8:2]"/>
      <BondChargeCorrection bcc="0.4455" smirks="[#6X2:1]=[#16:2]"/>
      <BondChargeCorrection bcc="0.0" smirks="[#6X3:1]=[#6X3:2]"/>
      <BondChargeCorrection bcc="0.3116" smirks="[#6X3:1]=[#7X2:2]"/>
      <BondChargeCorrection bcc="0.0257" smirks="[#6X3:1]=[#7X2+1:2]"/>
      <BondChargeCorrection bcc="0.2088" smirks="[#6X3:1]=[#7X3+1:2]"/>
      <BondChargeCorrection bcc="0.1333" smirks="[$([#6X3](=[#7X3H2+])~[#7X3H2]):1]~[#7H2:2]"/>
      <BondChargeCorrection bcc="0.2621" smirks="[#6X3:1]=[#8:2]"/>
      <BondChargeCorrection bcc="0.2592" smirks="[$([#6X3](~[#8X1])~[#8X1]):1]~[#8X1:2]"/>
      <BondChargeCorrection bcc="0.2275" smirks="[#6X3:1]=[#15:2]"/>
      <BondChargeCorrection bcc="0.3135" smirks="[#6X3:1]=[#16:2]"/>
      <BondChargeCorrection bcc="0.0" smirks="[#7:1]=[#7:2]"/>
      <BondChargeCorrection bcc="-0.2344" smirks="[#7X1:1]=,#[#7X2+:2]"/>
      <BondChargeCorrection bcc="0.1627" smirks="[$([#7X2+](~[#7X2])~[#7X1]):1]-,=[#7X2:2]"/>
      <BondChargeCorrection bcc="-0.035" smirks="[#7X2:1]=[#8:2]"/>
      <BondChargeCorrection bcc="0.0215" smirks="[#7:1]=[#15:2]"/>
      <BondChargeCorrection bcc="0.6125" smirks="[#7:1]=[#15X4,$([#15X3]=[*]):2]"/>
      <BondChargeCorrection bcc="0.1453" smirks="[#7:1]=[#16X2,#16X1:2]"/>
      <BondChargeCorrection bcc="0.3954" smirks="[#7:1]=[#16X3:2]"/>
      <BondChargeCorrection bcc="0.4237" smirks="[#7:1]=[#16X4:2]"/>
      <BondChargeCorrection bcc="0.0" smirks="[#15:1]=[#15:2]"/>
      <BondChargeCorrection bcc="-0.6046" smirks="[#15:1]=[#16:2]"/>
      <BondChargeCorrection bcc="0.0" smirks="[#6:1]#[#6:2]"/>
      <BondChargeCorrection bcc="0.3915" smirks="[#6:1]#[#7:2]"/>
      <BondChargeCorrection bcc="0.0" smirks="[#6:1]:[#6:2]"/>
      <BondChargeCorrection bcc="-0.0264" smirks="[#6X3;a;r5:1]:[#7:2]"/>
      <BondChargeCorrection bcc="0.0283" smirks="[#6X3;a;r5:1]:[#7+1:2]"/>
      <BondChargeCorrection bcc="0.0846" smirks="[#6X3;a;r5:1]:[$([#7]~[#0]):2]"/>
      <BondChargeCorrection bcc="0.0455" smirks="[#6X3;a;r5:1]:[#8:2]"/>
      <BondChargeCorrection bcc="0.1833" smirks="[#6X3;a;r5:1]:[#15:2]"/>
      <BondChargeCorrection bcc="0.2678" smirks="[#6X3;a;r5:1]:[#16:2]"/>
      <BondChargeCorrection bcc="-0.0024" smirks="[#6X3;a;r6:1]:[#7:2]"/>
      <BondChargeCorrection bcc="-0.0032" smirks="[#6X3;a;r6:1]:[#7+1:2]"/>
      <BondChargeCorrection bcc="0.0664" smirks="[#6X3;a;r6:1]:[$([#7]~[#0]):2]"/>
      <BondChargeCorrection bcc="0.1864" smirks="[#6X3;a;r6:1]:[#8X2,#16X2:2]"/>
      <BondChargeCorrection bcc="-0.0008" smirks="[#6X3;a:1]:[$([#6X3;a]:[#7]):2]"/>
      <BondChargeCorrection bcc="-0.0167" smirks="[#6X3;a:1]:[$([#6X3;a]:[#7+1]):2]"/>
      <BondChargeCorrection bcc="-0.0205" smirks="[#6X3;a:1]:[$([#6X3;a]:[#8]):2]"/>
      <BondChargeCorrection bcc="0.0088" smirks="[#6X3;a:1]:[$([#6X3;a]:[#15]):2]"/>
      <BondChargeCorrection bcc="0.0315" smirks="[#6X3;a:1]:[$([#6X3;a]:[#16]):2]"/>
      <BondChargeCorrection bcc="0.0" smirks="[$([#6X3;a]:[!#6]):1]:[$([#6X3;a]:[!#6]):2]"/>
      <BondChargeCorrection bcc="0.0631" smirks="[$([#6X3;a](:[a])(:[a]):[a]):1]:[#6X3;a;r5:2]"/>
      <BondChargeCorrection bcc="0.0732" smirks="[$([#6X3;a](:[a])(:[a]):[a]):1]:[$([#6X3;a;r5]:[#7]):2]"/>
      <BondChargeCorrection bcc="-0.002" smirks="[$([#6X3;a](:[a])(:[a]):[a]):1]:[$([#6X3;a;r5]:[#8]):2]"/>
      <BondChargeCorrection bcc="0.1566" smirks="[$([#6X3;a](:[a])(:[a]):[a]):1]:[$([#6X3;a;r5]:[#16]):2]"/>
      <BondChargeCorrection bcc="0.0796" smirks="[$([#6X3;a](:[a])(:[a]):[a]):1]:[#6X3;a;r6:2]"/>
      <BondChargeCorrection bcc="0.0625" smirks="[$([#6X3;a](:[a])(:[a]):[a]):1]:[$([#6X3;a;r6]:[#7,#8]):2]"/>
      <BondChargeCorrection bcc="0.0011" smirks="[$([#6X3;a](:[a])(:[a]):[a]):1]:[#7:2]"/>
      <BondChargeCorrection bcc="0.002" smirks="[$([#6X3;a](:[a])(:[a]):[a]):1]:[#7+1:2]"/>
      <BondChargeCorrection bcc="0.1009" smirks="[$([#6X3;a](:[a])(:[a]):[a]):1]:[$([#7]~[#0]):2]"/>
      <BondChargeCorrection bcc="0.04" smirks="[$([#6X3;a](:[a])(:[a]):[a]):1]:[#8:2]"/>
      <BondChargeCorrection bcc="0.2959" smirks="[$([#6X3;a](:[a])(:[a]):[a]):1]:[#16:2]"/>
      <BondChargeCorrection bcc="0.0" smirks="[$([#6X3;a](:[a])(:[a]):[a]):1]:[$([#6X3;a](:[a])(:[a]):[a]):2]"/>
      <BondChargeCorrection bcc="0.0" smirks="[#7:1]:[#7:2]"/>
      <BondChargeCorrection bcc="0.3978" smirks="[#7+0:1]:[#7+1:2]"/>
      <BondChargeCorrection bcc="-0.0071" smirks="[#7;r5:1]:[$([#7;r5]:[#7]~[#0]):2]"/>
      <BondChargeCorrection bcc="0.0655" smirks="[#7;r5:1]:[$([#7;r5]:[#8]):2]"/>
      <BondChargeCorrection bcc="0.0137" smirks="[#7;r5:1]:[$([#7;r5]:[#16]):2]"/>
      <BondChargeCorrection bcc="0.043" smirks="[$([#7X3]-[!#0]):1]:[$([#7]~[#0]):2]"/>
      <BondChargeCorrection bcc="0.0236" smirks="[#7:1]:[#8:2]"/>
      <BondChargeCorrection bcc="0.0807" smirks="[$([#7]~[#0]):1]:[#8:2]"/>
      <BondChargeCorrection bcc="0.1321" smirks="[#7:1]:[#15:2]"/>
      <BondChargeCorrection bcc="0.0692" smirks="[$([#7]~[#0]):1]:[#15:2]"/>
      <BondChargeCorrection bcc="0.2357" smirks="[#7:1]:[#16:2]"/>
      <BondChargeCorrection bcc="0.1632" smirks="[$([#7]~[#0]):1]:[#16:2]"/>
      <BondChargeCorrection bcc="0.0" smirks="[#8:1]:[#8:2]"/>
      <BondChargeCorrection bcc="0.0663" smirks="[#8:1]:[#15:2]"/>
      <BondChargeCorrection bcc="0.0" smirks="[#15:1]:[#15:2]"/>
      <BondChargeCorrection bcc="0.0872" smirks="[#15:1]:[#16:2]"/>
      <BondChargeCorrection bcc="0.0" smirks="[#16:1]:[#16:2]"/>
      <BondChargeCorrection smirks="[#0:1]~[#17:2]" bcc="0.0329"/>
      <BondChargeCorrection smirks="[#0:1]~[#35:2]" bcc="0.0593"/>
      <BondChargeCorrection smirks="[#0:1]~[#53:2]" bcc="0.077"/>
      <BondChargeCorrection smirks="[#0:1]~[#7:2]" bcc="-0.4299"/>
      <BondChargeCorrection smirks="[#0:1]~[$([#7](:[#6]):[#7]):2]" bcc="-0.5361"/>
      <BondChargeCorrection smirks="[#0:1]~[$([#7](:[#6]):[#8]):2]" bcc="-0.7177"/>
      <BondChargeCorrection smirks="[#0:1]~[$([#7](:[#6]):[#16]):2]" bcc="-0.4776"/>
      <BondChargeCorrection smirks="[#0:1]~[$([#7](:[#7]):[#7]):2]" bcc="-0.576"/>
      <BondChargeCorrection smirks="[#0:1]~[$([#7](:[#7]):[#8]):2]" bcc="-0.645"/>
      <BondChargeCorrection smirks="[#0:1]~[$([#7](:[#7]):[#16]):2]" bcc="-0.5255"/>
      <BondChargeCorrection smirks="[#8H2:1]-[#1:2]" bcc="0.0" mask="true"/>
   </CoulombForce>
   <LennardJonesForce lj14scale="0.5">
      <Atom sigma="0.24767939746379852" epsilon="0.0869048" type="gaff2-hc"/>
      <Atom sigma="0.2339288741350174" epsilon="0.0873315" type="gaff2-h1"/>
      <Atom sigma="0.22374017536640167" epsilon="0.0870207" type="gaff2-h2"/>
      <Atom sigma="0.2065631002187729" epsilon="0.0870294" type="gaff2-h3"/>
      <Atom sigma="0.2603960633277893" epsilon="0.0672997" type="gaff2-ha"/>
      <Atom sigma="0.2533380389213562" epsilon="0.0674981" type="gaff2-h4"/>
      <Atom sigma="0.2436663955450058" epsilon="0.0671937" type="gaff2-h5"/>
      <Atom sigma="0.18918496370315552" epsilon="0.0873133" type="gaff2-hx"/>
      <Atom sigma="0.09092310816049576" epsilon="0.0349833" type="gaff2-hn"/>
      <Atom sigma="0.05345137044787407" epsilon="0.0196787" type="gaff2-ho"/>
      <Atom sigma="1.0" epsilon="0.0" type="tip3p-hw" mask="true"/>
      <Atom sigma="0.10746020078659058" epsilon="0.0602496" type="gaff2-hp"/>
      <Atom sigma="0.10897123068571091" epsilon="0.0519356" type="gaff2-hs"/>
      <Atom sigma="0.3478339612483978" epsilon="0.6677915" type="gaff2-c1,cg,ch"/>
      <Atom sigma="0.3328550457954407" epsilon="0.4145119" type="gaff2-c,cs,c2,ca,cp,cq,cc,cd,ce,cf,cu,cv,cz"/>
      <Atom sigma="0.33816108107566833" epsilon="0.4528892" type="gaff2-c3,cx,cy"/>
      <Atom sigma="0.33147168159484863" epsilon="0.393467" type="gaff2-n2,nb,nc,nd,ne,nf"/>
      <Atom sigma="0.327351838350296" epsilon="0.4594032" type="gaff2-n1"/>
      <Atom sigma="0.332706481218338" epsilon="0.3588123" type="gaff2-n3,no"/>
      <Atom sigma="0.34141409397125244" epsilon="0.2176652" type="gaff2-n7"/>
      <Atom sigma="0.353676438331604" epsilon="0.1335564" type="gaff2-n8"/>
      <Atom sigma="0.3189952075481415" epsilon="0.89956" type="gaff2-nh"/>
      <Atom sigma="0.3279041821987333" epsilon="0.646428" type="gaff2-nu"/>
      <Atom sigma="0.33384642004966736" epsilon="0.4685966" type="gaff2-nv"/>
      <Atom sigma="0.31319501996040344" epsilon="0.8543006" type="gaff2-na"/>
      <Atom sigma="0.2499975860118866" epsilon="16.2121639" type="gaff2-n4"/>
      <Atom sigma="0.2580712139606476" epsilon="10.6495352" type="gaff2-nx"/>
      <Atom sigma="0.2662583589553833" epsilon="7.0956454" type="gaff2-ny"/>
      <Atom sigma="0.2692491114139557" epsilon="4.7906771" type="gaff2-nz"/>
      <Atom sigma="0.31805405020713806" epsilon="0.6845029" type="gaff2-n"/>
      <Atom sigma="0.32662996649742126" epsilon="0.4912115" type="gaff2-ns"/>
      <Atom sigma="0.333770215511322" epsilon="0.3560182" type="gaff2-nt"/>
      <Atom sigma="0.2822749614715576" epsilon="3.275219" type="gaff2-n+"/>
      <Atom sigma="0.40215837955474854" epsilon="0.038399" type="gaff2-n9"/>
      <Atom sigma="0.3101451098918915" epsilon="0.303558" type="gaff2-os"/>
      <Atom sigma="0.2924017608165741" epsilon="0.6121048" type="gaff2-o"/>
      <Atom sigma="0.31368088722229004" epsilon="0.388787" type="gaff2-oh"/>
      <Atom sigma="0.35106098651885986" epsilon="0.636386" type="tip3p-ow" mask="true"/>
      <Atom sigma="0.2999347746372223" epsilon="0.3480076" type="gaff2-f"/>
      <Atom sigma="0.3692130446434021" epsilon="0.9602323" type="gaff2-p*"/>
      <Atom sigma="0.35104188323020935" epsilon="1.1817131" type="gaff2-s*"/>
      <Atom sigma="0.3467167019844055" epsilon="1.1037576" type="gaff2-cl"/>
      <Atom sigma="0.36128994822502136" epsilon="1.6451558" type="gaff2-br"/>
      <Atom sigma="0.38411879539489746" epsilon="2.0731721" type="gaff2-i"/>
      <Atom sigma="0.0" epsilon="0.0" type="EP" mask="true"/>
      <Atom epsilon="0.359824" sigma="0.3399669508423535" type="protein-C"/>
      <Atom epsilon="0.359824" sigma="0.3399669508423535" type="protein-CA"/>
      <Atom epsilon="0.359824" sigma="0.3399669508423535" type="protein-CB"/>
      <Atom epsilon="0.359824" sigma="0.3399669508423535" type="protein-CC"/>
      <Atom epsilon="0.359824" sigma="0.3399669508423535" type="protein-CN"/>
      <Atom epsilon="0.359824" sigma="0.3399669508423535" type="protein-CR"/>
      <Atom epsilon="0.4577296" sigma="0.3399669508423535" type="protein-CT"/>
      <Atom epsilon="0.359824" sigma="0.3399669508423535" type="protein-CV"/>
      <Atom epsilon="0.359824" sigma="0.3399669508423535" type="protein-CW"/>
      <Atom epsilon="0.359824" sigma="0.3399669508423535" type="protein-C*"/>
      <Atom epsilon="0.4577296" sigma="0.3399669508423535" type="protein-CX"/>
      <Atom epsilon="0.06568879999999999" sigma="0.10690784617684071" type="protein-H"/>
      <Atom epsilon="0.06568879999999999" sigma="0.2649532787749369" type="protein-HC"/>
      <Atom epsilon="0.06568879999999999" sigma="0.2471353044121301" type="protein-H1"/>
      <Atom epsilon="0.06276" sigma="0.25996424595335105" type="protein-HA"/>
      <Atom epsilon="0.06276" sigma="0.2510552587719476" type="protein-H4"/>
      <Atom epsilon="0.06276" sigma="0.24214627159054422" type="protein-H5"/>
      <Atom epsilon="0.0" sigma="1.0" type="protein-HO"/>
      <Atom epsilon="0.06568879999999999" sigma="0.10690784617684071" type="protein-HS"/>
      <Atom epsilon="0.06568879999999999" sigma="0.19599771799087468" type="protein-HP"/>
      <Atom epsilon="0.7112800000000001" sigma="0.3249998523775958" type="protein-N"/>
      <Atom epsilon="0.7112800000000001" sigma="0.3249998523775958" type="protein-NA"/>
      <Atom epsilon="0.7112800000000001" sigma="0.3249998523775958" type="protein-NB"/>
      <Atom epsilon="0.7112800000000001" sigma="0.3249998523775958" type="protein-N2"/>
      <Atom epsilon="0.7112800000000001" sigma="0.3249998523775958" type="protein-N3"/>
      <Atom epsilon="0.87864" sigma="0.2959921901149463" type="protein-O"/>
      <Atom epsilon="0.87864" sigma="0.2959921901149463" type="protein-O2"/>
      <Atom epsilon="0.8803136" sigma="0.3066473387839048" type="protein-OH"/>
      <Atom epsilon="1.046" sigma="0.35635948725613575" type="protein-S"/>
      <Atom epsilon="1.046" sigma="0.35635948725613575" type="protein-SH"/>
      <Atom epsilon="0.359824" sigma="0.3399669508423535" type="protein-CO"/>
      <Atom epsilon="0.4577296" sigma="0.3399669508423535" type="protein-2C"/>
      <Atom epsilon="0.4577296" sigma="0.3399669508423535" type="protein-3C"/>
      <Atom epsilon="0.4577296" sigma="0.3399669508423535" type="protein-C8"/>
   </LennardJonesForce>
</ForceField>
